<?xml version="1.0" encoding="UTF-8" ?>
<testsuites id="2026-07-02" name="report_337" tests="100" failures="1" skipped="0" flaky="0" time="0.000">
	<testsuite id="0" name="ui_integration_test" package="scripts/tests" timestamp="2026-07-02T12:19:25" hostname="localhost" tests="100" failures="1" errors="0" skipped="0" flaky="0" time="641.397">
		<testcase name="test_keyboard_tool_switching" classname="ui_integration_test" time="12.417">
		</testcase>
		<testcase name="test_keyboard_element_selection" classname="ui_integration_test" time="3.643">
		</testcase>
		<testcase name="test_click_wyckoff_marker_places_atom" classname="ui_integration_test" time="5.506">
		</testcase>
		<testcase name="test_forbidden_tools_blocked_in_ui" classname="ui_integration_test" time="5.256">
		</testcase>
		<testcase name="test_full_level_completion_via_ui" classname="ui_integration_test" time="81.596">
		</testcase>
		<testcase name="test_esc_pause_dialog" classname="ui_integration_test" time="6.885">
		</testcase>
		<testcase name="test_delete_atom_via_ui" classname="ui_integration_test" time="5.622">
		</testcase>
		<testcase name="test_auto_bond_on_placement" classname="ui_integration_test" time="4.518">
		</testcase>
		<testcase name="test_undo_redo_via_keyboard" classname="ui_integration_test" time="5.445">
		</testcase>
		<testcase name="test_level_complete_popup" classname="ui_integration_test" time="5.642">
		</testcase>
		<testcase name="test_level_failed_popup" classname="ui_integration_test" time="5.347">
		</testcase>
		<testcase name="test_goal_updated_signal_reaches_objective_panel" classname="ui_integration_test" time="5.314">
		</testcase>
		<testcase name="test_camera_scale_cycling" classname="ui_integration_test" time="5.390">
		</testcase>
		<testcase name="test_level_switch_no_state_leak" classname="ui_integration_test" time="6.869">
		</testcase>
		<testcase name="test_ca_mode_initialization" classname="ui_integration_test" time="2.431">
		</testcase>
		<testcase name="test_ca_single_step_evolution" classname="ui_integration_test" time="2.441">
		</testcase>
		<testcase name="test_ca_auto_evolve_toggle" classname="ui_integration_test" time="2.449">
		</testcase>
		<testcase name="test_tool_panel_signal_to_canvas" classname="ui_integration_test" time="5.272">
		</testcase>
		<testcase name="test_rapid_atom_placement" classname="ui_integration_test" time="72.363">
		</testcase>
		<testcase name="test_verification_panel_interaction" classname="ui_integration_test" time="22.332">
		</testcase>
		<testcase name="test_conservation_state_change_audio_chain" classname="ui_integration_test" time="5.321">
		</testcase>
		<testcase name="test_substitute_atom_via_ui" classname="ui_integration_test" time="5.366">
		</testcase>
		<testcase name="test_next_level_button_signal" classname="ui_integration_test" time="7.255">
		</testcase>
		<testcase name="test_rapid_level_switching" classname="ui_integration_test" time="11.952">
		</testcase>
		<testcase name="test_disintegration_chain" classname="ui_integration_test" time="5.213">
		</testcase>
		<testcase name="test_camera_focus_on" classname="ui_integration_test" time="5.155">
		</testcase>
		<testcase name="test_camera_distance_api" classname="ui_integration_test" time="5.081">
		</testcase>
		<testcase name="test_camera_cycle_scale_direct" classname="ui_integration_test" time="5.043">
		</testcase>
		<testcase name="test_camera_apply_level_scale" classname="ui_integration_test" time="5.077">
		</testcase>
		<testcase name="test_camera_orbit_api" classname="ui_integration_test" time="5.093">
		</testcase>
		<testcase name="test_fog_create_semi_decidable" classname="ui_integration_test" time="2.023">
		</testcase>
		<testcase name="test_fog_create_undecidable" classname="ui_integration_test" time="0.840">
		</testcase>
		<testcase name="test_fog_create_independent" classname="ui_integration_test" time="0.823">
		</testcase>
		<testcase name="test_fog_created_signal" classname="ui_integration_test" time="0.832">
		</testcase>
		<testcase name="test_conservation_perturbation_changes_matrix" classname="ui_integration_test" time="0.932">
		</testcase>
		<testcase name="test_conservation_tune_api" classname="ui_integration_test" time="0.856">
		</testcase>
		<testcase name="test_conservation_tune_out_of_range" classname="ui_integration_test" time="0.818">
		</testcase>
		<testcase name="test_conservation_set_get_entry" classname="ui_integration_test" time="0.795">
		</testcase>
		<testcase name="test_conservation_deviation_summary" classname="ui_integration_test" time="0.799">
		</testcase>
		<testcase name="test_conservation_reset_to_safe_state" classname="ui_integration_test" time="0.860">
		</testcase>
		<testcase name="test_conservation_state_color" classname="ui_integration_test" time="0.810">
		</testcase>
		<testcase name="test_tool_panel_buttons_exist" classname="ui_integration_test" time="4.288">
		</testcase>
		<testcase name="test_tool_panel_extra_buttons_created" classname="ui_integration_test" time="5.099">
		</testcase>
		<testcase name="test_tool_panel_active_tool_highlight" classname="ui_integration_test" time="5.322">
		</testcase>
		<testcase name="test_tool_panel_on_tool_changed" classname="ui_integration_test" time="5.184">
		</testcase>
		<testcase name="test_tool_panel_contextual_tools" classname="ui_integration_test" time="5.179">
		</testcase>
		<testcase name="test_proof_panel_methods_exist" classname="ui_integration_test" time="5.091">
		</testcase>
		<testcase name="test_proof_panel_rebuild_after_add" classname="ui_integration_test" time="5.141">
		</testcase>
		<testcase name="test_objective_panel_methods_exist" classname="ui_integration_test" time="5.120">
		</testcase>
		<testcase name="test_objective_panel_collapse_toggle" classname="ui_integration_test" time="5.314">
		</testcase>
		<testcase name="test_objective_panel_test_signal" classname="ui_integration_test" time="5.281">
		</testcase>
		<testcase name="test_conservation_hud_methods_exist" classname="ui_integration_test" time="5.165">
		</testcase>
		<testcase name="test_conservation_hud_flash_row" classname="ui_integration_test" time="5.115">
		</testcase>
		<testcase name="test_canvas_set_tool_rejects_invalid_index" classname="ui_integration_test" time="5.257">
		</testcase>
		<testcase name="test_canvas_get_current_element_info" classname="ui_integration_test" time="5.031">
		</testcase>
		<testcase name="test_canvas_clear_structure" classname="ui_integration_test" time="5.158">
		</testcase>
		<testcase name="test_canvas_set_space_group" classname="ui_integration_test" time="6.704">
		</testcase>
		<testcase name="test_canvas_tune_matrix_row" classname="ui_integration_test" time="5.104">
		</testcase>
		<testcase name="test_canvas_detonate_atom" classname="ui_integration_test" time="5.263">
		</testcase>
		<testcase name="test_canvas_codex_interfaces" classname="ui_integration_test" time="5.097">
		</testcase>
		<testcase name="test_canvas_get_effect_manager" classname="ui_integration_test" time="5.146">
		</testcase>
		<testcase name="test_canvas_signal_connections" classname="ui_integration_test" time="5.175">
		</testcase>
		<testcase name="test_atom_mgr_substitute_to" classname="ui_integration_test" time="5.415">
		</testcase>
		<testcase name="test_atom_mgr_restore_atom" classname="ui_integration_test" time="5.281">
		</testcase>
		<testcase name="test_atom_mgr_select_atom" classname="ui_integration_test" time="5.364">
		</testcase>
		<testcase name="test_atom_mgr_set_level_elements" classname="ui_integration_test" time="5.069">
		</testcase>
		<testcase name="test_level_manager_register_atom" classname="ui_integration_test" time="5.179">
		</testcase>
		<testcase name="test_level_manager_register_bond" classname="ui_integration_test" time="5.151">
		</testcase>
		<testcase name="test_level_manager_register_assembly" classname="ui_integration_test" time="5.252">
		</testcase>
		<testcase name="test_level_manager_register_path_node" classname="ui_integration_test" time="5.176">
		</testcase>
		<testcase name="test_level_manager_register_ca_step" classname="ui_integration_test" time="5.075">
		</testcase>
		<testcase name="test_level_manager_register_ca_seed_save" classname="ui_integration_test" time="5.183">
		</testcase>
		<testcase name="test_level_manager_forbidden_tools_api" classname="ui_integration_test" time="5.311">
		</testcase>
		<testcase name="test_level_manager_constraint_status" classname="ui_integration_test" time="5.200">
		</testcase>
		<testcase name="test_level_manager_goal_progress" classname="ui_integration_test" time="5.213">
		</testcase>
		<testcase name="test_level_manager_metrics_api" classname="ui_integration_test" time="5.180">
		</testcase>
		<testcase name="test_level_manager_test_structure" classname="ui_integration_test" time="5.274">
		</testcase>
		<testcase name="test_level_manager_available_tools" classname="ui_integration_test" time="5.094">
		</testcase>
		<testcase name="test_level_manager_domain_info" classname="ui_integration_test" time="5.201">
		</testcase>
		<testcase name="test_level_manager_scale_info" classname="ui_integration_test" time="5.252">
		</testcase>
		<testcase name="test_game_toggle_fog_overlay" classname="ui_integration_test" time="5.305">
		</testcase>
		<testcase name="test_game_level_complete_popup_structure" classname="ui_integration_test" time="5.073">
		</testcase>
		<testcase name="test_game_level_failed_popup_structure" classname="ui_integration_test" time="5.168">
		</testcase>
		<testcase name="test_game_on_level_completed_updates_popup" classname="ui_integration_test" time="5.309">
		</testcase>
		<testcase name="test_game_on_level_failed_sets_reason" classname="ui_integration_test" time="5.277">
		</testcase>
		<testcase name="test_game_on_level_loaded_music_switch" classname="ui_integration_test" time="6.348">
		</testcase>
		<testcase name="test_game_hint_bar_exists" classname="ui_integration_test" time="5.303">
		</testcase>
		<testcase name="test_game_chapter_transition_exists" classname="ui_integration_test" time="5.143">
		</testcase>
		<testcase name="test_level_manager_mark_verification_done" classname="ui_integration_test" time="5.211">
		</testcase>
		<testcase name="test_level_manager_verify_goals" classname="ui_integration_test" time="5.081">
		</testcase>
		<testcase name="test_level_manager_check_goals" classname="ui_integration_test" time="5.430">
		</testcase>
		<testcase name="test_ca_seed_save_list" classname="ui_integration_test" time="3.354">
		</testcase>
		<testcase name="test_ca_seed_load" classname="ui_integration_test" time="3.440">
		</testcase>
		<testcase name="test_ca_seed_export_import" classname="ui_integration_test" time="3.393">
		</testcase>
		<testcase name="test_sandbox_manager_exists" classname="ui_integration_test" time="4.284">
		</testcase>
		<testcase name="test_undo_redo_manager_exists" classname="ui_integration_test" time="5.178">
		</testcase>
		<testcase name="test_undo_redo_clear" classname="ui_integration_test" time="5.121">
		</testcase>
		<testcase name="test_verification_animator_exists" classname="ui_integration_test" time="5.257">
		</testcase>
		<testcase name="test_verification_animator_initial_state" classname="ui_integration_test" time="5.153">
		</testcase>
		<testcase name="test_end_to_end_place_delete_undo_redo" classname="ui_integration_test" time="5.655">
			<failure message="FAILED: res://scripts/tests/ui_integration_test.gd:1730" type="FAILURE">
<![CDATA[
Expecting: 'true' but is 'false'
]]>
			</failure>
		</testcase>
	</testsuite>
</testsuites>
