<?xml version="1.0" encoding="UTF-8" ?>
<testsuites id="2026-07-02" name="report_336" tests="289" failures="0" skipped="0" flaky="0" time="0.000">
	<testsuite id="0" name="achievement_manager_test" package="scripts/tests" timestamp="2026-07-02T10:26:17" hostname="localhost" tests="17" failures="0" errors="0" skipped="0" flaky="0" time="0.800">
		<testcase name="test_definitions_loaded" classname="achievement_manager_test" time="0.023">
		</testcase>
		<testcase name="test_is_unlocked_false_initially" classname="achievement_manager_test" time="0.025">
		</testcase>
		<testcase name="test_unlocked_count_zero_initially" classname="achievement_manager_test" time="0.024">
		</testcase>
		<testcase name="test_get_title" classname="achievement_manager_test" time="0.024">
		</testcase>
		<testcase name="test_get_progress" classname="achievement_manager_test" time="0.022">
		</testcase>
		<testcase name="test_unlock_single" classname="achievement_manager_test" time="0.024">
		</testcase>
		<testcase name="test_get_all_achievements" classname="achievement_manager_test" time="0.025">
		</testcase>
		<testcase name="test_progress_increment" classname="achievement_manager_test" time="0.048">
		</testcase>
		<testcase name="test_check_single_fog_master" classname="achievement_manager_test" time="0.049">
		</testcase>
		<testcase name="test_check_single_already_unlocked" classname="achievement_manager_test" time="0.026">
		</testcase>
		<testcase name="test_streak_master_progress" classname="achievement_manager_test" time="0.035">
		</testcase>
		<testcase name="test_conservation_purist_progress" classname="achievement_manager_test" time="0.037">
		</testcase>
		<testcase name="test_sandbox_explorer_progress" classname="achievement_manager_test" time="0.040">
		</testcase>
		<testcase name="test_level_complete_unlocks_first_step" classname="achievement_manager_test" time="0.040">
		</testcase>
		<testcase name="test_achievement_unlocked_signal_emitted" classname="achievement_manager_test" time="0.044">
		</testcase>
		<testcase name="test_get_title_localized_zh" classname="achievement_manager_test" time="0.031">
		</testcase>
		<testcase name="test_save_and_load_unlocked" classname="achievement_manager_test" time="0.063">
		</testcase>
	</testsuite>
	<testsuite id="1" name="audio_system_test" package="scripts/tests" timestamp="2026-07-02T10:26:18" hostname="localhost" tests="5" failures="0" errors="0" skipped="0" flaky="0" time="6.946">
		<testcase name="test_music_player_exists" classname="audio_system_test" time="0.021">
		</testcase>
		<testcase name="test_ambience_generates_loop" classname="audio_system_test" time="0.409">
		</testcase>
		<testcase name="test_breach_warning_layers" classname="audio_system_test" time="3.851">
		</testcase>
		<testcase name="test_crossfade_does_not_crash" classname="audio_system_test" time="1.892">
		</testcase>
		<testcase name="test_music_respects_volume_setting" classname="audio_system_test" time="0.681">
		</testcase>
	</testsuite>
	<testsuite id="2" name="beginner_exploration_test" package="scripts/tests" timestamp="2026-07-02T10:26:25" hostname="localhost" tests="1" failures="0" errors="3" skipped="0" flaky="0" time="87.960">
		<testcase name="test_beginner_manual_levels" classname="beginner_exploration_test" time="87.919">
			<error message="ERROR: res://scripts/tests/beginner_exploration_test.gd:0" type="ABORT">
<![CDATA[
Godot Runtime Error !
Error: 'Invalid call. Nonexistent function 'add_cores' in base 'Node (05_level_manager.gd)'.'
	at res://scripts/gameplay/combo_system.gd:68
]]>
			</error>
			<error message="ERROR: res://scripts/tests/beginner_exploration_test.gd:0" type="ABORT">
<![CDATA[
Godot Runtime Error !
Error: 'Invalid call. Nonexistent function 'add_cores' in base 'Node (05_level_manager.gd)'.'
	at res://scripts/gameplay/combo_system.gd:68
]]>
			</error>
			<error message="ERROR: res://scripts/tests/beginner_exploration_test.gd:0" type="ABORT">
<![CDATA[
Godot Runtime Error !
Error: 'Invalid call. Nonexistent function 'add_cores' in base 'Node (05_level_manager.gd)'.'
	at res://scripts/gameplay/combo_system.gd:73
]]>
			</error>
		</testcase>
	</testsuite>
	<testsuite id="3" name="ca_mode_test" package="scripts/tests" timestamp="2026-07-02T10:27:53" hostname="localhost" tests="6" failures="0" errors="0" skipped="0" flaky="0" time="6.503">
		<testcase name="test_ca_engine_rules_and_step" classname="ca_mode_test" time="0.067">
		</testcase>
		<testcase name="test_ca_engine_conservation_perturbation_bounded" classname="ca_mode_test" time="0.120">
		</testcase>
		<testcase name="test_ca_level_data_loads" classname="ca_mode_test" time="0.169">
		</testcase>
		<testcase name="test_ca_mode_initializes_in_game_scene" classname="ca_mode_test" time="2.606">
		</testcase>
		<testcase name="test_ca_renderer_step_and_auto_evolve" classname="ca_mode_test" time="3.292">
		</testcase>
		<testcase name="test_ca_goals_progress_via_level_manager" classname="ca_mode_test" time="0.153">
		</testcase>
	</testsuite>
	<testsuite id="4" name="conservation_engine_test" package="scripts/tests" timestamp="2026-07-02T10:27:59" hostname="localhost" tests="5" failures="0" errors="0" skipped="0" flaky="0" time="0.773">
		<testcase name="test_engine_autoload_exists" classname="conservation_engine_test" time="0.098">
		</testcase>
		<testcase name="test_get_deviation_summary_returns_dict" classname="conservation_engine_test" time="0.137">
		</testcase>
		<testcase name="test_matrix_set_and_read" classname="conservation_engine_test" time="0.155">
		</testcase>
		<testcase name="test_diagonal_near_1_gives_healthy" classname="conservation_engine_test" time="0.158">
		</testcase>
		<testcase name="test_large_off_diagonal_gives_warning_or_worse" classname="conservation_engine_test" time="0.146">
		</testcase>
	</testsuite>
	<testsuite id="5" name="diffusion_engine_test" package="scripts/tests" timestamp="2026-07-02T10:28:00" hostname="localhost" tests="8" failures="0" errors="0" skipped="0" flaky="0" time="1.827">
		<testcase name="test_particles_respect_bounds" classname="diffusion_engine_test" time="0.223">
		</testcase>
		<testcase name="test_particles_avoid_obstacles" classname="diffusion_engine_test" time="0.122">
		</testcase>
		<testcase name="test_metropolis_prefers_low_energy" classname="diffusion_engine_test" time="0.138">
		</testcase>
		<testcase name="test_high_temperature_increases_acceptance" classname="diffusion_engine_test" time="0.394">
		</testcase>
		<testcase name="test_concentration_field_correct" classname="diffusion_engine_test" time="0.122">
		</testcase>
		<testcase name="test_energy_computation_no_self_interaction" classname="diffusion_engine_test" time="0.376">
		</testcase>
		<testcase name="test_energy_computation_repulsion" classname="diffusion_engine_test" time="0.215">
		</testcase>
		<testcase name="test_kT_updates_with_temperature" classname="diffusion_engine_test" time="0.103">
		</testcase>
	</testsuite>
	<testsuite id="6" name="full_playthrough_test" package="scripts/tests" timestamp="2026-07-02T10:28:02" hostname="localhost" tests="1" failures="0" errors="0" skipped="0" flaky="0" time="16.780">
		<testcase name="test_all_levels_complete" classname="full_playthrough_test" time="16.739">
		</testcase>
	</testsuite>
	<testsuite id="7" name="goal_check_test" package="scripts/tests" timestamp="2026-07-02T10:28:19" hostname="localhost" tests="4" failures="0" errors="0" skipped="0" flaky="0" time="0.806">
		<testcase name="test_symmetry_check_requires_atoms" classname="goal_check_test" time="0.099">
		</testcase>
		<testcase name="test_conservation_check_with_identity_matrix" classname="goal_check_test" time="0.106">
		</testcase>
		<testcase name="test_geometry_check_not_completed_without_atoms" classname="goal_check_test" time="0.112">
		</testcase>
		<testcase name="test_mesh_build_counts_atoms" classname="goal_check_test" time="0.411">
		</testcase>
	</testsuite>
	<testsuite id="8" name="goal_type_test" package="scripts/tests" timestamp="2026-07-02T10:28:20" hostname="localhost" tests="2" failures="0" errors="0" skipped="0" flaky="0" time="0.279">
		<testcase name="test_no_level_uses_stub_goal_types" classname="goal_type_test" time="0.098">
		</testcase>
		<testcase name="test_all_goal_types_are_recognized" classname="goal_type_test" time="0.131">
		</testcase>
	</testsuite>
	<testsuite id="9" name="json_roundtrip_test" package="scripts/tests" timestamp="2026-07-02T10:28:20" hostname="localhost" tests="4" failures="0" errors="0" skipped="0" flaky="0" time="0.327">
		<testcase name="test_nacl_roundtrip" classname="json_roundtrip_test" time="0.061">
		</testcase>
		<testcase name="test_all_45_levels_roundtrip" classname="json_roundtrip_test" time="0.090">
		</testcase>
		<testcase name="test_json_file_matches_roundtrip" classname="json_roundtrip_test" time="0.055">
		</testcase>
		<testcase name="test_empty_json_loads_defaults" classname="json_roundtrip_test" time="0.049">
		</testcase>
	</testsuite>
	<testsuite id="10" name="leaderboard_manager_test" package="scripts/tests" timestamp="2026-07-02T10:28:21" hostname="localhost" tests="21" failures="0" errors="0" skipped="0" flaky="0" time="1.976">
		<testcase name="test_record_level_result_creates_entry" classname="leaderboard_manager_test" time="0.054">
		</testcase>
		<testcase name="test_get_best_record" classname="leaderboard_manager_test" time="0.072">
		</testcase>
		<testcase name="test_record_beat_score_updates_best" classname="leaderboard_manager_test" time="0.092">
		</testcase>
		<testcase name="test_record_worse_score_keeps_best" classname="leaderboard_manager_test" time="0.120">
		</testcase>
		<testcase name="test_get_history_multiple" classname="leaderboard_manager_test" time="0.105">
		</testcase>
		<testcase name="test_get_total_score" classname="leaderboard_manager_test" time="0.113">
		</testcase>
		<testcase name="test_get_total_stars" classname="leaderboard_manager_test" time="0.119">
		</testcase>
		<testcase name="test_has_perfect_record_true" classname="leaderboard_manager_test" time="0.090">
		</testcase>
		<testcase name="test_has_perfect_record_false" classname="leaderboard_manager_test" time="0.093">
		</testcase>
		<testcase name="test_has_speed_run_true" classname="leaderboard_manager_test" time="0.108">
		</testcase>
		<testcase name="test_has_speed_run_false" classname="leaderboard_manager_test" time="0.081">
		</testcase>
		<testcase name="test_is_level_played" classname="leaderboard_manager_test" time="0.066">
		</testcase>
		<testcase name="test_get_ranking_for_level" classname="leaderboard_manager_test" time="0.061">
		</testcase>
		<testcase name="test_get_ranking_for_level_unplayed" classname="leaderboard_manager_test" time="0.062">
		</testcase>
		<testcase name="test_calculate_stars_3" classname="leaderboard_manager_test" time="0.060">
		</testcase>
		<testcase name="test_calculate_stars_2" classname="leaderboard_manager_test" time="0.060">
		</testcase>
		<testcase name="test_calculate_stars_1" classname="leaderboard_manager_test" time="0.057">
		</testcase>
		<testcase name="test_calculate_stars_0" classname="leaderboard_manager_test" time="0.061">
		</testcase>
		<testcase name="test_new_best_score_signal" classname="leaderboard_manager_test" time="0.085">
		</testcase>
		<testcase name="test_clear_all" classname="leaderboard_manager_test" time="0.096">
		</testcase>
		<testcase name="test_save_and_load" classname="leaderboard_manager_test" time="0.101">
		</testcase>
	</testsuite>
	<testsuite id="11" name="level_data_loader_test" package="scripts/tests" timestamp="2026-07-02T10:28:23" hostname="localhost" tests="10" failures="0" errors="0" skipped="0" flaky="0" time="0.699">
		<testcase name="test_registry_has_all_45_levels" classname="level_data_loader_test" time="0.057">
		</testcase>
		<testcase name="test_chapter_1_has_7_levels" classname="level_data_loader_test" time="0.065">
		</testcase>
		<testcase name="test_chapter_4_has_9_levels" classname="level_data_loader_test" time="0.057">
		</testcase>
		<testcase name="test_bonus_has_1_level" classname="level_data_loader_test" time="0.064">
		</testcase>
		<testcase name="test_challenge_has_3_levels" classname="level_data_loader_test" time="0.052">
		</testcase>
		<testcase name="test_load_nacl_level" classname="level_data_loader_test" time="0.058">
		</testcase>
		<testcase name="test_cache_returns_same_object" classname="level_data_loader_test" time="0.055">
		</testcase>
		<testcase name="test_clear_cache_reloads" classname="level_data_loader_test" time="0.045">
		</testcase>
		<testcase name="test_missing_level_returns_null" classname="level_data_loader_test" time="0.056">
		</testcase>
		<testcase name="test_load_from_json_matches_factory" classname="level_data_loader_test" time="0.052">
		</testcase>
	</testsuite>
	<testsuite id="12" name="level_data_test" package="scripts/tests" timestamp="2026-07-02T10:28:23" hostname="localhost" tests="4" failures="0" errors="0" skipped="0" flaky="0" time="0.364">
		<testcase name="test_all_45_levels_created" classname="level_data_test" time="0.078">
		</testcase>
		<testcase name="test_each_level_has_required_fields" classname="level_data_test" time="0.084">
		</testcase>
		<testcase name="test_each_level_has_at_least_one_goal" classname="level_data_test" time="0.068">
		</testcase>
		<testcase name="test_reward_cores_positive" classname="level_data_test" time="0.059">
		</testcase>
	</testsuite>
	<testsuite id="13" name="level_data_validator_test" package="scripts/tests" timestamp="2026-07-02T10:28:24" hostname="localhost" tests="11" failures="0" errors="0" skipped="0" flaky="0" time="0.836">
		<testcase name="test_valid_data_passes" classname="level_data_validator_test" time="0.057">
		</testcase>
		<testcase name="test_missing_title_fails" classname="level_data_validator_test" time="0.077">
		</testcase>
		<testcase name="test_empty_goals_fails" classname="level_data_validator_test" time="0.073">
		</testcase>
		<testcase name="test_invalid_goal_type_fails" classname="level_data_validator_test" time="0.058">
		</testcase>
		<testcase name="test_reward_cores_zero_fails" classname="level_data_validator_test" time="0.059">
		</testcase>
		<testcase name="test_empty_elements_non_free_mode_fails" classname="level_data_validator_test" time="0.058">
		</testcase>
		<testcase name="test_free_mode_allows_empty_elements" classname="level_data_validator_test" time="0.057">
		</testcase>
		<testcase name="test_negative_lattice_parameter_fails" classname="level_data_validator_test" time="0.053">
		</testcase>
		<testcase name="test_invalid_construction_mode_fails" classname="level_data_validator_test" time="0.061">
		</testcase>
		<testcase name="test_invalid_domain_fails" classname="level_data_validator_test" time="0.055">
		</testcase>
		<testcase name="test_is_valid_helper" classname="level_data_validator_test" time="0.053">
		</testcase>
	</testsuite>
	<testsuite id="14" name="level_editor_test" package="scripts/tests" timestamp="2026-07-02T10:28:25" hostname="localhost" tests="10" failures="0" errors="0" skipped="0" flaky="0" time="3.113">
		<testcase name="test_new_level_creates_blank_data" classname="level_editor_test" time="0.345">
		</testcase>
		<testcase name="test_load_level_populates_fields" classname="level_editor_test" time="0.174">
		</testcase>
		<testcase name="test_save_level_writes_json" classname="level_editor_test" time="0.415">
		</testcase>
		<testcase name="test_edit_title_updates_data" classname="level_editor_test" time="0.136">
		</testcase>
		<testcase name="test_add_element_increases_count" classname="level_editor_test" time="0.164">
		</testcase>
		<testcase name="test_add_goal_increases_count" classname="level_editor_test" time="0.178">
		</testcase>
		<testcase name="test_save_updates_registry" classname="level_editor_test" time="0.358">
		</testcase>
		<testcase name="test_signal_level_saved_emitted" classname="level_editor_test" time="0.518">
		</testcase>
		<testcase name="test_invalid_data_save_blocked" classname="level_editor_test" time="0.288">
		</testcase>
		<testcase name="test_vector3_roundtrip" classname="level_editor_test" time="0.370">
		</testcase>
	</testsuite>
	<testsuite id="15" name="neighbor_visuals_test" package="scripts/tests" timestamp="2026-07-02T10:28:28" hostname="localhost" tests="3" failures="0" errors="0" skipped="0" flaky="0" time="0.748">
		<testcase name="test_no_neighbors_resets_emission" classname="neighbor_visuals_test" time="0.134">
		</testcase>
		<testcase name="test_bonding_neighbor_enables_emission" classname="neighbor_visuals_test" time="0.128">
		</testcase>
		<testcase name="test_distant_neighbor_no_bonding" classname="neighbor_visuals_test" time="0.401">
		</testcase>
	</testsuite>
	<testsuite id="16" name="parse_check_test" package="scripts/tests" timestamp="2026-07-02T10:28:29" hostname="localhost" tests="1" failures="0" errors="0" skipped="0" flaky="0" time="0.259">
		<testcase name="test_construction_canvas_parses_in_scene" classname="parse_check_test" time="0.224">
		</testcase>
	</testsuite>
	<testsuite id="17" name="particle_system_test" package="scripts/tests" timestamp="2026-07-02T10:28:29" hostname="localhost" tests="3" failures="0" errors="0" skipped="0" flaky="0" time="0.794">
		<testcase name="test_setup_creates_particles" classname="particle_system_test" time="0.130">
		</testcase>
		<testcase name="test_update_atmosphere_changes_color" classname="particle_system_test" time="0.227">
		</testcase>
		<testcase name="test_domain_presets_exist" classname="particle_system_test" time="0.311">
		</testcase>
	</testsuite>
	<testsuite id="18" name="pathfinder_test" package="scripts/tests" timestamp="2026-07-02T10:28:30" hostname="localhost" tests="4" failures="0" errors="0" skipped="0" flaky="0" time="0.563">
		<testcase name="test_find_path_direct_neighbor" classname="pathfinder_test" time="0.079">
		</testcase>
		<testcase name="test_find_path_avoids_obstacles" classname="pathfinder_test" time="0.056">
		</testcase>
		<testcase name="test_no_path_returns_empty" classname="pathfinder_test" time="0.191">
		</testcase>
		<testcase name="test_path_length_optimal" classname="pathfinder_test" time="0.076">
		</testcase>
	</testsuite>
	<testsuite id="19" name="performance_lod_test" package="scripts/tests" timestamp="2026-07-02T10:28:31" hostname="localhost" tests="11" failures="0" errors="0" skipped="0" flaky="0" time="1.146">
		<testcase name="test_benchmark_start_session" classname="performance_lod_test" time="0.060">
		</testcase>
		<testcase name="test_benchmark_record_frame" classname="performance_lod_test" time="0.070">
		</testcase>
		<testcase name="test_benchmark_end_session_generates_stats" classname="performance_lod_test" time="0.061">
		</testcase>
		<testcase name="test_benchmark_report_export" classname="performance_lod_test" time="0.267">
		</testcase>
		<testcase name="test_benchmark_compare_reports" classname="performance_lod_test" time="0.071">
		</testcase>
		<testcase name="test_lod_manager_registers_atom" classname="performance_lod_test" time="0.062">
		</testcase>
		<testcase name="test_lod_distance_thresholds" classname="performance_lod_test" time="0.059">
		</testcase>
		<testcase name="test_lod_updates_mesh_segments" classname="performance_lod_test" time="0.061">
		</testcase>
		<testcase name="test_lod_force_level" classname="performance_lod_test" time="0.081">
		</testcase>
		<testcase name="test_lod_performance_fallback" classname="performance_lod_test" time="0.090">
		</testcase>
		<testcase name="test_lod_refresh_all" classname="performance_lod_test" time="0.077">
		</testcase>
	</testsuite>
	<testsuite id="20" name="player_metrics_test" package="scripts/tests" timestamp="2026-07-02T10:28:32" hostname="localhost" tests="10" failures="0" errors="0" skipped="0" flaky="0" time="0.809">
		<testcase name="test_metrics_reset_on_level_load" classname="player_metrics_test" time="0.063">
		</testcase>
		<testcase name="test_undo_counts_correctly" classname="player_metrics_test" time="0.062">
		</testcase>
		<testcase name="test_hint_counts_correctly" classname="player_metrics_test" time="0.062">
		</testcase>
		<testcase name="test_retry_counts_correctly" classname="player_metrics_test" time="0.049">
		</testcase>
		<testcase name="test_leaderboard_records_metrics" classname="player_metrics_test" time="0.061">
		</testcase>
		<testcase name="test_player_profile_calculates" classname="player_metrics_test" time="0.102">
		</testcase>
		<testcase name="test_backward_compatibility" classname="player_metrics_test" time="0.055">
		</testcase>
		<testcase name="test_avg_metric_calculates" classname="player_metrics_test" time="0.080">
		</testcase>
		<testcase name="test_get_metrics_returns_copy" classname="player_metrics_test" time="0.050">
		</testcase>
		<testcase name="test_set_metric_stores_value" classname="player_metrics_test" time="0.053">
		</testcase>
	</testsuite>
	<testsuite id="21" name="reachability_validator_test" package="scripts/tests" timestamp="2026-07-02T10:28:33" hostname="localhost" tests="1" failures="0" errors="0" skipped="0" flaky="0" time="0.541">
		<testcase name="test_all_json_levels_reachable" classname="reachability_validator_test" time="0.490">
		</testcase>
	</testsuite>
	<testsuite id="22" name="regression_test" package="scripts/tests" timestamp="2026-07-02T10:28:33" hostname="localhost" tests="7" failures="0" errors="0" skipped="0" flaky="0" time="3.963">
		<testcase name="test_max_parts_excludes_bonds" classname="regression_test" time="0.063">
		</testcase>
		<testcase name="test_ca_conservation_uses_current_deviation" classname="regression_test" time="0.359">
		</testcase>
		<testcase name="test_forbidden_tools_enforced" classname="regression_test" time="0.053">
		</testcase>
		<testcase name="test_fuzzy_check_progress_le_operator" classname="regression_test" time="0.637">
		</testcase>
		<testcase name="test_verify_goals_has_ca_conservation_case" classname="regression_test" time="0.531">
		</testcase>
		<testcase name="test_seed_count_metric" classname="regression_test" time="1.962">
		</testcase>
		<testcase name="test_symmetry_check_tetragonal_achievable" classname="regression_test" time="0.105">
		</testcase>
	</testsuite>
	<testsuite id="23" name="save_manager_test" package="scripts/tests" timestamp="2026-07-02T10:28:37" hostname="localhost" tests="9" failures="0" errors="0" skipped="0" flaky="0" time="2.246">
		<testcase name="test_autoload_exists" classname="save_manager_test" time="0.053">
		</testcase>
		<testcase name="test_signature_self_consistency" classname="save_manager_test" time="0.059">
		</testcase>
		<testcase name="test_save_and_load_roundtrip" classname="save_manager_test" time="0.126">
		</testcase>
		<testcase name="test_delete_save_removes_file" classname="save_manager_test" time="0.256">
		</testcase>
		<testcase name="test_invalid_slot_rejected" classname="save_manager_test" time="0.058">
		</testcase>
		<testcase name="test_tampered_save_rejected" classname="save_manager_test" time="0.383">
		</testcase>
		<testcase name="test_save_info_returns_empty_for_missing" classname="save_manager_test" time="0.054">
		</testcase>
		<testcase name="test_list_saves_excludes_empty_slots" classname="save_manager_test" time="0.683">
		</testcase>
		<testcase name="test_signature_present_on_new_save" classname="save_manager_test" time="0.072">
		</testcase>
	</testsuite>
	<testsuite id="24" name="scene_load_test" package="scripts/tests" timestamp="2026-07-02T10:28:39" hostname="localhost" tests="4" failures="0" errors="0" skipped="0" flaky="0" time="1.430">
		<testcase name="test_game_scene_loads" classname="scene_load_test" time="0.209">
		</testcase>
		<testcase name="test_main_menu_scene_loads" classname="scene_load_test" time="0.917">
		</testcase>
		<testcase name="test_tool_panel_scene_loads" classname="scene_load_test" time="0.147">
		</testcase>
		<testcase name="test_conservation_hud_scene_loads" classname="scene_load_test" time="0.090">
		</testcase>
	</testsuite>
	<testsuite id="25" name="settings_manager_test" package="scripts/tests" timestamp="2026-07-02T10:28:41" hostname="localhost" tests="8" failures="0" errors="0" skipped="0" flaky="0" time="0.722">
		<testcase name="test_autoload_exists" classname="settings_manager_test" time="0.055">
		</testcase>
		<testcase name="test_get_setting_returns_default" classname="settings_manager_test" time="0.073">
		</testcase>
		<testcase name="test_get_setting_returns_custom_default" classname="settings_manager_test" time="0.058">
		</testcase>
		<testcase name="test_set_setting_and_get" classname="settings_manager_test" time="0.087">
		</testcase>
		<testcase name="test_setting_changed_signal_emitted" classname="settings_manager_test" time="0.048">
		</testcase>
		<testcase name="test_reset_to_defaults_restores_values" classname="settings_manager_test" time="0.113">
		</testcase>
		<testcase name="test_persistence_load_and_save" classname="settings_manager_test" time="0.078">
		</testcase>
		<testcase name="test_all_default_keys_present" classname="settings_manager_test" time="0.053">
		</testcase>
	</testsuite>
	<testsuite id="26" name="settings_namespace_test" package="scripts/tests" timestamp="2026-07-02T10:28:42" hostname="localhost" tests="5" failures="0" errors="0" skipped="0" flaky="0" time="0.413">
		<testcase name="test_legacy_resolution_maps_to_namespaced" classname="settings_namespace_test" time="0.070">
		</testcase>
		<testcase name="test_legacy_fullscreen_maps_to_namespaced" classname="settings_namespace_test" time="0.078">
		</testcase>
		<testcase name="test_namespaced_key_works_directly" classname="settings_namespace_test" time="0.062">
		</testcase>
		<testcase name="test_unknown_key_returns_default" classname="settings_namespace_test" time="0.053">
		</testcase>
		<testcase name="test_legacy_music_volume_maps_to_audio" classname="settings_namespace_test" time="0.042">
		</testcase>
	</testsuite>
	<testsuite id="27" name="ui_integration_test" package="scripts/tests" timestamp="2026-07-02T10:28:43" hostname="localhost" tests="100" failures="0" errors="1676" skipped="0" flaky="0" time="522.549">
		<testcase name="test_keyboard_tool_switching" classname="ui_integration_test" time="1.209">
		</testcase>
		<testcase name="test_keyboard_element_selection" classname="ui_integration_test" time="5.682">
		</testcase>
		<testcase name="test_click_wyckoff_marker_places_atom" classname="ui_integration_test" time="5.740">
		</testcase>
		<testcase name="test_forbidden_tools_blocked_in_ui" classname="ui_integration_test" time="6.912">
		</testcase>
		<testcase name="test_full_level_completion_via_ui" classname="ui_integration_test" time="38.993">
			<error message="ERROR: res://scripts/tests/ui_integration_test.gd:0" type="ABORT">
<![CDATA[
Godot Runtime Error !
Error: 'Invalid call. Nonexistent function 'add_cores' in base 'Node (05_level_manager.gd)'.'
	at res://scripts/gameplay/chemical_reaction_engine.gd:151
]]>
			</error>
			<error message="ERROR: res://scripts/tests/ui_integration_test.gd:0" type="ABORT">
<![CDATA[
Godot Runtime Error !
Error: 'Invalid call. Nonexistent function 'add_cores' in base 'Node (05_level_manager.gd)'.'
	at res://scripts/gameplay/chemical_reaction_engine.gd:151
]]>
			</error>
			<error message="ERROR: res://scripts/tests/ui_integration_test.gd:0" type="ABORT">
<![CDATA[
Godot Runtime Error !
Error: 'Invalid call. Nonexistent function 'add_cores' in base 'Node (05_level_manager.gd)'.'
	at res://scripts/gameplay/chemical_reaction_engine.gd:151
]]>
			</error>
			<error message="ERROR: res://scripts/tests/ui_integration_test.gd:0" type="ABORT">
<![CDATA[
Godot Runtime Error !
Error: 'Invalid call. Nonexistent function 'add_cores' in base 'Node (05_level_manager.gd)'.'
	at res://scripts/gameplay/combo_system.gd:68
]]>
			</error>
			<error message="ERROR: res://scripts/tests/ui_integration_test.gd:0" type="ABORT">
<![CDATA[
Godot Runtime Error !
Error: 'Invalid call. Nonexistent function 'add_cores' in base 'Node (05_level_manager.gd)'.'
	at res://scripts/gameplay/chemical_reaction_engine.gd:151
]]>
			</error>
			<error message="ERROR: res://scripts/tests/ui_integration_test.gd:0" type="ABORT">
<![CDATA[
Godot Runtime Error !
Error: 'Invalid call. Nonexistent function 'add_cores' in base 'Node (05_level_manager.gd)'.'
	at res://scripts/gameplay/chemical_reaction_engine.gd:151
]]>
			</error>
			<error message="ERROR: res://scripts/tests/ui_integration_test.gd:0" type="ABORT">
<![CDATA[
Godot Runtime Error !
Error: 'Invalid call. Nonexistent function 'add_cores' in base 'Node (05_level_manager.gd)'.'
	at res://scripts/gameplay/chemical_reaction_engine.gd:151
]]>
			</error>
			<error message="ERROR: res://scripts/tests/ui_integration_test.gd:0" type="ABORT">
<![CDATA[
Godot Runtime Error !
Error: 'Invalid call. Nonexistent function 'add_cores' in base 'Node (05_level_manager.gd)'.'
	at res://scripts/gameplay/combo_system.gd:73
]]>
			</error>
			<error message="ERROR: res://scripts/tests/ui_integration_test.gd:0" type="ABORT">
<![CDATA[
Godot Runtime Error !
Error: 'Invalid call. Nonexistent function 'add_cores' in base 'Node (05_level_manager.gd)'.'
	at res://scripts/gameplay/chemical_reaction_engine.gd:151
]]>
			</error>
			<error message="ERROR: res://scripts/tests/ui_integration_test.gd:0" type="ABORT">
<![CDATA[
Godot Runtime Error !
Error: 'Invalid call. Nonexistent function 'add_cores' in base 'Node (05_level_manager.gd)'.'
	at res://scripts/gameplay/chemical_reaction_engine.gd:151
]]>
			</error>
			<error message="ERROR: res://scripts/tests/ui_integration_test.gd:0" type="ABORT">
<![CDATA[
Godot Runtime Error !
Error: 'Invalid call. Nonexistent function 'add_cores' in base 'Node (05_level_manager.gd)'.'
	at res://scripts/gameplay/chemical_reaction_engine.gd:151
]]>
			</error>
			<error message="ERROR: res://scripts/tests/ui_integration_test.gd:0" type="ABORT">
<![CDATA[
Godot Runtime Error !
Error: 'Invalid call. Nonexistent function 'add_cores' in base 'Node (05_level_manager.gd)'.'
	at res://scripts/gameplay/chemical_reaction_engine.gd:151
]]>
			</error>
			<error message="ERROR: res://scripts/tests/ui_integration_test.gd:0" type="ABORT">
<![CDATA[
Godot Runtime Error !
Error: 'Invalid call. Nonexistent function 'add_cores' in base 'Node (05_level_manager.gd)'.'
	at res://scripts/gameplay/chemical_reaction_engine.gd:151
]]>
			</error>
			<error message="ERROR: res://scripts/tests/ui_integration_test.gd:0" type="ABORT">
<![CDATA[
Godot Runtime Error !
Error: 'Invalid call. Nonexistent function 'add_cores' in base 'Node (05_level_manager.gd)'.'
	at res://scripts/gameplay/chemical_reaction_engine.gd:151
]]>
			</error>
			<error message="ERROR: res://scripts/tests/ui_integration_test.gd:0" type="ABORT">
<![CDATA[
Godot Runtime Error !
Error: 'Invalid call. Nonexistent function 'add_cores' in base 'Node (05_level_manager.gd)'.'
	at res://scripts/gameplay/chemical_reaction_engine.gd:151
]]>
			</error>
			<error message="ERROR: res://scripts/tests/ui_integration_test.gd:0" type="ABORT">
<![CDATA[
Godot Runtime Error !
Error: 'Invalid call. Nonexistent function 'add_cores' in base 'Node (05_level_manager.gd)'.'
	at res://scripts/gameplay/chemical_reaction_engine.gd:151
]]>
			</error>
			<error message="ERROR: res://scripts/tests/ui_integration_test.gd:0" type="ABORT">
<![CDATA[
Godot Runtime Error !
Error: 'Invalid call. Nonexistent function 'add_cores' in base 'Node (05_level_manager.gd)'.'
	at res://scripts/gameplay/chemical_reaction_engine.gd:151
]]>
			</error>
			<error message="ERROR: res://scripts/tests/ui_integration_test.gd:0" type="ABORT">
<![CDATA[
Godot Runtime Error !
Error: 'Invalid call. Nonexistent function 'add_cores' in base 'Node (05_level_manager.gd)'.'
	at res://scripts/gameplay/chemical_reaction_engine.gd:151
]]>
			</error>
			<error message="ERROR: res://scripts/tests/ui_integration_test.gd:0" type="ABORT">
<![CDATA[
Godot Runtime Error !
Error: 'Invalid call. Nonexistent function 'add_cores' in base 'Node (05_level_manager.gd)'.'
	at res://scripts/gameplay/chemical_reaction_engine.gd:151
]]>
			</error>
			<error message="ERROR: res://scripts/tests/ui_integration_test.gd:0" type="ABORT">
<![CDATA[
Godot Runtime Error !
Error: 'Invalid call. Nonexistent function 'add_cores' in base 'Node (05_level_manager.gd)'.'
	at res://scripts/gameplay/chemical_reaction_engine.gd:151
]]>
			</error>
			<error message="ERROR: res://scripts/tests/ui_integration_test.gd:0" type="ABORT">
<![CDATA[
Godot Runtime Error !
Error: 'Invalid call. Nonexistent function 'add_cores' in base 'Node (05_level_manager.gd)'.'
	at res://scripts/gameplay/chemical_reaction_engine.gd:151
]]>
			</error>
			<error message="ERROR: res://scripts/tests/ui_integration_test.gd:0" type="ABORT">
<![CDATA[
Godot Runtime Error !
Error: 'Invalid call. Nonexistent function 'add_cores' in base 'Node (05_level_manager.gd)'.'
	at res://scripts/gameplay/chemical_reaction_engine.gd:151
]]>
			</error>
			<error message="ERROR: res://scripts/tests/ui_integration_test.gd:0" type="ABORT">
<![CDATA[
Godot Runtime Error !
Error: 'Invalid call. Nonexistent function 'add_cores' in base 'Node (05_level_manager.gd)'.'
	at res://scripts/gameplay/chemical_reaction_engine.gd:151
]]>
			</error>
			<error message="ERROR: res://scripts/tests/ui_integration_test.gd:0" type="ABORT">
<![CDATA[
Godot Runtime Error !
Error: 'Invalid call. Nonexistent function 'add_cores' in base 'Node (05_level_manager.gd)'.'
	at res://scripts/gameplay/chemical_reaction_engine.gd:151
]]>
			</error>
			<error message="ERROR: res://scripts/tests/ui_integration_test.gd:0" type="ABORT">
<![CDATA[
Godot Runtime Error !
Error: 'Invalid call. Nonexistent function 'add_cores' in base 'Node (05_level_manager.gd)'.'
	at res://scripts/gameplay/chemical_reaction_engine.gd:151
]]>
			</error>
			<error message="ERROR: res://scripts/tests/ui_integration_test.gd:0" type="ABORT">
<![CDATA[
Godot Runtime Error !
Error: 'Invalid call. Nonexistent function 'add_cores' in base 'Node (05_level_manager.gd)'.'
	at res://scripts/gameplay/chemical_reaction_engine.gd:151
]]>
			</error>
			<error message="ERROR: res://scripts/tests/ui_integration_test.gd:0" type="ABORT">
<![CDATA[
Godot Runtime Error !
Error: 'Invalid call. Nonexistent function 'add_cores' in base 'Node (05_level_manager.gd)'.'
	at res://scripts/gameplay/chemical_reaction_engine.gd:151
]]>
			</error>
			<error message="ERROR: res://scripts/tests/ui_integration_test.gd:0" type="ABORT">
<![CDATA[
Godot Runtime Error !
Error: 'Invalid call. Nonexistent function 'add_cores' in base 'Node (05_level_manager.gd)'.'
	at res://scripts/gameplay/chemical_reaction_engine.gd:151
]]>
			</error>
			<error message="ERROR: res://scripts/tests/ui_integration_test.gd:0" type="ABORT">
<![CDATA[
Godot Runtime Error !
Error: 'Invalid call. Nonexistent function 'add_cores' in base 'Node (05_level_manager.gd)'.'
	at res://scripts/gameplay/chemical_reaction_engine.gd:151
]]>
			</error>
			<error message="ERROR: res://scripts/tests/ui_integration_test.gd:0" type="ABORT">
<![CDATA[
Godot Runtime Error !
Error: 'Invalid call. Nonexistent function 'add_cores' in base 'Node (05_level_manager.gd)'.'
	at res://scripts/gameplay/chemical_reaction_engine.gd:151
]]>
			</error>
			<error message="ERROR: res://scripts/tests/ui_integration_test.gd:0" type="ABORT">
<![CDATA[
Godot Runtime Error !
Error: 'Invalid call. Nonexistent function 'add_cores' in base 'Node (05_level_manager.gd)'.'
	at res://scripts/gameplay/chemical_reaction_engine.gd:151
]]>
			</error>
			<error message="ERROR: res://scripts/tests/ui_integration_test.gd:0" type="ABORT">
<![CDATA[
Godot Runtime Error !
Error: 'Invalid call. Nonexistent function 'add_cores' in base 'Node (05_level_manager.gd)'.'
	at res://scripts/gameplay/chemical_reaction_engine.gd:151
]]>
			</error>
			<error message="ERROR: res://scripts/tests/ui_integration_test.gd:0" type="ABORT">
<![CDATA[
Godot Runtime Error !
Error: 'Invalid call. Nonexistent function 'add_cores' in base 'Node (05_level_manager.gd)'.'
	at res://scripts/gameplay/chemical_reaction_engine.gd:151
]]>
			</error>
			<error message="ERROR: res://scripts/tests/ui_integration_test.gd:0" type="ABORT">
<![CDATA[
Godot Runtime Error !
Error: 'Invalid call. Nonexistent function 'add_cores' in base 'Node (05_level_manager.gd)'.'
	at res://scripts/gameplay/chemical_reaction_engine.gd:151
]]>
			</error>
			<error message="ERROR: res://scripts/tests/ui_integration_test.gd:0" type="ABORT">
<![CDATA[
Godot Runtime Error !
Error: 'Invalid call. Nonexistent function 'add_cores' in base 'Node (05_level_manager.gd)'.'
	at res://scripts/gameplay/chemical_reaction_engine.gd:151
]]>
			</error>
			<error message="ERROR: res://scripts/tests/ui_integration_test.gd:0" type="ABORT">
<![CDATA[
Godot Runtime Error !
Error: 'Invalid call. Nonexistent function 'add_cores' in base 'Node (05_level_manager.gd)'.'
	at res://scripts/gameplay/chemical_reaction_engine.gd:151
]]>
			</error>
			<error message="ERROR: res://scripts/tests/ui_integration_test.gd:0" type="ABORT">
<![CDATA[
Godot Runtime Error !
Error: 'Invalid call. Nonexistent function 'add_cores' in base 'Node (05_level_manager.gd)'.'
	at res://scripts/gameplay/chemical_reaction_engine.gd:151
]]>
			</error>
			<error message="ERROR: res://scripts/tests/ui_integration_test.gd:0" type="ABORT">
<![CDATA[
Godot Runtime Error !
Error: 'Invalid call. Nonexistent function 'add_cores' in base 'Node (05_level_manager.gd)'.'
	at res://scripts/gameplay/chemical_reaction_engine.gd:151
]]>
			</error>
			<error message="ERROR: res://scripts/tests/ui_integration_test.gd:0" type="ABORT">
<![CDATA[
Godot Runtime Error !
Error: 'Invalid call. Nonexistent function 'add_cores' in base 'Node (05_level_manager.gd)'.'
	at res://scripts/gameplay/chemical_reaction_engine.gd:151
]]>
			</error>
			<error message="ERROR: res://scripts/tests/ui_integration_test.gd:0" type="ABORT">
<![CDATA[
Godot Runtime Error !
Error: 'Invalid call. Nonexistent function 'add_cores' in base 'Node (05_level_manager.gd)'.'
	at res://scripts/gameplay/chemical_reaction_engine.gd:151
]]>
			</error>
			<error message="ERROR: res://scripts/tests/ui_integration_test.gd:0" type="ABORT">
<![CDATA[
Godot Runtime Error !
Error: 'Invalid call. Nonexistent function 'add_cores' in base 'Node (05_level_manager.gd)'.'
	at res://scripts/gameplay/chemical_reaction_engine.gd:151
]]>
			</error>
			<error message="ERROR: res://scripts/tests/ui_integration_test.gd:0" type="ABORT">
<![CDATA[
Godot Runtime Error !
Error: 'Invalid call. Nonexistent function 'add_cores' in base 'Node (05_level_manager.gd)'.'
	at res://scripts/gameplay/chemical_reaction_engine.gd:151
]]>
			</error>
			<error message="ERROR: res://scripts/tests/ui_integration_test.gd:0" type="ABORT">
<![CDATA[
Godot Runtime Error !
Error: 'Invalid call. Nonexistent function 'add_cores' in base 'Node (05_level_manager.gd)'.'
	at res://scripts/gameplay/chemical_reaction_engine.gd:151
]]>
			</error>
			<error message="ERROR: res://scripts/tests/ui_integration_test.gd:0" type="ABORT">
<![CDATA[
Godot Runtime Error !
Error: 'Invalid call. Nonexistent function 'add_cores' in base 'Node (05_level_manager.gd)'.'
	at res://scripts/gameplay/chemical_reaction_engine.gd:151
]]>
			</error>
			<error message="ERROR: res://scripts/tests/ui_integration_test.gd:0" type="ABORT">
<![CDATA[
Godot Runtime Error !
Error: 'Invalid call. Nonexistent function 'add_cores' in base 'Node (05_level_manager.gd)'.'
	at res://scripts/gameplay/chemical_reaction_engine.gd:151
]]>
			</error>
			<error message="ERROR: res://scripts/tests/ui_integration_test.gd:0" type="ABORT">
<![CDATA[
Godot Runtime Error !
Error: 'Invalid call. Nonexistent function 'add_cores' in base 'Node (05_level_manager.gd)'.'
	at res://scripts/gameplay/chemical_reaction_engine.gd:151
]]>
			</error>
			<error message="ERROR: res://scripts/tests/ui_integration_test.gd:0" type="ABORT">
<![CDATA[
Godot Runtime Error !
Error: 'Invalid call. Nonexistent function 'add_cores' in base 'Node (05_level_manager.gd)'.'
	at res://scripts/gameplay/chemical_reaction_engine.gd:151
]]>
			</error>
			<error message="ERROR: res://scripts/tests/ui_integration_test.gd:0" type="ABORT">
<![CDATA[
Godot Runtime Error !
Error: 'Invalid call. Nonexistent function 'add_cores' in base 'Node (05_level_manager.gd)'.'
	at res://scripts/gameplay/chemical_reaction_engine.gd:151
]]>
			</error>
			<error message="ERROR: res://scripts/tests/ui_integration_test.gd:0" type="ABORT">
<![CDATA[
Godot Runtime Error !
Error: 'Invalid call. Nonexistent function 'add_cores' in base 'Node (05_level_manager.gd)'.'
	at res://scripts/gameplay/chemical_reaction_engine.gd:151
]]>
			</error>
			<error message="ERROR: res://scripts/tests/ui_integration_test.gd:0" type="ABORT">
<![CDATA[
Godot Runtime Error !
Error: 'Invalid call. Nonexistent function 'add_cores' in base 'Node (05_level_manager.gd)'.'
	at res://scripts/gameplay/chemical_reaction_engine.gd:151
]]>
			</error>
			<error message="ERROR: res://scripts/tests/ui_integration_test.gd:0" type="ABORT">
<![CDATA[
Godot Runtime Error !
Error: 'Invalid call. Nonexistent function 'add_cores' in base 'Node (05_level_manager.gd)'.'
	at res://scripts/gameplay/chemical_reaction_engine.gd:151
]]>
			</error>
			<error message="ERROR: res://scripts/tests/ui_integration_test.gd:0" type="ABORT">
<![CDATA[
Godot Runtime Error !
Error: 'Invalid call. Nonexistent function 'add_cores' in base 'Node (05_level_manager.gd)'.'
	at res://scripts/gameplay/chemical_reaction_engine.gd:151
]]>
			</error>
			<error message="ERROR: res://scripts/tests/ui_integration_test.gd:0" type="ABORT">
<![CDATA[
Godot Runtime Error !
Error: 'Invalid call. Nonexistent function 'add_cores' in base 'Node (05_level_manager.gd)'.'
	at res://scripts/gameplay/chemical_reaction_engine.gd:151
]]>
			</error>
			<error message="ERROR: res://scripts/tests/ui_integration_test.gd:0" type="ABORT">
<![CDATA[
Godot Runtime Error !
Error: 'Invalid call. Nonexistent function 'add_cores' in base 'Node (05_level_manager.gd)'.'
	at res://scripts/gameplay/chemical_reaction_engine.gd:151
]]>
			</error>
			<error message="ERROR: res://scripts/tests/ui_integration_test.gd:0" type="ABORT">
<![CDATA[
Godot Runtime Error !
Error: 'Invalid call. Nonexistent function 'add_cores' in base 'Node (05_level_manager.gd)'.'
	at res://scripts/gameplay/chemical_reaction_engine.gd:151
]]>
			</error>
			<error message="ERROR: res://scripts/tests/ui_integration_test.gd:0" type="ABORT">
<![CDATA[
Godot Runtime Error !
Error: 'Invalid call. Nonexistent function 'add_cores' in base 'Node (05_level_manager.gd)'.'
	at res://scripts/gameplay/chemical_reaction_engine.gd:151
]]>
			</error>
			<error message="ERROR: res://scripts/tests/ui_integration_test.gd:0" type="ABORT">
<![CDATA[
Godot Runtime Error !
Error: 'Invalid call. Nonexistent function 'add_cores' in base 'Node (05_level_manager.gd)'.'
	at res://scripts/gameplay/chemical_reaction_engine.gd:151
]]>
			</error>
			<error message="ERROR: res://scripts/tests/ui_integration_test.gd:0" type="ABORT">
<![CDATA[
Godot Runtime Error !
Error: 'Invalid call. Nonexistent function 'add_cores' in base 'Node (05_level_manager.gd)'.'
	at res://scripts/gameplay/chemical_reaction_engine.gd:151
]]>
			</error>
			<error message="ERROR: res://scripts/tests/ui_integration_test.gd:0" type="ABORT">
<![CDATA[
Godot Runtime Error !
Error: 'Invalid call. Nonexistent function 'add_cores' in base 'Node (05_level_manager.gd)'.'
	at res://scripts/gameplay/chemical_reaction_engine.gd:151
]]>
			</error>
			<error message="ERROR: res://scripts/tests/ui_integration_test.gd:0" type="ABORT">
<![CDATA[
Godot Runtime Error !
Error: 'Invalid call. Nonexistent function 'add_cores' in base 'Node (05_level_manager.gd)'.'
	at res://scripts/gameplay/chemical_reaction_engine.gd:151
]]>
			</error>
			<error message="ERROR: res://scripts/tests/ui_integration_test.gd:0" type="ABORT">
<![CDATA[
Godot Runtime Error !
Error: 'Invalid call. Nonexistent function 'add_cores' in base 'Node (05_level_manager.gd)'.'
	at res://scripts/gameplay/chemical_reaction_engine.gd:151
]]>
			</error>
			<error message="ERROR: res://scripts/tests/ui_integration_test.gd:0" type="ABORT">
<![CDATA[
Godot Runtime Error !
Error: 'Invalid call. Nonexistent function 'add_cores' in base 'Node (05_level_manager.gd)'.'
	at res://scripts/gameplay/chemical_reaction_engine.gd:151
]]>
			</error>
			<error message="ERROR: res://scripts/tests/ui_integration_test.gd:0" type="ABORT">
<![CDATA[
Godot Runtime Error !
Error: 'Invalid call. Nonexistent function 'add_cores' in base 'Node (05_level_manager.gd)'.'
	at res://scripts/gameplay/chemical_reaction_engine.gd:151
]]>
			</error>
			<error message="ERROR: res://scripts/tests/ui_integration_test.gd:0" type="ABORT">
<![CDATA[
Godot Runtime Error !
Error: 'Invalid call. Nonexistent function 'add_cores' in base 'Node (05_level_manager.gd)'.'
	at res://scripts/gameplay/chemical_reaction_engine.gd:151
]]>
			</error>
			<error message="ERROR: res://scripts/tests/ui_integration_test.gd:0" type="ABORT">
<![CDATA[
Godot Runtime Error !
Error: 'Invalid call. Nonexistent function 'add_cores' in base 'Node (05_level_manager.gd)'.'
	at res://scripts/gameplay/chemical_reaction_engine.gd:151
]]>
			</error>
			<error message="ERROR: res://scripts/tests/ui_integration_test.gd:0" type="ABORT">
<![CDATA[
Godot Runtime Error !
Error: 'Invalid call. Nonexistent function 'add_cores' in base 'Node (05_level_manager.gd)'.'
	at res://scripts/gameplay/chemical_reaction_engine.gd:151
]]>
			</error>
			<error message="ERROR: res://scripts/tests/ui_integration_test.gd:0" type="ABORT">
<![CDATA[
Godot Runtime Error !
Error: 'Invalid call. Nonexistent function 'add_cores' in base 'Node (05_level_manager.gd)'.'
	at res://scripts/gameplay/chemical_reaction_engine.gd:151
]]>
			</error>
			<error message="ERROR: res://scripts/tests/ui_integration_test.gd:0" type="ABORT">
<![CDATA[
Godot Runtime Error !
Error: 'Invalid call. Nonexistent function 'add_cores' in base 'Node (05_level_manager.gd)'.'
	at res://scripts/gameplay/chemical_reaction_engine.gd:151
]]>
			</error>
			<error message="ERROR: res://scripts/tests/ui_integration_test.gd:0" type="ABORT">
<![CDATA[
Godot Runtime Error !
Error: 'Invalid call. Nonexistent function 'add_cores' in base 'Node (05_level_manager.gd)'.'
	at res://scripts/gameplay/chemical_reaction_engine.gd:151
]]>
			</error>
			<error message="ERROR: res://scripts/tests/ui_integration_test.gd:0" type="ABORT">
<![CDATA[
Godot Runtime Error !
Error: 'Invalid call. Nonexistent function 'add_cores' in base 'Node (05_level_manager.gd)'.'
	at res://scripts/gameplay/chemical_reaction_engine.gd:151
]]>
			</error>
			<error message="ERROR: res://scripts/tests/ui_integration_test.gd:0" type="ABORT">
<![CDATA[
Godot Runtime Error !
Error: 'Invalid call. Nonexistent function 'add_cores' in base 'Node (05_level_manager.gd)'.'
	at res://scripts/gameplay/chemical_reaction_engine.gd:151
]]>
			</error>
			<error message="ERROR: res://scripts/tests/ui_integration_test.gd:0" type="ABORT">
<![CDATA[
Godot Runtime Error !
Error: 'Invalid call. Nonexistent function 'add_cores' in base 'Node (05_level_manager.gd)'.'
	at res://scripts/gameplay/chemical_reaction_engine.gd:151
]]>
			</error>
			<error message="ERROR: res://scripts/tests/ui_integration_test.gd:0" type="ABORT">
<![CDATA[
Godot Runtime Error !
Error: 'Invalid call. Nonexistent function 'add_cores' in base 'Node (05_level_manager.gd)'.'
	at res://scripts/gameplay/chemical_reaction_engine.gd:151
]]>
			</error>
			<error message="ERROR: res://scripts/tests/ui_integration_test.gd:0" type="ABORT">
<![CDATA[
Godot Runtime Error !
Error: 'Invalid call. Nonexistent function 'add_cores' in base 'Node (05_level_manager.gd)'.'
	at res://scripts/gameplay/chemical_reaction_engine.gd:151
]]>
			</error>
			<error message="ERROR: res://scripts/tests/ui_integration_test.gd:0" type="ABORT">
<![CDATA[
Godot Runtime Error !
Error: 'Invalid call. Nonexistent function 'add_cores' in base 'Node (05_level_manager.gd)'.'
	at res://scripts/gameplay/chemical_reaction_engine.gd:151
]]>
			</error>
			<error message="ERROR: res://scripts/tests/ui_integration_test.gd:0" type="ABORT">
<![CDATA[
Godot Runtime Error !
Error: 'Invalid call. Nonexistent function 'add_cores' in base 'Node (05_level_manager.gd)'.'
	at res://scripts/gameplay/chemical_reaction_engine.gd:151
]]>
			</error>
			<error message="ERROR: res://scripts/tests/ui_integration_test.gd:0" type="ABORT">
<![CDATA[
Godot Runtime Error !
Error: 'Invalid call. Nonexistent function 'add_cores' in base 'Node (05_level_manager.gd)'.'
	at res://scripts/gameplay/chemical_reaction_engine.gd:151
]]>
			</error>
			<error message="ERROR: res://scripts/tests/ui_integration_test.gd:0" type="ABORT">
<![CDATA[
Godot Runtime Error !
Error: 'Invalid call. Nonexistent function 'add_cores' in base 'Node (05_level_manager.gd)'.'
	at res://scripts/gameplay/chemical_reaction_engine.gd:151
]]>
			</error>
			<error message="ERROR: res://scripts/tests/ui_integration_test.gd:0" type="ABORT">
<![CDATA[
Godot Runtime Error !
Error: 'Invalid call. Nonexistent function 'add_cores' in base 'Node (05_level_manager.gd)'.'
	at res://scripts/gameplay/chemical_reaction_engine.gd:151
]]>
			</error>
			<error message="ERROR: res://scripts/tests/ui_integration_test.gd:0" type="ABORT">
<![CDATA[
Godot Runtime Error !
Error: 'Invalid call. Nonexistent function 'add_cores' in base 'Node (05_level_manager.gd)'.'
	at res://scripts/gameplay/chemical_reaction_engine.gd:151
]]>
			</error>
			<error message="ERROR: res://scripts/tests/ui_integration_test.gd:0" type="ABORT">
<![CDATA[
Godot Runtime Error !
Error: 'Invalid call. Nonexistent function 'add_cores' in base 'Node (05_level_manager.gd)'.'
	at res://scripts/gameplay/chemical_reaction_engine.gd:151
]]>
			</error>
			<error message="ERROR: res://scripts/tests/ui_integration_test.gd:0" type="ABORT">
<![CDATA[
Godot Runtime Error !
Error: 'Invalid call. Nonexistent function 'add_cores' in base 'Node (05_level_manager.gd)'.'
	at res://scripts/gameplay/chemical_reaction_engine.gd:151
]]>
			</error>
			<error message="ERROR: res://scripts/tests/ui_integration_test.gd:0" type="ABORT">
<![CDATA[
Godot Runtime Error !
Error: 'Invalid call. Nonexistent function 'add_cores' in base 'Node (05_level_manager.gd)'.'
	at res://scripts/gameplay/chemical_reaction_engine.gd:151
]]>
			</error>
			<error message="ERROR: res://scripts/tests/ui_integration_test.gd:0" type="ABORT">
<![CDATA[
Godot Runtime Error !
Error: 'Invalid call. Nonexistent function 'add_cores' in base 'Node (05_level_manager.gd)'.'
	at res://scripts/gameplay/chemical_reaction_engine.gd:151
]]>
			</error>
			<error message="ERROR: res://scripts/tests/ui_integration_test.gd:0" type="ABORT">
<![CDATA[
Godot Runtime Error !
Error: 'Invalid call. Nonexistent function 'add_cores' in base 'Node (05_level_manager.gd)'.'
	at res://scripts/gameplay/chemical_reaction_engine.gd:151
]]>
			</error>
			<error message="ERROR: res://scripts/tests/ui_integration_test.gd:0" type="ABORT">
<![CDATA[
Godot Runtime Error !
Error: 'Invalid call. Nonexistent function 'add_cores' in base 'Node (05_level_manager.gd)'.'
	at res://scripts/gameplay/chemical_reaction_engine.gd:151
]]>
			</error>
			<error message="ERROR: res://scripts/tests/ui_integration_test.gd:0" type="ABORT">
<![CDATA[
Godot Runtime Error !
Error: 'Invalid call. Nonexistent function 'add_cores' in base 'Node (05_level_manager.gd)'.'
	at res://scripts/gameplay/chemical_reaction_engine.gd:151
]]>
			</error>
			<error message="ERROR: res://scripts/tests/ui_integration_test.gd:0" type="ABORT">
<![CDATA[
Godot Runtime Error !
Error: 'Invalid call. Nonexistent function 'add_cores' in base 'Node (05_level_manager.gd)'.'
	at res://scripts/gameplay/chemical_reaction_engine.gd:151
]]>
			</error>
			<error message="ERROR: res://scripts/tests/ui_integration_test.gd:0" type="ABORT">
<![CDATA[
Godot Runtime Error !
Error: 'Invalid call. Nonexistent function 'add_cores' in base 'Node (05_level_manager.gd)'.'
	at res://scripts/gameplay/chemical_reaction_engine.gd:151
]]>
			</error>
			<error message="ERROR: res://scripts/tests/ui_integration_test.gd:0" type="ABORT">
<![CDATA[
Godot Runtime Error !
Error: 'Invalid call. Nonexistent function 'add_cores' in base 'Node (05_level_manager.gd)'.'
	at res://scripts/gameplay/chemical_reaction_engine.gd:151
]]>
			</error>
			<error message="ERROR: res://scripts/tests/ui_integration_test.gd:0" type="ABORT">
<![CDATA[
Godot Runtime Error !
Error: 'Invalid call. Nonexistent function 'add_cores' in base 'Node (05_level_manager.gd)'.'
	at res://scripts/gameplay/chemical_reaction_engine.gd:151
]]>
			</error>
			<error message="ERROR: res://scripts/tests/ui_integration_test.gd:0" type="ABORT">
<![CDATA[
Godot Runtime Error !
Error: 'Invalid call. Nonexistent function 'add_cores' in base 'Node (05_level_manager.gd)'.'
	at res://scripts/gameplay/chemical_reaction_engine.gd:151
]]>
			</error>
			<error message="ERROR: res://scripts/tests/ui_integration_test.gd:0" type="ABORT">
<![CDATA[
Godot Runtime Error !
Error: 'Invalid call. Nonexistent function 'add_cores' in base 'Node (05_level_manager.gd)'.'
	at res://scripts/gameplay/chemical_reaction_engine.gd:151
]]>
			</error>
			<error message="ERROR: res://scripts/tests/ui_integration_test.gd:0" type="ABORT">
<![CDATA[
Godot Runtime Error !
Error: 'Invalid call. Nonexistent function 'add_cores' in base 'Node (05_level_manager.gd)'.'
	at res://scripts/gameplay/chemical_reaction_engine.gd:151
]]>
			</error>
			<error message="ERROR: res://scripts/tests/ui_integration_test.gd:0" type="ABORT">
<![CDATA[
Godot Runtime Error !
Error: 'Invalid call. Nonexistent function 'add_cores' in base 'Node (05_level_manager.gd)'.'
	at res://scripts/gameplay/chemical_reaction_engine.gd:151
]]>
			</error>
			<error message="ERROR: res://scripts/tests/ui_integration_test.gd:0" type="ABORT">
<![CDATA[
Godot Runtime Error !
Error: 'Invalid call. Nonexistent function 'add_cores' in base 'Node (05_level_manager.gd)'.'
	at res://scripts/gameplay/chemical_reaction_engine.gd:151
]]>
			</error>
			<error message="ERROR: res://scripts/tests/ui_integration_test.gd:0" type="ABORT">
<![CDATA[
Godot Runtime Error !
Error: 'Invalid call. Nonexistent function 'add_cores' in base 'Node (05_level_manager.gd)'.'
	at res://scripts/gameplay/chemical_reaction_engine.gd:151
]]>
			</error>
			<error message="ERROR: res://scripts/tests/ui_integration_test.gd:0" type="ABORT">
<![CDATA[
Godot Runtime Error !
Error: 'Invalid call. Nonexistent function 'add_cores' in base 'Node (05_level_manager.gd)'.'
	at res://scripts/gameplay/chemical_reaction_engine.gd:151
]]>
			</error>
			<error message="ERROR: res://scripts/tests/ui_integration_test.gd:0" type="ABORT">
<![CDATA[
Godot Runtime Error !
Error: 'Invalid call. Nonexistent function 'add_cores' in base 'Node (05_level_manager.gd)'.'
	at res://scripts/gameplay/chemical_reaction_engine.gd:151
]]>
			</error>
			<error message="ERROR: res://scripts/tests/ui_integration_test.gd:0" type="ABORT">
<![CDATA[
Godot Runtime Error !
Error: 'Invalid call. Nonexistent function 'add_cores' in base 'Node (05_level_manager.gd)'.'
	at res://scripts/gameplay/chemical_reaction_engine.gd:151
]]>
			</error>
			<error message="ERROR: res://scripts/tests/ui_integration_test.gd:0" type="ABORT">
<![CDATA[
Godot Runtime Error !
Error: 'Invalid call. Nonexistent function 'add_cores' in base 'Node (05_level_manager.gd)'.'
	at res://scripts/gameplay/chemical_reaction_engine.gd:151
]]>
			</error>
			<error message="ERROR: res://scripts/tests/ui_integration_test.gd:0" type="ABORT">
<![CDATA[
Godot Runtime Error !
Error: 'Invalid call. Nonexistent function 'add_cores' in base 'Node (05_level_manager.gd)'.'
	at res://scripts/gameplay/chemical_reaction_engine.gd:151
]]>
			</error>
			<error message="ERROR: res://scripts/tests/ui_integration_test.gd:0" type="ABORT">
<![CDATA[
Godot Runtime Error !
Error: 'Invalid call. Nonexistent function 'add_cores' in base 'Node (05_level_manager.gd)'.'
	at res://scripts/gameplay/chemical_reaction_engine.gd:151
]]>
			</error>
			<error message="ERROR: res://scripts/tests/ui_integration_test.gd:0" type="ABORT">
<![CDATA[
Godot Runtime Error !
Error: 'Invalid call. Nonexistent function 'add_cores' in base 'Node (05_level_manager.gd)'.'
	at res://scripts/gameplay/chemical_reaction_engine.gd:151
]]>
			</error>
			<error message="ERROR: res://scripts/tests/ui_integration_test.gd:0" type="ABORT">
<![CDATA[
Godot Runtime Error !
Error: 'Invalid call. Nonexistent function 'add_cores' in base 'Node (05_level_manager.gd)'.'
	at res://scripts/gameplay/chemical_reaction_engine.gd:151
]]>
			</error>
			<error message="ERROR: res://scripts/tests/ui_integration_test.gd:0" type="ABORT">
<![CDATA[
Godot Runtime Error !
Error: 'Invalid call. Nonexistent function 'add_cores' in base 'Node (05_level_manager.gd)'.'
	at res://scripts/gameplay/chemical_reaction_engine.gd:151
]]>
			</error>
			<error message="ERROR: res://scripts/tests/ui_integration_test.gd:0" type="ABORT">
<![CDATA[
Godot Runtime Error !
Error: 'Invalid call. Nonexistent function 'add_cores' in base 'Node (05_level_manager.gd)'.'
	at res://scripts/gameplay/chemical_reaction_engine.gd:151
]]>
			</error>
			<error message="ERROR: res://scripts/tests/ui_integration_test.gd:0" type="ABORT">
<![CDATA[
Godot Runtime Error !
Error: 'Invalid call. Nonexistent function 'add_cores' in base 'Node (05_level_manager.gd)'.'
	at res://scripts/gameplay/chemical_reaction_engine.gd:151
]]>
			</error>
			<error message="ERROR: res://scripts/tests/ui_integration_test.gd:0" type="ABORT">
<![CDATA[
Godot Runtime Error !
Error: 'Invalid call. Nonexistent function 'add_cores' in base 'Node (05_level_manager.gd)'.'
	at res://scripts/gameplay/chemical_reaction_engine.gd:151
]]>
			</error>
			<error message="ERROR: res://scripts/tests/ui_integration_test.gd:0" type="ABORT">
<![CDATA[
Godot Runtime Error !
Error: 'Invalid call. Nonexistent function 'add_cores' in base 'Node (05_level_manager.gd)'.'
	at res://scripts/gameplay/chemical_reaction_engine.gd:151
]]>
			</error>
			<error message="ERROR: res://scripts/tests/ui_integration_test.gd:0" type="ABORT">
<![CDATA[
Godot Runtime Error !
Error: 'Invalid call. Nonexistent function 'add_cores' in base 'Node (05_level_manager.gd)'.'
	at res://scripts/gameplay/chemical_reaction_engine.gd:151
]]>
			</error>
			<error message="ERROR: res://scripts/tests/ui_integration_test.gd:0" type="ABORT">
<![CDATA[
Godot Runtime Error !
Error: 'Invalid call. Nonexistent function 'add_cores' in base 'Node (05_level_manager.gd)'.'
	at res://scripts/gameplay/chemical_reaction_engine.gd:151
]]>
			</error>
			<error message="ERROR: res://scripts/tests/ui_integration_test.gd:0" type="ABORT">
<![CDATA[
Godot Runtime Error !
Error: 'Invalid call. Nonexistent function 'add_cores' in base 'Node (05_level_manager.gd)'.'
	at res://scripts/gameplay/chemical_reaction_engine.gd:151
]]>
			</error>
			<error message="ERROR: res://scripts/tests/ui_integration_test.gd:0" type="ABORT">
<![CDATA[
Godot Runtime Error !
Error: 'Invalid call. Nonexistent function 'add_cores' in base 'Node (05_level_manager.gd)'.'
	at res://scripts/gameplay/chemical_reaction_engine.gd:151
]]>
			</error>
			<error message="ERROR: res://scripts/tests/ui_integration_test.gd:0" type="ABORT">
<![CDATA[
Godot Runtime Error !
Error: 'Invalid call. Nonexistent function 'add_cores' in base 'Node (05_level_manager.gd)'.'
	at res://scripts/gameplay/chemical_reaction_engine.gd:151
]]>
			</error>
			<error message="ERROR: res://scripts/tests/ui_integration_test.gd:0" type="ABORT">
<![CDATA[
Godot Runtime Error !
Error: 'Invalid call. Nonexistent function 'add_cores' in base 'Node (05_level_manager.gd)'.'
	at res://scripts/gameplay/chemical_reaction_engine.gd:151
]]>
			</error>
			<error message="ERROR: res://scripts/tests/ui_integration_test.gd:0" type="ABORT">
<![CDATA[
Godot Runtime Error !
Error: 'Invalid call. Nonexistent function 'add_cores' in base 'Node (05_level_manager.gd)'.'
	at res://scripts/gameplay/chemical_reaction_engine.gd:151
]]>
			</error>
			<error message="ERROR: res://scripts/tests/ui_integration_test.gd:0" type="ABORT">
<![CDATA[
Godot Runtime Error !
Error: 'Invalid call. Nonexistent function 'add_cores' in base 'Node (05_level_manager.gd)'.'
	at res://scripts/gameplay/chemical_reaction_engine.gd:151
]]>
			</error>
			<error message="ERROR: res://scripts/tests/ui_integration_test.gd:0" type="ABORT">
<![CDATA[
Godot Runtime Error !
Error: 'Invalid call. Nonexistent function 'add_cores' in base 'Node (05_level_manager.gd)'.'
	at res://scripts/gameplay/chemical_reaction_engine.gd:151
]]>
			</error>
			<error message="ERROR: res://scripts/tests/ui_integration_test.gd:0" type="ABORT">
<![CDATA[
Godot Runtime Error !
Error: 'Invalid call. Nonexistent function 'add_cores' in base 'Node (05_level_manager.gd)'.'
	at res://scripts/gameplay/chemical_reaction_engine.gd:151
]]>
			</error>
			<error message="ERROR: res://scripts/tests/ui_integration_test.gd:0" type="ABORT">
<![CDATA[
Godot Runtime Error !
Error: 'Invalid call. Nonexistent function 'add_cores' in base 'Node (05_level_manager.gd)'.'
	at res://scripts/gameplay/chemical_reaction_engine.gd:151
]]>
			</error>
			<error message="ERROR: res://scripts/tests/ui_integration_test.gd:0" type="ABORT">
<![CDATA[
Godot Runtime Error !
Error: 'Invalid call. Nonexistent function 'add_cores' in base 'Node (05_level_manager.gd)'.'
	at res://scripts/gameplay/chemical_reaction_engine.gd:151
]]>
			</error>
			<error message="ERROR: res://scripts/tests/ui_integration_test.gd:0" type="ABORT">
<![CDATA[
Godot Runtime Error !
Error: 'Invalid call. Nonexistent function 'add_cores' in base 'Node (05_level_manager.gd)'.'
	at res://scripts/gameplay/chemical_reaction_engine.gd:151
]]>
			</error>
			<error message="ERROR: res://scripts/tests/ui_integration_test.gd:0" type="ABORT">
<![CDATA[
Godot Runtime Error !
Error: 'Invalid call. Nonexistent function 'add_cores' in base 'Node (05_level_manager.gd)'.'
	at res://scripts/gameplay/chemical_reaction_engine.gd:151
]]>
			</error>
			<error message="ERROR: res://scripts/tests/ui_integration_test.gd:0" type="ABORT">
<![CDATA[
Godot Runtime Error !
Error: 'Invalid call. Nonexistent function 'add_cores' in base 'Node (05_level_manager.gd)'.'
	at res://scripts/gameplay/chemical_reaction_engine.gd:151
]]>
			</error>
			<error message="ERROR: res://scripts/tests/ui_integration_test.gd:0" type="ABORT">
<![CDATA[
Godot Runtime Error !
Error: 'Invalid call. Nonexistent function 'add_cores' in base 'Node (05_level_manager.gd)'.'
	at res://scripts/gameplay/chemical_reaction_engine.gd:151
]]>
			</error>
			<error message="ERROR: res://scripts/tests/ui_integration_test.gd:0" type="ABORT">
<![CDATA[
Godot Runtime Error !
Error: 'Invalid call. Nonexistent function 'add_cores' in base 'Node (05_level_manager.gd)'.'
	at res://scripts/gameplay/chemical_reaction_engine.gd:151
]]>
			</error>
			<error message="ERROR: res://scripts/tests/ui_integration_test.gd:0" type="ABORT">
<![CDATA[
Godot Runtime Error !
Error: 'Invalid call. Nonexistent function 'add_cores' in base 'Node (05_level_manager.gd)'.'
	at res://scripts/gameplay/chemical_reaction_engine.gd:151
]]>
			</error>
			<error message="ERROR: res://scripts/tests/ui_integration_test.gd:0" type="ABORT">
<![CDATA[
Godot Runtime Error !
Error: 'Invalid call. Nonexistent function 'add_cores' in base 'Node (05_level_manager.gd)'.'
	at res://scripts/gameplay/chemical_reaction_engine.gd:151
]]>
			</error>
			<error message="ERROR: res://scripts/tests/ui_integration_test.gd:0" type="ABORT">
<![CDATA[
Godot Runtime Error !
Error: 'Invalid call. Nonexistent function 'add_cores' in base 'Node (05_level_manager.gd)'.'
	at res://scripts/gameplay/chemical_reaction_engine.gd:151
]]>
			</error>
			<error message="ERROR: res://scripts/tests/ui_integration_test.gd:0" type="ABORT">
<![CDATA[
Godot Runtime Error !
Error: 'Invalid call. Nonexistent function 'add_cores' in base 'Node (05_level_manager.gd)'.'
	at res://scripts/gameplay/chemical_reaction_engine.gd:151
]]>
			</error>
			<error message="ERROR: res://scripts/tests/ui_integration_test.gd:0" type="ABORT">
<![CDATA[
Godot Runtime Error !
Error: 'Invalid call. Nonexistent function 'add_cores' in base 'Node (05_level_manager.gd)'.'
	at res://scripts/gameplay/chemical_reaction_engine.gd:151
]]>
			</error>
			<error message="ERROR: res://scripts/tests/ui_integration_test.gd:0" type="ABORT">
<![CDATA[
Godot Runtime Error !
Error: 'Invalid call. Nonexistent function 'add_cores' in base 'Node (05_level_manager.gd)'.'
	at res://scripts/gameplay/chemical_reaction_engine.gd:151
]]>
			</error>
			<error message="ERROR: res://scripts/tests/ui_integration_test.gd:0" type="ABORT">
<![CDATA[
Godot Runtime Error !
Error: 'Invalid call. Nonexistent function 'add_cores' in base 'Node (05_level_manager.gd)'.'
	at res://scripts/gameplay/chemical_reaction_engine.gd:151
]]>
			</error>
			<error message="ERROR: res://scripts/tests/ui_integration_test.gd:0" type="ABORT">
<![CDATA[
Godot Runtime Error !
Error: 'Invalid call. Nonexistent function 'add_cores' in base 'Node (05_level_manager.gd)'.'
	at res://scripts/gameplay/chemical_reaction_engine.gd:151
]]>
			</error>
			<error message="ERROR: res://scripts/tests/ui_integration_test.gd:0" type="ABORT">
<![CDATA[
Godot Runtime Error !
Error: 'Invalid call. Nonexistent function 'add_cores' in base 'Node (05_level_manager.gd)'.'
	at res://scripts/gameplay/chemical_reaction_engine.gd:151
]]>
			</error>
			<error message="ERROR: res://scripts/tests/ui_integration_test.gd:0" type="ABORT">
<![CDATA[
Godot Runtime Error !
Error: 'Invalid call. Nonexistent function 'add_cores' in base 'Node (05_level_manager.gd)'.'
	at res://scripts/gameplay/chemical_reaction_engine.gd:151
]]>
			</error>
			<error message="ERROR: res://scripts/tests/ui_integration_test.gd:0" type="ABORT">
<![CDATA[
Godot Runtime Error !
Error: 'Invalid call. Nonexistent function 'add_cores' in base 'Node (05_level_manager.gd)'.'
	at res://scripts/gameplay/chemical_reaction_engine.gd:151
]]>
			</error>
			<error message="ERROR: res://scripts/tests/ui_integration_test.gd:0" type="ABORT">
<![CDATA[
Godot Runtime Error !
Error: 'Invalid call. Nonexistent function 'add_cores' in base 'Node (05_level_manager.gd)'.'
	at res://scripts/gameplay/chemical_reaction_engine.gd:151
]]>
			</error>
			<error message="ERROR: res://scripts/tests/ui_integration_test.gd:0" type="ABORT">
<![CDATA[
Godot Runtime Error !
Error: 'Invalid call. Nonexistent function 'add_cores' in base 'Node (05_level_manager.gd)'.'
	at res://scripts/gameplay/chemical_reaction_engine.gd:151
]]>
			</error>
			<error message="ERROR: res://scripts/tests/ui_integration_test.gd:0" type="ABORT">
<![CDATA[
Godot Runtime Error !
Error: 'Invalid call. Nonexistent function 'add_cores' in base 'Node (05_level_manager.gd)'.'
	at res://scripts/gameplay/chemical_reaction_engine.gd:151
]]>
			</error>
			<error message="ERROR: res://scripts/tests/ui_integration_test.gd:0" type="ABORT">
<![CDATA[
Godot Runtime Error !
Error: 'Invalid call. Nonexistent function 'add_cores' in base 'Node (05_level_manager.gd)'.'
	at res://scripts/gameplay/chemical_reaction_engine.gd:151
]]>
			</error>
			<error message="ERROR: res://scripts/tests/ui_integration_test.gd:0" type="ABORT">
<![CDATA[
Godot Runtime Error !
Error: 'Invalid call. Nonexistent function 'add_cores' in base 'Node (05_level_manager.gd)'.'
	at res://scripts/gameplay/chemical_reaction_engine.gd:151
]]>
			</error>
			<error message="ERROR: res://scripts/tests/ui_integration_test.gd:0" type="ABORT">
<![CDATA[
Godot Runtime Error !
Error: 'Invalid call. Nonexistent function 'add_cores' in base 'Node (05_level_manager.gd)'.'
	at res://scripts/gameplay/chemical_reaction_engine.gd:151
]]>
			</error>
			<error message="ERROR: res://scripts/tests/ui_integration_test.gd:0" type="ABORT">
<![CDATA[
Godot Runtime Error !
Error: 'Invalid call. Nonexistent function 'add_cores' in base 'Node (05_level_manager.gd)'.'
	at res://scripts/gameplay/chemical_reaction_engine.gd:151
]]>
			</error>
			<error message="ERROR: res://scripts/tests/ui_integration_test.gd:0" type="ABORT">
<![CDATA[
Godot Runtime Error !
Error: 'Invalid call. Nonexistent function 'add_cores' in base 'Node (05_level_manager.gd)'.'
	at res://scripts/gameplay/chemical_reaction_engine.gd:151
]]>
			</error>
			<error message="ERROR: res://scripts/tests/ui_integration_test.gd:0" type="ABORT">
<![CDATA[
Godot Runtime Error !
Error: 'Invalid call. Nonexistent function 'add_cores' in base 'Node (05_level_manager.gd)'.'
	at res://scripts/gameplay/chemical_reaction_engine.gd:151
]]>
			</error>
			<error message="ERROR: res://scripts/tests/ui_integration_test.gd:0" type="ABORT">
<![CDATA[
Godot Runtime Error !
Error: 'Invalid call. Nonexistent function 'add_cores' in base 'Node (05_level_manager.gd)'.'
	at res://scripts/gameplay/chemical_reaction_engine.gd:151
]]>
			</error>
			<error message="ERROR: res://scripts/tests/ui_integration_test.gd:0" type="ABORT">
<![CDATA[
Godot Runtime Error !
Error: 'Invalid call. Nonexistent function 'add_cores' in base 'Node (05_level_manager.gd)'.'
	at res://scripts/gameplay/chemical_reaction_engine.gd:151
]]>
			</error>
			<error message="ERROR: res://scripts/tests/ui_integration_test.gd:0" type="ABORT">
<![CDATA[
Godot Runtime Error !
Error: 'Invalid call. Nonexistent function 'add_cores' in base 'Node (05_level_manager.gd)'.'
	at res://scripts/gameplay/chemical_reaction_engine.gd:151
]]>
			</error>
			<error message="ERROR: res://scripts/tests/ui_integration_test.gd:0" type="ABORT">
<![CDATA[
Godot Runtime Error !
Error: 'Invalid call. Nonexistent function 'add_cores' in base 'Node (05_level_manager.gd)'.'
	at res://scripts/gameplay/chemical_reaction_engine.gd:151
]]>
			</error>
			<error message="ERROR: res://scripts/tests/ui_integration_test.gd:0" type="ABORT">
<![CDATA[
Godot Runtime Error !
Error: 'Invalid call. Nonexistent function 'add_cores' in base 'Node (05_level_manager.gd)'.'
	at res://scripts/gameplay/chemical_reaction_engine.gd:151
]]>
			</error>
			<error message="ERROR: res://scripts/tests/ui_integration_test.gd:0" type="ABORT">
<![CDATA[
Godot Runtime Error !
Error: 'Invalid call. Nonexistent function 'add_cores' in base 'Node (05_level_manager.gd)'.'
	at res://scripts/gameplay/chemical_reaction_engine.gd:151
]]>
			</error>
			<error message="ERROR: res://scripts/tests/ui_integration_test.gd:0" type="ABORT">
<![CDATA[
Godot Runtime Error !
Error: 'Invalid call. Nonexistent function 'add_cores' in base 'Node (05_level_manager.gd)'.'
	at res://scripts/gameplay/chemical_reaction_engine.gd:151
]]>
			</error>
			<error message="ERROR: res://scripts/tests/ui_integration_test.gd:0" type="ABORT">
<![CDATA[
Godot Runtime Error !
Error: 'Invalid call. Nonexistent function 'add_cores' in base 'Node (05_level_manager.gd)'.'
	at res://scripts/gameplay/chemical_reaction_engine.gd:151
]]>
			</error>
			<error message="ERROR: res://scripts/tests/ui_integration_test.gd:0" type="ABORT">
<![CDATA[
Godot Runtime Error !
Error: 'Invalid call. Nonexistent function 'add_cores' in base 'Node (05_level_manager.gd)'.'
	at res://scripts/gameplay/chemical_reaction_engine.gd:151
]]>
			</error>
			<error message="ERROR: res://scripts/tests/ui_integration_test.gd:0" type="ABORT">
<![CDATA[
Godot Runtime Error !
Error: 'Invalid call. Nonexistent function 'add_cores' in base 'Node (05_level_manager.gd)'.'
	at res://scripts/gameplay/chemical_reaction_engine.gd:151
]]>
			</error>
			<error message="ERROR: res://scripts/tests/ui_integration_test.gd:0" type="ABORT">
<![CDATA[
Godot Runtime Error !
Error: 'Invalid call. Nonexistent function 'add_cores' in base 'Node (05_level_manager.gd)'.'
	at res://scripts/gameplay/chemical_reaction_engine.gd:151
]]>
			</error>
			<error message="ERROR: res://scripts/tests/ui_integration_test.gd:0" type="ABORT">
<![CDATA[
Godot Runtime Error !
Error: 'Invalid call. Nonexistent function 'add_cores' in base 'Node (05_level_manager.gd)'.'
	at res://scripts/gameplay/chemical_reaction_engine.gd:151
]]>
			</error>
			<error message="ERROR: res://scripts/tests/ui_integration_test.gd:0" type="ABORT">
<![CDATA[
Godot Runtime Error !
Error: 'Invalid call. Nonexistent function 'add_cores' in base 'Node (05_level_manager.gd)'.'
	at res://scripts/gameplay/chemical_reaction_engine.gd:151
]]>
			</error>
			<error message="ERROR: res://scripts/tests/ui_integration_test.gd:0" type="ABORT">
<![CDATA[
Godot Runtime Error !
Error: 'Invalid call. Nonexistent function 'add_cores' in base 'Node (05_level_manager.gd)'.'
	at res://scripts/gameplay/chemical_reaction_engine.gd:151
]]>
			</error>
			<error message="ERROR: res://scripts/tests/ui_integration_test.gd:0" type="ABORT">
<![CDATA[
Godot Runtime Error !
Error: 'Invalid call. Nonexistent function 'add_cores' in base 'Node (05_level_manager.gd)'.'
	at res://scripts/gameplay/chemical_reaction_engine.gd:151
]]>
			</error>
			<error message="ERROR: res://scripts/tests/ui_integration_test.gd:0" type="ABORT">
<![CDATA[
Godot Runtime Error !
Error: 'Invalid call. Nonexistent function 'add_cores' in base 'Node (05_level_manager.gd)'.'
	at res://scripts/gameplay/chemical_reaction_engine.gd:151
]]>
			</error>
			<error message="ERROR: res://scripts/tests/ui_integration_test.gd:0" type="ABORT">
<![CDATA[
Godot Runtime Error !
Error: 'Invalid call. Nonexistent function 'add_cores' in base 'Node (05_level_manager.gd)'.'
	at res://scripts/gameplay/chemical_reaction_engine.gd:151
]]>
			</error>
			<error message="ERROR: res://scripts/tests/ui_integration_test.gd:0" type="ABORT">
<![CDATA[
Godot Runtime Error !
Error: 'Invalid call. Nonexistent function 'add_cores' in base 'Node (05_level_manager.gd)'.'
	at res://scripts/gameplay/chemical_reaction_engine.gd:151
]]>
			</error>
			<error message="ERROR: res://scripts/tests/ui_integration_test.gd:0" type="ABORT">
<![CDATA[
Godot Runtime Error !
Error: 'Invalid call. Nonexistent function 'add_cores' in base 'Node (05_level_manager.gd)'.'
	at res://scripts/gameplay/chemical_reaction_engine.gd:151
]]>
			</error>
			<error message="ERROR: res://scripts/tests/ui_integration_test.gd:0" type="ABORT">
<![CDATA[
Godot Runtime Error !
Error: 'Invalid call. Nonexistent function 'add_cores' in base 'Node (05_level_manager.gd)'.'
	at res://scripts/gameplay/chemical_reaction_engine.gd:151
]]>
			</error>
			<error message="ERROR: res://scripts/tests/ui_integration_test.gd:0" type="ABORT">
<![CDATA[
Godot Runtime Error !
Error: 'Invalid call. Nonexistent function 'add_cores' in base 'Node (05_level_manager.gd)'.'
	at res://scripts/gameplay/chemical_reaction_engine.gd:151
]]>
			</error>
			<error message="ERROR: res://scripts/tests/ui_integration_test.gd:0" type="ABORT">
<![CDATA[
Godot Runtime Error !
Error: 'Invalid call. Nonexistent function 'add_cores' in base 'Node (05_level_manager.gd)'.'
	at res://scripts/gameplay/chemical_reaction_engine.gd:151
]]>
			</error>
			<error message="ERROR: res://scripts/tests/ui_integration_test.gd:0" type="ABORT">
<![CDATA[
Godot Runtime Error !
Error: 'Invalid call. Nonexistent function 'add_cores' in base 'Node (05_level_manager.gd)'.'
	at res://scripts/gameplay/chemical_reaction_engine.gd:151
]]>
			</error>
			<error message="ERROR: res://scripts/tests/ui_integration_test.gd:0" type="ABORT">
<![CDATA[
Godot Runtime Error !
Error: 'Invalid call. Nonexistent function 'add_cores' in base 'Node (05_level_manager.gd)'.'
	at res://scripts/gameplay/chemical_reaction_engine.gd:151
]]>
			</error>
			<error message="ERROR: res://scripts/tests/ui_integration_test.gd:0" type="ABORT">
<![CDATA[
Godot Runtime Error !
Error: 'Invalid call. Nonexistent function 'add_cores' in base 'Node (05_level_manager.gd)'.'
	at res://scripts/gameplay/chemical_reaction_engine.gd:151
]]>
			</error>
			<error message="ERROR: res://scripts/tests/ui_integration_test.gd:0" type="ABORT">
<![CDATA[
Godot Runtime Error !
Error: 'Invalid call. Nonexistent function 'add_cores' in base 'Node (05_level_manager.gd)'.'
	at res://scripts/gameplay/chemical_reaction_engine.gd:151
]]>
			</error>
			<error message="ERROR: res://scripts/tests/ui_integration_test.gd:0" type="ABORT">
<![CDATA[
Godot Runtime Error !
Error: 'Invalid call. Nonexistent function 'add_cores' in base 'Node (05_level_manager.gd)'.'
	at res://scripts/gameplay/chemical_reaction_engine.gd:151
]]>
			</error>
			<error message="ERROR: res://scripts/tests/ui_integration_test.gd:0" type="ABORT">
<![CDATA[
Godot Runtime Error !
Error: 'Invalid call. Nonexistent function 'add_cores' in base 'Node (05_level_manager.gd)'.'
	at res://scripts/gameplay/chemical_reaction_engine.gd:151
]]>
			</error>
			<error message="ERROR: res://scripts/tests/ui_integration_test.gd:0" type="ABORT">
<![CDATA[
Godot Runtime Error !
Error: 'Invalid call. Nonexistent function 'add_cores' in base 'Node (05_level_manager.gd)'.'
	at res://scripts/gameplay/chemical_reaction_engine.gd:151
]]>
			</error>
			<error message="ERROR: res://scripts/tests/ui_integration_test.gd:0" type="ABORT">
<![CDATA[
Godot Runtime Error !
Error: 'Invalid call. Nonexistent function 'add_cores' in base 'Node (05_level_manager.gd)'.'
	at res://scripts/gameplay/chemical_reaction_engine.gd:151
]]>
			</error>
			<error message="ERROR: res://scripts/tests/ui_integration_test.gd:0" type="ABORT">
<![CDATA[
Godot Runtime Error !
Error: 'Invalid call. Nonexistent function 'add_cores' in base 'Node (05_level_manager.gd)'.'
	at res://scripts/gameplay/chemical_reaction_engine.gd:151
]]>
			</error>
			<error message="ERROR: res://scripts/tests/ui_integration_test.gd:0" type="ABORT">
<![CDATA[
Godot Runtime Error !
Error: 'Invalid call. Nonexistent function 'add_cores' in base 'Node (05_level_manager.gd)'.'
	at res://scripts/gameplay/chemical_reaction_engine.gd:151
]]>
			</error>
			<error message="ERROR: res://scripts/tests/ui_integration_test.gd:0" type="ABORT">
<![CDATA[
Godot Runtime Error !
Error: 'Invalid call. Nonexistent function 'add_cores' in base 'Node (05_level_manager.gd)'.'
	at res://scripts/gameplay/chemical_reaction_engine.gd:151
]]>
			</error>
			<error message="ERROR: res://scripts/tests/ui_integration_test.gd:0" type="ABORT">
<![CDATA[
Godot Runtime Error !
Error: 'Invalid call. Nonexistent function 'add_cores' in base 'Node (05_level_manager.gd)'.'
	at res://scripts/gameplay/chemical_reaction_engine.gd:151
]]>
			</error>
			<error message="ERROR: res://scripts/tests/ui_integration_test.gd:0" type="ABORT">
<![CDATA[
Godot Runtime Error !
Error: 'Invalid call. Nonexistent function 'add_cores' in base 'Node (05_level_manager.gd)'.'
	at res://scripts/gameplay/chemical_reaction_engine.gd:151
]]>
			</error>
			<error message="ERROR: res://scripts/tests/ui_integration_test.gd:0" type="ABORT">
<![CDATA[
Godot Runtime Error !
Error: 'Invalid call. Nonexistent function 'add_cores' in base 'Node (05_level_manager.gd)'.'
	at res://scripts/gameplay/chemical_reaction_engine.gd:151
]]>
			</error>
			<error message="ERROR: res://scripts/tests/ui_integration_test.gd:0" type="ABORT">
<![CDATA[
Godot Runtime Error !
Error: 'Invalid call. Nonexistent function 'add_cores' in base 'Node (05_level_manager.gd)'.'
	at res://scripts/gameplay/chemical_reaction_engine.gd:151
]]>
			</error>
			<error message="ERROR: res://scripts/tests/ui_integration_test.gd:0" type="ABORT">
<![CDATA[
Godot Runtime Error !
Error: 'Invalid call. Nonexistent function 'add_cores' in base 'Node (05_level_manager.gd)'.'
	at res://scripts/gameplay/chemical_reaction_engine.gd:151
]]>
			</error>
			<error message="ERROR: res://scripts/tests/ui_integration_test.gd:0" type="ABORT">
<![CDATA[
Godot Runtime Error !
[...]
<![CDATA[
Godot Runtime Error !
Error: 'Invalid call. Nonexistent function 'add_cores' in base 'Node (05_level_manager.gd)'.'
	at res://scripts/gameplay/chemical_reaction_engine.gd:151
]]>
			</error>
			<error message="ERROR: res://scripts/tests/ui_integration_test.gd:0" type="ABORT">
<![CDATA[
Godot Runtime Error !
Error: 'Invalid call. Nonexistent function 'add_cores' in base 'Node (05_level_manager.gd)'.'
	at res://scripts/gameplay/chemical_reaction_engine.gd:151
]]>
			</error>
			<error message="ERROR: res://scripts/tests/ui_integration_test.gd:0" type="ABORT">
<![CDATA[
Godot Runtime Error !
Error: 'Invalid call. Nonexistent function 'add_cores' in base 'Node (05_level_manager.gd)'.'
	at res://scripts/gameplay/chemical_reaction_engine.gd:151
]]>
			</error>
			<error message="ERROR: res://scripts/tests/ui_integration_test.gd:0" type="ABORT">
<![CDATA[
Godot Runtime Error !
Error: 'Invalid call. Nonexistent function 'add_cores' in base 'Node (05_level_manager.gd)'.'
	at res://scripts/gameplay/chemical_reaction_engine.gd:151
]]>
			</error>
			<error message="ERROR: res://scripts/tests/ui_integration_test.gd:0" type="ABORT">
<![CDATA[
Godot Runtime Error !
Error: 'Invalid call. Nonexistent function 'add_cores' in base 'Node (05_level_manager.gd)'.'
	at res://scripts/gameplay/chemical_reaction_engine.gd:151
]]>
			</error>
			<error message="ERROR: res://scripts/tests/ui_integration_test.gd:0" type="ABORT">
<![CDATA[
Godot Runtime Error !
Error: 'Invalid call. Nonexistent function 'add_cores' in base 'Node (05_level_manager.gd)'.'
	at res://scripts/gameplay/chemical_reaction_engine.gd:151
]]>
			</error>
			<error message="ERROR: res://scripts/tests/ui_integration_test.gd:0" type="ABORT">
<![CDATA[
Godot Runtime Error !
Error: 'Invalid call. Nonexistent function 'add_cores' in base 'Node (05_level_manager.gd)'.'
	at res://scripts/gameplay/chemical_reaction_engine.gd:151
]]>
			</error>
			<error message="ERROR: res://scripts/tests/ui_integration_test.gd:0" type="ABORT">
<![CDATA[
Godot Runtime Error !
Error: 'Invalid call. Nonexistent function 'add_cores' in base 'Node (05_level_manager.gd)'.'
	at res://scripts/gameplay/chemical_reaction_engine.gd:151
]]>
			</error>
			<error message="ERROR: res://scripts/tests/ui_integration_test.gd:0" type="ABORT">
<![CDATA[
Godot Runtime Error !
Error: 'Invalid call. Nonexistent function 'add_cores' in base 'Node (05_level_manager.gd)'.'
	at res://scripts/gameplay/chemical_reaction_engine.gd:151
]]>
			</error>
			<error message="ERROR: res://scripts/tests/ui_integration_test.gd:0" type="ABORT">
<![CDATA[
Godot Runtime Error !
Error: 'Invalid call. Nonexistent function 'add_cores' in base 'Node (05_level_manager.gd)'.'
	at res://scripts/gameplay/chemical_reaction_engine.gd:151
]]>
			</error>
			<error message="ERROR: res://scripts/tests/ui_integration_test.gd:0" type="ABORT">
<![CDATA[
Godot Runtime Error !
Error: 'Invalid call. Nonexistent function 'add_cores' in base 'Node (05_level_manager.gd)'.'
	at res://scripts/gameplay/chemical_reaction_engine.gd:151
]]>
			</error>
			<error message="ERROR: res://scripts/tests/ui_integration_test.gd:0" type="ABORT">
<![CDATA[
Godot Runtime Error !
Error: 'Invalid call. Nonexistent function 'add_cores' in base 'Node (05_level_manager.gd)'.'
	at res://scripts/gameplay/chemical_reaction_engine.gd:151
]]>
			</error>
			<error message="ERROR: res://scripts/tests/ui_integration_test.gd:0" type="ABORT">
<![CDATA[
Godot Runtime Error !
Error: 'Invalid call. Nonexistent function 'add_cores' in base 'Node (05_level_manager.gd)'.'
	at res://scripts/gameplay/chemical_reaction_engine.gd:151
]]>
			</error>
			<error message="ERROR: res://scripts/tests/ui_integration_test.gd:0" type="ABORT">
<![CDATA[
Godot Runtime Error !
Error: 'Invalid call. Nonexistent function 'add_cores' in base 'Node (05_level_manager.gd)'.'
	at res://scripts/gameplay/chemical_reaction_engine.gd:151
]]>
			</error>
			<error message="ERROR: res://scripts/tests/ui_integration_test.gd:0" type="ABORT">
<![CDATA[
Godot Runtime Error !
Error: 'Invalid call. Nonexistent function 'add_cores' in base 'Node (05_level_manager.gd)'.'
	at res://scripts/gameplay/chemical_reaction_engine.gd:151
]]>
			</error>
			<error message="ERROR: res://scripts/tests/ui_integration_test.gd:0" type="ABORT">
<![CDATA[
Godot Runtime Error !
Error: 'Invalid call. Nonexistent function 'add_cores' in base 'Node (05_level_manager.gd)'.'
	at res://scripts/gameplay/chemical_reaction_engine.gd:151
]]>
			</error>
			<error message="ERROR: res://scripts/tests/ui_integration_test.gd:0" type="ABORT">
<![CDATA[
Godot Runtime Error !
Error: 'Invalid call. Nonexistent function 'add_cores' in base 'Node (05_level_manager.gd)'.'
	at res://scripts/gameplay/chemical_reaction_engine.gd:151
]]>
			</error>
			<error message="ERROR: res://scripts/tests/ui_integration_test.gd:0" type="ABORT">
<![CDATA[
Godot Runtime Error !
Error: 'Invalid call. Nonexistent function 'add_cores' in base 'Node (05_level_manager.gd)'.'
	at res://scripts/gameplay/chemical_reaction_engine.gd:151
]]>
			</error>
			<error message="ERROR: res://scripts/tests/ui_integration_test.gd:0" type="ABORT">
<![CDATA[
Godot Runtime Error !
Error: 'Invalid call. Nonexistent function 'add_cores' in base 'Node (05_level_manager.gd)'.'
	at res://scripts/gameplay/chemical_reaction_engine.gd:151
]]>
			</error>
			<error message="ERROR: res://scripts/tests/ui_integration_test.gd:0" type="ABORT">
<![CDATA[
Godot Runtime Error !
Error: 'Invalid call. Nonexistent function 'add_cores' in base 'Node (05_level_manager.gd)'.'
	at res://scripts/gameplay/chemical_reaction_engine.gd:151
]]>
			</error>
			<error message="ERROR: res://scripts/tests/ui_integration_test.gd:0" type="ABORT">
<![CDATA[
Godot Runtime Error !
Error: 'Invalid call. Nonexistent function 'add_cores' in base 'Node (05_level_manager.gd)'.'
	at res://scripts/gameplay/chemical_reaction_engine.gd:151
]]>
			</error>
			<error message="ERROR: res://scripts/tests/ui_integration_test.gd:0" type="ABORT">
<![CDATA[
Godot Runtime Error !
Error: 'Invalid call. Nonexistent function 'add_cores' in base 'Node (05_level_manager.gd)'.'
	at res://scripts/gameplay/chemical_reaction_engine.gd:151
]]>
			</error>
			<error message="ERROR: res://scripts/tests/ui_integration_test.gd:0" type="ABORT">
<![CDATA[
Godot Runtime Error !
Error: 'Invalid call. Nonexistent function 'add_cores' in base 'Node (05_level_manager.gd)'.'
	at res://scripts/gameplay/chemical_reaction_engine.gd:151
]]>
			</error>
			<error message="ERROR: res://scripts/tests/ui_integration_test.gd:0" type="ABORT">
<![CDATA[
Godot Runtime Error !
Error: 'Invalid call. Nonexistent function 'add_cores' in base 'Node (05_level_manager.gd)'.'
	at res://scripts/gameplay/chemical_reaction_engine.gd:151
]]>
			</error>
			<error message="ERROR: res://scripts/tests/ui_integration_test.gd:0" type="ABORT">
<![CDATA[
Godot Runtime Error !
Error: 'Invalid call. Nonexistent function 'add_cores' in base 'Node (05_level_manager.gd)'.'
	at res://scripts/gameplay/chemical_reaction_engine.gd:151
]]>
			</error>
			<error message="ERROR: res://scripts/tests/ui_integration_test.gd:0" type="ABORT">
<![CDATA[
Godot Runtime Error !
Error: 'Invalid call. Nonexistent function 'add_cores' in base 'Node (05_level_manager.gd)'.'
	at res://scripts/gameplay/chemical_reaction_engine.gd:151
]]>
			</error>
			<error message="ERROR: res://scripts/tests/ui_integration_test.gd:0" type="ABORT">
<![CDATA[
Godot Runtime Error !
Error: 'Invalid call. Nonexistent function 'add_cores' in base 'Node (05_level_manager.gd)'.'
	at res://scripts/gameplay/chemical_reaction_engine.gd:151
]]>
			</error>
			<error message="ERROR: res://scripts/tests/ui_integration_test.gd:0" type="ABORT">
<![CDATA[
Godot Runtime Error !
Error: 'Invalid call. Nonexistent function 'add_cores' in base 'Node (05_level_manager.gd)'.'
	at res://scripts/gameplay/chemical_reaction_engine.gd:151
]]>
			</error>
			<error message="ERROR: res://scripts/tests/ui_integration_test.gd:0" type="ABORT">
<![CDATA[
Godot Runtime Error !
Error: 'Invalid call. Nonexistent function 'add_cores' in base 'Node (05_level_manager.gd)'.'
	at res://scripts/gameplay/chemical_reaction_engine.gd:151
]]>
			</error>
			<error message="ERROR: res://scripts/tests/ui_integration_test.gd:0" type="ABORT">
<![CDATA[
Godot Runtime Error !
Error: 'Invalid call. Nonexistent function 'add_cores' in base 'Node (05_level_manager.gd)'.'
	at res://scripts/gameplay/chemical_reaction_engine.gd:151
]]>
			</error>
		</testcase>
		<testcase name="test_verification_panel_interaction" classname="ui_integration_test" time="5.708">
		</testcase>
		<testcase name="test_conservation_state_change_audio_chain" classname="ui_integration_test" time="5.968">
		</testcase>
		<testcase name="test_substitute_atom_via_ui" classname="ui_integration_test" time="6.057">
		</testcase>
		<testcase name="test_next_level_button_signal" classname="ui_integration_test" time="8.556">
		</testcase>
		<testcase name="test_rapid_level_switching" classname="ui_integration_test" time="12.587">
		</testcase>
		<testcase name="test_disintegration_chain" classname="ui_integration_test" time="6.410">
		</testcase>
		<testcase name="test_camera_focus_on" classname="ui_integration_test" time="5.618">
		</testcase>
		<testcase name="test_camera_distance_api" classname="ui_integration_test" time="5.678">
		</testcase>
		<testcase name="test_camera_cycle_scale_direct" classname="ui_integration_test" time="5.835">
		</testcase>
		<testcase name="test_camera_apply_level_scale" classname="ui_integration_test" time="6.217">
		</testcase>
		<testcase name="test_camera_orbit_api" classname="ui_integration_test" time="5.458">
		</testcase>
		<testcase name="test_fog_create_semi_decidable" classname="ui_integration_test" time="3.334">
		</testcase>
		<testcase name="test_fog_create_undecidable" classname="ui_integration_test" time="1.003">
		</testcase>
		<testcase name="test_fog_create_independent" classname="ui_integration_test" time="1.194">
		</testcase>
		<testcase name="test_fog_created_signal" classname="ui_integration_test" time="1.068">
		</testcase>
		<testcase name="test_conservation_perturbation_changes_matrix" classname="ui_integration_test" time="1.173">
		</testcase>
		<testcase name="test_conservation_tune_api" classname="ui_integration_test" time="1.260">
		</testcase>
		<testcase name="test_conservation_tune_out_of_range" classname="ui_integration_test" time="0.931">
		</testcase>
		<testcase name="test_conservation_set_get_entry" classname="ui_integration_test" time="0.994">
		</testcase>
		<testcase name="test_conservation_deviation_summary" classname="ui_integration_test" time="1.108">
		</testcase>
		<testcase name="test_conservation_reset_to_safe_state" classname="ui_integration_test" time="0.982">
		</testcase>
		<testcase name="test_conservation_state_color" classname="ui_integration_test" time="0.933">
		</testcase>
		<testcase name="test_tool_panel_buttons_exist" classname="ui_integration_test" time="6.781">
		</testcase>
		<testcase name="test_tool_panel_extra_buttons_created" classname="ui_integration_test" time="6.408">
		</testcase>
		<testcase name="test_tool_panel_active_tool_highlight" classname="ui_integration_test" time="6.467">
		</testcase>
		<testcase name="test_tool_panel_on_tool_changed" classname="ui_integration_test" time="5.955">
		</testcase>
		<testcase name="test_tool_panel_contextual_tools" classname="ui_integration_test" time="5.781">
		</testcase>
		<testcase name="test_proof_panel_methods_exist" classname="ui_integration_test" time="5.472">
		</testcase>
		<testcase name="test_proof_panel_rebuild_after_add" classname="ui_integration_test" time="5.904">
		</testcase>
		<testcase name="test_objective_panel_methods_exist" classname="ui_integration_test" time="5.939">
		</testcase>
		<testcase name="test_objective_panel_collapse_toggle" classname="ui_integration_test" time="5.644">
		</testcase>
		<testcase name="test_objective_panel_test_signal" classname="ui_integration_test" time="5.433">
		</testcase>
		<testcase name="test_conservation_hud_methods_exist" classname="ui_integration_test" time="5.264">
		</testcase>
		<testcase name="test_conservation_hud_flash_row" classname="ui_integration_test" time="5.299">
		</testcase>
		<testcase name="test_canvas_set_tool_rejects_invalid_index" classname="ui_integration_test" time="6.036">
		</testcase>
		<testcase name="test_canvas_get_current_element_info" classname="ui_integration_test" time="5.700">
		</testcase>
		<testcase name="test_canvas_clear_structure" classname="ui_integration_test" time="6.074">
		</testcase>
		<testcase name="test_canvas_set_space_group" classname="ui_integration_test" time="6.683">
		</testcase>
		<testcase name="test_canvas_tune_matrix_row" classname="ui_integration_test" time="5.486">
		</testcase>
		<testcase name="test_canvas_detonate_atom" classname="ui_integration_test" time="5.754">
		</testcase>
		<testcase name="test_canvas_codex_interfaces" classname="ui_integration_test" time="5.409">
		</testcase>
		<testcase name="test_canvas_get_effect_manager" classname="ui_integration_test" time="5.330">
		</testcase>
		<testcase name="test_canvas_signal_connections" classname="ui_integration_test" time="5.241">
		</testcase>
		<testcase name="test_atom_mgr_substitute_to" classname="ui_integration_test" time="6.291">
		</testcase>
		<testcase name="test_atom_mgr_restore_atom" classname="ui_integration_test" time="6.423">
		</testcase>
		<testcase name="test_atom_mgr_select_atom" classname="ui_integration_test" time="5.439">
		</testcase>
		<testcase name="test_atom_mgr_set_level_elements" classname="ui_integration_test" time="5.264">
		</testcase>
		<testcase name="test_level_manager_register_atom" classname="ui_integration_test" time="5.456">
		</testcase>
		<testcase name="test_level_manager_register_bond" classname="ui_integration_test" time="5.526">
		</testcase>
		<testcase name="test_level_manager_register_assembly" classname="ui_integration_test" time="5.518">
		</testcase>
		<testcase name="test_level_manager_register_path_node" classname="ui_integration_test" time="5.042">
		</testcase>
		<testcase name="test_level_manager_register_ca_step" classname="ui_integration_test" time="5.358">
		</testcase>
		<testcase name="test_level_manager_register_ca_seed_save" classname="ui_integration_test" time="5.532">
		</testcase>
		<testcase name="test_level_manager_forbidden_tools_api" classname="ui_integration_test" time="5.447">
		</testcase>
		<testcase name="test_level_manager_constraint_status" classname="ui_integration_test" time="5.872">
		</testcase>
		<testcase name="test_level_manager_goal_progress" classname="ui_integration_test" time="5.878">
		</testcase>
		<testcase name="test_level_manager_metrics_api" classname="ui_integration_test" time="6.441">
		</testcase>
		<testcase name="test_level_manager_test_structure" classname="ui_integration_test" time="5.923">
		</testcase>
		<testcase name="test_level_manager_available_tools" classname="ui_integration_test" time="5.535">
		</testcase>
		<testcase name="test_level_manager_domain_info" classname="ui_integration_test" time="5.642">
		</testcase>
		<testcase name="test_level_manager_scale_info" classname="ui_integration_test" time="5.679">
		</testcase>
		<testcase name="test_game_toggle_fog_overlay" classname="ui_integration_test" time="4.214">
		</testcase>
		<testcase name="test_game_level_complete_popup_structure" classname="ui_integration_test" time="5.179">
		</testcase>
		<testcase name="test_game_level_failed_popup_structure" classname="ui_integration_test" time="4.166">
		</testcase>
		<testcase name="test_game_on_level_completed_updates_popup" classname="ui_integration_test" time="4.354">
		</testcase>
		<testcase name="test_game_on_level_failed_sets_reason" classname="ui_integration_test" time="4.504">
		</testcase>
		<testcase name="test_game_on_level_loaded_music_switch" classname="ui_integration_test" time="3.696">
		</testcase>
		<testcase name="test_game_hint_bar_exists" classname="ui_integration_test" time="0.995">
		</testcase>
		<testcase name="test_game_chapter_transition_exists" classname="ui_integration_test" time="0.965">
		</testcase>
		<testcase name="test_level_manager_mark_verification_done" classname="ui_integration_test" time="0.991">
		</testcase>
		<testcase name="test_level_manager_verify_goals" classname="ui_integration_test" time="1.013">
		</testcase>
		<testcase name="test_level_manager_check_goals" classname="ui_integration_test" time="1.057">
		</testcase>
		<testcase name="test_ca_seed_save_list" classname="ui_integration_test" time="1.650">
		</testcase>
		<testcase name="test_ca_seed_load" classname="ui_integration_test" time="1.615">
		</testcase>
		<testcase name="test_ca_seed_export_import" classname="ui_integration_test" time="1.616">
		</testcase>
		<testcase name="test_sandbox_manager_exists" classname="ui_integration_test" time="1.011">
		</testcase>
		<testcase name="test_undo_redo_manager_exists" classname="ui_integration_test" time="0.953">
		</testcase>
		<testcase name="test_undo_redo_clear" classname="ui_integration_test" time="0.944">
		</testcase>
		<testcase name="test_verification_animator_exists" classname="ui_integration_test" time="0.990">
		</testcase>
		<testcase name="test_verification_animator_initial_state" classname="ui_integration_test" time="1.029">
		</testcase>
		<testcase name="test_end_to_end_place_delete_undo_redo" classname="ui_integration_test" time="1.736">
		</testcase>
	</testsuite>
	<testsuite id="28" name="ui_playthrough_test" package="scripts/tests" timestamp="2026-07-02T10:37:25" hostname="localhost" tests="2" failures="0" errors="0" skipped="0" flaky="0" time="199.517">
		<testcase name="test_campaign_playthrough" classname="ui_playthrough_test" time="180.383">
		</testcase>
		<testcase name="test_challenge_playthrough" classname="ui_playthrough_test" time="19.094">
		</testcase>
	</testsuite>
	<testsuite id="29" name="undo_redo_manager_test" package="scripts/tests" timestamp="2026-07-02T10:40:44" hostname="localhost" tests="7" failures="0" errors="0" skipped="0" flaky="0" time="0.838">
		<testcase name="test_push_and_undo" classname="undo_redo_manager_test" time="0.097">
		</testcase>
		<testcase name="test_redo" classname="undo_redo_manager_test" time="0.096">
		</testcase>
		<testcase name="test_max_steps_overflow" classname="undo_redo_manager_test" time="0.089">
		</testcase>
		<testcase name="test_clear" classname="undo_redo_manager_test" time="0.084">
		</testcase>
		<testcase name="test_redo_on_empty_returns_empty" classname="undo_redo_manager_test" time="0.096">
		</testcase>
		<testcase name="test_undo_on_empty_returns_empty" classname="undo_redo_manager_test" time="0.101">
		</testcase>
		<testcase name="test_is_applying_blocks_push" classname="undo_redo_manager_test" time="0.150">
		</testcase>
	</testsuite>
	<testsuite id="30" name="undo_redo_test" package="scripts/tests" timestamp="2026-07-02T10:40:45" hostname="localhost" tests="2" failures="0" errors="0" skipped="0" flaky="0" time="3.385">
		<testcase name="test_undo_redo_atom_placement" classname="undo_redo_test" time="1.613">
		</testcase>
		<testcase name="test_undo_redo_substitute_atom" classname="undo_redo_test" time="1.716">
		</testcase>
	</testsuite>
	<testsuite id="31" name="verification_pipeline_test" package="scripts/tests" timestamp="2026-07-02T10:40:49" hostname="localhost" tests="3" failures="0" errors="0" skipped="0" flaky="0" time="0.385">
		<testcase name="test_pipeline_autoload_exists" classname="verification_pipeline_test" time="0.103">
		</testcase>
		<testcase name="test_verification_layers_enum_correct" classname="verification_pipeline_test" time="0.102">
		</testcase>
		<testcase name="test_cost_per_layer_defined" classname="verification_pipeline_test" time="0.097">
		</testcase>
	</testsuite>
</testsuites>
