<?xml version="1.0" encoding="UTF-8" ?>
<testsuites id="2026-07-03" name="report_347" tests="100" failures="0" skipped="0" flaky="0" time="0.000">
	<testsuite id="0" name="ui_integration_test" package="scripts/tests" timestamp="2026-07-03T13:45:35" hostname="localhost" tests="100" failures="0" errors="2884" skipped="0" flaky="0" time="199.488">
		<testcase name="test_keyboard_tool_switching" classname="ui_integration_test" time="12.597">
		</testcase>
		<testcase name="test_keyboard_element_selection" classname="ui_integration_test" time="3.334">
		</testcase>
		<testcase name="test_click_wyckoff_marker_places_atom" classname="ui_integration_test" time="5.185">
		</testcase>
		<testcase name="test_forbidden_tools_blocked_in_ui" classname="ui_integration_test" time="4.064">
		</testcase>
		<testcase name="test_full_level_completion_via_ui" classname="ui_integration_test" time="35.022">
			<error message="ERROR: res://scripts/tests/ui_integration_test.gd:0" type="ABORT">
<![CDATA[
Godot Runtime Error !
Error: 'Invalid call. Nonexistent function 'set_atoms (via call)' in base 'MeshInstance3D'.'
	at res://scripts/construction/atom_placement_manager.gd:568
]]>
			</error>
			<error message="ERROR: res://scripts/tests/ui_integration_test.gd:0" type="ABORT">
<![CDATA[
Godot Runtime Error !
Error: 'Invalid call. Nonexistent function 'set_atoms (via call)' in base 'MeshInstance3D'.'
	at res://scripts/construction/atom_placement_manager.gd:568
]]>
			</error>
			<error message="ERROR: res://scripts/tests/ui_integration_test.gd:0" type="ABORT">
<![CDATA[
Godot Runtime Error !
Error: 'Invalid call. Nonexistent function 'set_atoms (via call)' in base 'MeshInstance3D'.'
	at res://scripts/construction/atom_placement_manager.gd:568
]]>
			</error>
			<error message="ERROR: res://scripts/tests/ui_integration_test.gd:0" type="ABORT">
<![CDATA[
Godot Runtime Error !
Error: 'Invalid call. Nonexistent function 'set_atoms (via call)' in base 'MeshInstance3D'.'
	at res://scripts/construction/atom_placement_manager.gd:568
]]>
			</error>
			<error message="ERROR: res://scripts/tests/ui_integration_test.gd:0" type="ABORT">
<![CDATA[
Godot Runtime Error !
Error: 'Invalid call. Nonexistent function 'set_atoms (via call)' in base 'MeshInstance3D'.'
	at res://scripts/construction/atom_placement_manager.gd:568
]]>
			</error>
			<error message="ERROR: res://scripts/tests/ui_integration_test.gd:0" type="ABORT">
<![CDATA[
Godot Runtime Error !
Error: 'Invalid call. Nonexistent function 'set_atoms (via call)' in base 'MeshInstance3D'.'
	at res://scripts/construction/atom_placement_manager.gd:568
]]>
			</error>
			<error message="ERROR: res://scripts/tests/ui_integration_test.gd:0" type="ABORT">
<![CDATA[
Godot Runtime Error !
Error: 'Invalid call. Nonexistent function 'set_atoms (via call)' in base 'MeshInstance3D'.'
	at res://scripts/construction/atom_placement_manager.gd:568
]]>
			</error>
			<error message="ERROR: res://scripts/tests/ui_integration_test.gd:0" type="ABORT">
<![CDATA[
Godot Runtime Error !
Error: 'Invalid call. Nonexistent function 'set_atoms (via call)' in base 'MeshInstance3D'.'
	at res://scripts/construction/atom_placement_manager.gd:568
]]>
			</error>
			<error message="ERROR: res://scripts/tests/ui_integration_test.gd:0" type="ABORT">
<![CDATA[
Godot Runtime Error !
Error: 'Invalid call. Nonexistent function 'set_atoms (via call)' in base 'MeshInstance3D'.'
	at res://scripts/construction/atom_placement_manager.gd:568
]]>
			</error>
			<error message="ERROR: res://scripts/tests/ui_integration_test.gd:0" type="ABORT">
<![CDATA[
Godot Runtime Error !
Error: 'Invalid call. Nonexistent function 'set_atoms (via call)' in base 'MeshInstance3D'.'
	at res://scripts/construction/atom_placement_manager.gd:568
]]>
			</error>
			<error message="ERROR: res://scripts/tests/ui_integration_test.gd:0" type="ABORT">
<![CDATA[
Godot Runtime Error !
Error: 'Invalid call. Nonexistent function 'set_atoms (via call)' in base 'MeshInstance3D'.'
	at res://scripts/construction/atom_placement_manager.gd:568
]]>
			</error>
			<error message="ERROR: res://scripts/tests/ui_integration_test.gd:0" type="ABORT">
<![CDATA[
Godot Runtime Error !
Error: 'Invalid call. Nonexistent function 'set_atoms (via call)' in base 'MeshInstance3D'.'
	at res://scripts/construction/atom_placement_manager.gd:568
]]>
			</error>
			<error message="ERROR: res://scripts/tests/ui_integration_test.gd:0" type="ABORT">
<![CDATA[
Godot Runtime Error !
Error: 'Invalid call. Nonexistent function 'set_atoms (via call)' in base 'MeshInstance3D'.'
	at res://scripts/construction/atom_placement_manager.gd:568
]]>
			</error>
			<error message="ERROR: res://scripts/tests/ui_integration_test.gd:0" type="ABORT">
<![CDATA[
Godot Runtime Error !
Error: 'Invalid call. Nonexistent function 'set_atoms (via call)' in base 'MeshInstance3D'.'
	at res://scripts/construction/atom_placement_manager.gd:568
]]>
			</error>
			<error message="ERROR: res://scripts/tests/ui_integration_test.gd:0" type="ABORT">
<![CDATA[
Godot Runtime Error !
Error: 'Invalid call. Nonexistent function 'set_atoms (via call)' in base 'MeshInstance3D'.'
	at res://scripts/construction/atom_placement_manager.gd:568
]]>
			</error>
			<error message="ERROR: res://scripts/tests/ui_integration_test.gd:0" type="ABORT">
<![CDATA[
Godot Runtime Error !
Error: 'Invalid call. Nonexistent function 'set_atoms (via call)' in base 'MeshInstance3D'.'
	at res://scripts/construction/atom_placement_manager.gd:568
]]>
			</error>
			<error message="ERROR: res://scripts/tests/ui_integration_test.gd:0" type="ABORT">
<![CDATA[
Godot Runtime Error !
Error: 'Invalid call. Nonexistent function 'set_atoms (via call)' in base 'MeshInstance3D'.'
	at res://scripts/construction/atom_placement_manager.gd:568
]]>
			</error>
			<error message="ERROR: res://scripts/tests/ui_integration_test.gd:0" type="ABORT">
<![CDATA[
Godot Runtime Error !
Error: 'Invalid call. Nonexistent function 'set_atoms (via call)' in base 'MeshInstance3D'.'
	at res://scripts/construction/atom_placement_manager.gd:568
]]>
			</error>
			<error message="ERROR: res://scripts/tests/ui_integration_test.gd:0" type="ABORT">
<![CDATA[
Godot Runtime Error !
Error: 'Invalid call. Nonexistent function 'set_atoms (via call)' in base 'MeshInstance3D'.'
	at res://scripts/construction/atom_placement_manager.gd:568
]]>
			</error>
			<error message="ERROR: res://scripts/tests/ui_integration_test.gd:0" type="ABORT">
<![CDATA[
Godot Runtime Error !
Error: 'Invalid call. Nonexistent function 'set_atoms (via call)' in base 'MeshInstance3D'.'
	at res://scripts/construction/atom_placement_manager.gd:568
]]>
			</error>
			<error message="ERROR: res://scripts/tests/ui_integration_test.gd:0" type="ABORT">
<![CDATA[
Godot Runtime Error !
Error: 'Invalid call. Nonexistent function 'set_atoms (via call)' in base 'MeshInstance3D'.'
	at res://scripts/construction/atom_placement_manager.gd:568
]]>
			</error>
			<error message="ERROR: res://scripts/tests/ui_integration_test.gd:0" type="ABORT">
<![CDATA[
Godot Runtime Error !
Error: 'Invalid call. Nonexistent function 'set_atoms (via call)' in base 'MeshInstance3D'.'
	at res://scripts/construction/atom_placement_manager.gd:568
]]>
			</error>
			<error message="ERROR: res://scripts/tests/ui_integration_test.gd:0" type="ABORT">
<![CDATA[
Godot Runtime Error !
Error: 'Invalid call. Nonexistent function 'set_atoms (via call)' in base 'MeshInstance3D'.'
	at res://scripts/construction/atom_placement_manager.gd:568
]]>
			</error>
			<error message="ERROR: res://scripts/tests/ui_integration_test.gd:0" type="ABORT">
<![CDATA[
Godot Runtime Error !
Error: 'Invalid call. Nonexistent function 'set_atoms (via call)' in base 'MeshInstance3D'.'
	at res://scripts/construction/atom_placement_manager.gd:568
]]>
			</error>
			<error message="ERROR: res://scripts/tests/ui_integration_test.gd:0" type="ABORT">
<![CDATA[
Godot Runtime Error !
Error: 'Invalid call. Nonexistent function 'set_atoms (via call)' in base 'MeshInstance3D'.'
	at res://scripts/construction/atom_placement_manager.gd:568
]]>
			</error>
			<error message="ERROR: res://scripts/tests/ui_integration_test.gd:0" type="ABORT">
<![CDATA[
Godot Runtime Error !
Error: 'Invalid call. Nonexistent function 'set_atoms (via call)' in base 'MeshInstance3D'.'
	at res://scripts/construction/atom_placement_manager.gd:568
]]>
			</error>
			<error message="ERROR: res://scripts/tests/ui_integration_test.gd:0" type="ABORT">
<![CDATA[
Godot Runtime Error !
Error: 'Invalid call. Nonexistent function 'set_atoms (via call)' in base 'MeshInstance3D'.'
	at res://scripts/construction/atom_placement_manager.gd:568
]]>
			</error>
			<error message="ERROR: res://scripts/tests/ui_integration_test.gd:0" type="ABORT">
<![CDATA[
Godot Runtime Error !
Error: 'Invalid call. Nonexistent function 'set_atoms (via call)' in base 'MeshInstance3D'.'
	at res://scripts/construction/atom_placement_manager.gd:568
]]>
			</error>
			<error message="ERROR: res://scripts/tests/ui_integration_test.gd:0" type="ABORT">
<![CDATA[
Godot Runtime Error !
Error: 'Invalid call. Nonexistent function 'set_atoms (via call)' in base 'MeshInstance3D'.'
	at res://scripts/construction/atom_placement_manager.gd:568
]]>
			</error>
			<error message="ERROR: res://scripts/tests/ui_integration_test.gd:0" type="ABORT">
<![CDATA[
Godot Runtime Error !
Error: 'Invalid call. Nonexistent function 'set_atoms (via call)' in base 'MeshInstance3D'.'
	at res://scripts/construction/atom_placement_manager.gd:568
]]>
			</error>
			<error message="ERROR: res://scripts/tests/ui_integration_test.gd:0" type="ABORT">
<![CDATA[
Godot Runtime Error !
Error: 'Invalid call. Nonexistent function 'set_atoms (via call)' in base 'MeshInstance3D'.'
	at res://scripts/construction/atom_placement_manager.gd:568
]]>
			</error>
			<error message="ERROR: res://scripts/tests/ui_integration_test.gd:0" type="ABORT">
<![CDATA[
Godot Runtime Error !
Error: 'Invalid call. Nonexistent function 'set_atoms (via call)' in base 'MeshInstance3D'.'
	at res://scripts/construction/atom_placement_manager.gd:568
]]>
			</error>
			<error message="ERROR: res://scripts/tests/ui_integration_test.gd:0" type="ABORT">
<![CDATA[
Godot Runtime Error !
Error: 'Invalid call. Nonexistent function 'set_atoms (via call)' in base 'MeshInstance3D'.'
	at res://scripts/construction/atom_placement_manager.gd:568
]]>
			</error>
			<error message="ERROR: res://scripts/tests/ui_integration_test.gd:0" type="ABORT">
<![CDATA[
Godot Runtime Error !
Error: 'Invalid call. Nonexistent function 'set_atoms (via call)' in base 'MeshInstance3D'.'
	at res://scripts/construction/atom_placement_manager.gd:568
]]>
			</error>
			<error message="ERROR: res://scripts/tests/ui_integration_test.gd:0" type="ABORT">
<![CDATA[
Godot Runtime Error !
Error: 'Invalid call. Nonexistent function 'set_atoms (via call)' in base 'MeshInstance3D'.'
	at res://scripts/construction/atom_placement_manager.gd:568
]]>
			</error>
			<error message="ERROR: res://scripts/tests/ui_integration_test.gd:0" type="ABORT">
<![CDATA[
Godot Runtime Error !
Error: 'Invalid call. Nonexistent function 'set_atoms (via call)' in base 'MeshInstance3D'.'
	at res://scripts/construction/atom_placement_manager.gd:568
]]>
			</error>
			<error message="ERROR: res://scripts/tests/ui_integration_test.gd:0" type="ABORT">
<![CDATA[
Godot Runtime Error !
Error: 'Invalid call. Nonexistent function 'set_atoms (via call)' in base 'MeshInstance3D'.'
	at res://scripts/construction/atom_placement_manager.gd:568
]]>
			</error>
			<error message="ERROR: res://scripts/tests/ui_integration_test.gd:0" type="ABORT">
<![CDATA[
Godot Runtime Error !
Error: 'Invalid call. Nonexistent function 'set_atoms (via call)' in base 'MeshInstance3D'.'
	at res://scripts/construction/atom_placement_manager.gd:568
]]>
			</error>
			<error message="ERROR: res://scripts/tests/ui_integration_test.gd:0" type="ABORT">
<![CDATA[
Godot Runtime Error !
Error: 'Invalid call. Nonexistent function 'set_atoms (via call)' in base 'MeshInstance3D'.'
	at res://scripts/construction/atom_placement_manager.gd:568
]]>
			</error>
			<error message="ERROR: res://scripts/tests/ui_integration_test.gd:0" type="ABORT">
<![CDATA[
Godot Runtime Error !
Error: 'Invalid call. Nonexistent function 'set_atoms (via call)' in base 'MeshInstance3D'.'
	at res://scripts/construction/atom_placement_manager.gd:568
]]>
			</error>
			<error message="ERROR: res://scripts/tests/ui_integration_test.gd:0" type="ABORT">
<![CDATA[
Godot Runtime Error !
Error: 'Invalid call. Nonexistent function 'set_atoms (via call)' in base 'MeshInstance3D'.'
	at res://scripts/construction/atom_placement_manager.gd:568
]]>
			</error>
			<error message="ERROR: res://scripts/tests/ui_integration_test.gd:0" type="ABORT">
<![CDATA[
Godot Runtime Error !
Error: 'Invalid call. Nonexistent function 'set_atoms (via call)' in base 'MeshInstance3D'.'
	at res://scripts/construction/atom_placement_manager.gd:568
]]>
			</error>
			<error message="ERROR: res://scripts/tests/ui_integration_test.gd:0" type="ABORT">
<![CDATA[
Godot Runtime Error !
Error: 'Invalid call. Nonexistent function 'set_atoms (via call)' in base 'MeshInstance3D'.'
	at res://scripts/construction/atom_placement_manager.gd:568
]]>
			</error>
			<error message="ERROR: res://scripts/tests/ui_integration_test.gd:0" type="ABORT">
<![CDATA[
Godot Runtime Error !
Error: 'Invalid call. Nonexistent function 'set_atoms (via call)' in base 'MeshInstance3D'.'
	at res://scripts/construction/atom_placement_manager.gd:568
]]>
			</error>
			<error message="ERROR: res://scripts/tests/ui_integration_test.gd:0" type="ABORT">
<![CDATA[
Godot Runtime Error !
Error: 'Invalid call. Nonexistent function 'set_atoms (via call)' in base 'MeshInstance3D'.'
	at res://scripts/construction/atom_placement_manager.gd:568
]]>
			</error>
			<error message="ERROR: res://scripts/tests/ui_integration_test.gd:0" type="ABORT">
<![CDATA[
Godot Runtime Error !
Error: 'Invalid call. Nonexistent function 'set_atoms (via call)' in base 'MeshInstance3D'.'
	at res://scripts/construction/atom_placement_manager.gd:568
]]>
			</error>
			<error message="ERROR: res://scripts/tests/ui_integration_test.gd:0" type="ABORT">
<![CDATA[
Godot Runtime Error !
Error: 'Invalid call. Nonexistent function 'set_atoms (via call)' in base 'MeshInstance3D'.'
	at res://scripts/construction/atom_placement_manager.gd:568
]]>
			</error>
			<error message="ERROR: res://scripts/tests/ui_integration_test.gd:0" type="ABORT">
<![CDATA[
Godot Runtime Error !
Error: 'Invalid call. Nonexistent function 'set_atoms (via call)' in base 'MeshInstance3D'.'
	at res://scripts/construction/atom_placement_manager.gd:568
]]>
			</error>
			<error message="ERROR: res://scripts/tests/ui_integration_test.gd:0" type="ABORT">
<![CDATA[
Godot Runtime Error !
Error: 'Invalid call. Nonexistent function 'set_atoms (via call)' in base 'MeshInstance3D'.'
	at res://scripts/construction/atom_placement_manager.gd:568
]]>
			</error>
			<error message="ERROR: res://scripts/tests/ui_integration_test.gd:0" type="ABORT">
<![CDATA[
Godot Runtime Error !
Error: 'Invalid call. Nonexistent function 'set_atoms (via call)' in base 'MeshInstance3D'.'
	at res://scripts/construction/atom_placement_manager.gd:568
]]>
			</error>
			<error message="ERROR: res://scripts/tests/ui_integration_test.gd:0" type="ABORT">
<![CDATA[
Godot Runtime Error !
Error: 'Invalid call. Nonexistent function 'set_atoms (via call)' in base 'MeshInstance3D'.'
	at res://scripts/construction/atom_placement_manager.gd:568
]]>
			</error>
			<error message="ERROR: res://scripts/tests/ui_integration_test.gd:0" type="ABORT">
<![CDATA[
Godot Runtime Error !
Error: 'Invalid call. Nonexistent function 'set_atoms (via call)' in base 'MeshInstance3D'.'
	at res://scripts/construction/atom_placement_manager.gd:568
]]>
			</error>
			<error message="ERROR: res://scripts/tests/ui_integration_test.gd:0" type="ABORT">
<![CDATA[
Godot Runtime Error !
Error: 'Invalid call. Nonexistent function 'set_atoms (via call)' in base 'MeshInstance3D'.'
	at res://scripts/construction/atom_placement_manager.gd:568
]]>
			</error>
			<error message="ERROR: res://scripts/tests/ui_integration_test.gd:0" type="ABORT">
<![CDATA[
Godot Runtime Error !
Error: 'Invalid call. Nonexistent function 'set_atoms (via call)' in base 'MeshInstance3D'.'
	at res://scripts/construction/atom_placement_manager.gd:568
]]>
			</error>
			<error message="ERROR: res://scripts/tests/ui_integration_test.gd:0" type="ABORT">
<![CDATA[
Godot Runtime Error !
Error: 'Invalid call. Nonexistent function 'set_atoms (via call)' in base 'MeshInstance3D'.'
	at res://scripts/construction/atom_placement_manager.gd:568
]]>
			</error>
			<error message="ERROR: res://scripts/tests/ui_integration_test.gd:0" type="ABORT">
<![CDATA[
Godot Runtime Error !
Error: 'Invalid call. Nonexistent function 'set_atoms (via call)' in base 'MeshInstance3D'.'
	at res://scripts/construction/atom_placement_manager.gd:568
]]>
			</error>
			<error message="ERROR: res://scripts/tests/ui_integration_test.gd:0" type="ABORT">
<![CDATA[
Godot Runtime Error !
Error: 'Invalid call. Nonexistent function 'set_atoms (via call)' in base 'MeshInstance3D'.'
	at res://scripts/construction/atom_placement_manager.gd:568
]]>
			</error>
			<error message="ERROR: res://scripts/tests/ui_integration_test.gd:0" type="ABORT">
<![CDATA[
Godot Runtime Error !
Error: 'Invalid call. Nonexistent function 'set_atoms (via call)' in base 'MeshInstance3D'.'
	at res://scripts/construction/atom_placement_manager.gd:568
]]>
			</error>
			<error message="ERROR: res://scripts/tests/ui_integration_test.gd:0" type="ABORT">
<![CDATA[
Godot Runtime Error !
Error: 'Invalid call. Nonexistent function 'set_atoms (via call)' in base 'MeshInstance3D'.'
	at res://scripts/construction/atom_placement_manager.gd:568
]]>
			</error>
			<error message="ERROR: res://scripts/tests/ui_integration_test.gd:0" type="ABORT">
<![CDATA[
Godot Runtime Error !
Error: 'Invalid call. Nonexistent function 'set_atoms (via call)' in base 'MeshInstance3D'.'
	at res://scripts/construction/atom_placement_manager.gd:568
]]>
			</error>
			<error message="ERROR: res://scripts/tests/ui_integration_test.gd:0" type="ABORT">
<![CDATA[
Godot Runtime Error !
Error: 'Invalid call. Nonexistent function 'set_atoms (via call)' in base 'MeshInstance3D'.'
	at res://scripts/construction/atom_placement_manager.gd:568
]]>
			</error>
			<error message="ERROR: res://scripts/tests/ui_integration_test.gd:0" type="ABORT">
<![CDATA[
Godot Runtime Error !
Error: 'Invalid call. Nonexistent function 'set_atoms (via call)' in base 'MeshInstance3D'.'
	at res://scripts/construction/atom_placement_manager.gd:568
]]>
			</error>
			<error message="ERROR: res://scripts/tests/ui_integration_test.gd:0" type="ABORT">
<![CDATA[
Godot Runtime Error !
Error: 'Invalid call. Nonexistent function 'set_atoms (via call)' in base 'MeshInstance3D'.'
	at res://scripts/construction/atom_placement_manager.gd:568
]]>
			</error>
			<error message="ERROR: res://scripts/tests/ui_integration_test.gd:0" type="ABORT">
<![CDATA[
Godot Runtime Error !
Error: 'Invalid call. Nonexistent function 'set_atoms (via call)' in base 'MeshInstance3D'.'
	at res://scripts/construction/atom_placement_manager.gd:568
]]>
			</error>
			<error message="ERROR: res://scripts/tests/ui_integration_test.gd:0" type="ABORT">
<![CDATA[
Godot Runtime Error !
Error: 'Invalid call. Nonexistent function 'set_atoms (via call)' in base 'MeshInstance3D'.'
	at res://scripts/construction/atom_placement_manager.gd:568
]]>
			</error>
			<error message="ERROR: res://scripts/tests/ui_integration_test.gd:0" type="ABORT">
<![CDATA[
Godot Runtime Error !
Error: 'Invalid call. Nonexistent function 'set_atoms (via call)' in base 'MeshInstance3D'.'
	at res://scripts/construction/atom_placement_manager.gd:568
]]>
			</error>
			<error message="ERROR: res://scripts/tests/ui_integration_test.gd:0" type="ABORT">
<![CDATA[
Godot Runtime Error !
Error: 'Invalid call. Nonexistent function 'set_atoms (via call)' in base 'MeshInstance3D'.'
	at res://scripts/construction/atom_placement_manager.gd:568
]]>
			</error>
			<error message="ERROR: res://scripts/tests/ui_integration_test.gd:0" type="ABORT">
<![CDATA[
Godot Runtime Error !
Error: 'Invalid call. Nonexistent function 'set_atoms (via call)' in base 'MeshInstance3D'.'
	at res://scripts/construction/atom_placement_manager.gd:568
]]>
			</error>
			<error message="ERROR: res://scripts/tests/ui_integration_test.gd:0" type="ABORT">
<![CDATA[
Godot Runtime Error !
Error: 'Invalid call. Nonexistent function 'set_atoms (via call)' in base 'MeshInstance3D'.'
	at res://scripts/construction/atom_placement_manager.gd:568
]]>
			</error>
			<error message="ERROR: res://scripts/tests/ui_integration_test.gd:0" type="ABORT">
<![CDATA[
Godot Runtime Error !
Error: 'Invalid call. Nonexistent function 'set_atoms (via call)' in base 'MeshInstance3D'.'
	at res://scripts/construction/atom_placement_manager.gd:568
]]>
			</error>
			<error message="ERROR: res://scripts/tests/ui_integration_test.gd:0" type="ABORT">
<![CDATA[
Godot Runtime Error !
Error: 'Invalid call. Nonexistent function 'set_atoms (via call)' in base 'MeshInstance3D'.'
	at res://scripts/construction/atom_placement_manager.gd:568
]]>
			</error>
			<error message="ERROR: res://scripts/tests/ui_integration_test.gd:0" type="ABORT">
<![CDATA[
Godot Runtime Error !
Error: 'Invalid call. Nonexistent function 'set_atoms (via call)' in base 'MeshInstance3D'.'
	at res://scripts/construction/atom_placement_manager.gd:568
]]>
			</error>
			<error message="ERROR: res://scripts/tests/ui_integration_test.gd:0" type="ABORT">
<![CDATA[
Godot Runtime Error !
Error: 'Invalid call. Nonexistent function 'set_atoms (via call)' in base 'MeshInstance3D'.'
	at res://scripts/construction/atom_placement_manager.gd:568
]]>
			</error>
			<error message="ERROR: res://scripts/tests/ui_integration_test.gd:0" type="ABORT">
<![CDATA[
Godot Runtime Error !
Error: 'Invalid call. Nonexistent function 'set_atoms (via call)' in base 'MeshInstance3D'.'
	at res://scripts/construction/atom_placement_manager.gd:568
]]>
			</error>
			<error message="ERROR: res://scripts/tests/ui_integration_test.gd:0" type="ABORT">
<![CDATA[
Godot Runtime Error !
Error: 'Invalid call. Nonexistent function 'set_atoms (via call)' in base 'MeshInstance3D'.'
	at res://scripts/construction/atom_placement_manager.gd:568
]]>
			</error>
			<error message="ERROR: res://scripts/tests/ui_integration_test.gd:0" type="ABORT">
<![CDATA[
Godot Runtime Error !
Error: 'Invalid call. Nonexistent function 'set_atoms (via call)' in base 'MeshInstance3D'.'
	at res://scripts/construction/atom_placement_manager.gd:568
]]>
			</error>
			<error message="ERROR: res://scripts/tests/ui_integration_test.gd:0" type="ABORT">
<![CDATA[
Godot Runtime Error !
Error: 'Invalid call. Nonexistent function 'set_atoms (via call)' in base 'MeshInstance3D'.'
	at res://scripts/construction/atom_placement_manager.gd:568
]]>
			</error>
			<error message="ERROR: res://scripts/tests/ui_integration_test.gd:0" type="ABORT">
<![CDATA[
Godot Runtime Error !
Error: 'Invalid call. Nonexistent function 'set_atoms (via call)' in base 'MeshInstance3D'.'
	at res://scripts/construction/atom_placement_manager.gd:568
]]>
			</error>
			<error message="ERROR: res://scripts/tests/ui_integration_test.gd:0" type="ABORT">
<![CDATA[
Godot Runtime Error !
Error: 'Invalid call. Nonexistent function 'set_atoms (via call)' in base 'MeshInstance3D'.'
	at res://scripts/construction/atom_placement_manager.gd:568
]]>
			</error>
			<error message="ERROR: res://scripts/tests/ui_integration_test.gd:0" type="ABORT">
<![CDATA[
Godot Runtime Error !
Error: 'Invalid call. Nonexistent function 'set_atoms (via call)' in base 'MeshInstance3D'.'
	at res://scripts/construction/atom_placement_manager.gd:568
]]>
			</error>
			<error message="ERROR: res://scripts/tests/ui_integration_test.gd:0" type="ABORT">
<![CDATA[
Godot Runtime Error !
Error: 'Invalid call. Nonexistent function 'set_atoms (via call)' in base 'MeshInstance3D'.'
	at res://scripts/construction/atom_placement_manager.gd:568
]]>
			</error>
			<error message="ERROR: res://scripts/tests/ui_integration_test.gd:0" type="ABORT">
<![CDATA[
Godot Runtime Error !
Error: 'Invalid call. Nonexistent function 'set_atoms (via call)' in base 'MeshInstance3D'.'
	at res://scripts/construction/atom_placement_manager.gd:568
]]>
			</error>
			<error message="ERROR: res://scripts/tests/ui_integration_test.gd:0" type="ABORT">
<![CDATA[
Godot Runtime Error !
Error: 'Invalid call. Nonexistent function 'set_atoms (via call)' in base 'MeshInstance3D'.'
	at res://scripts/construction/atom_placement_manager.gd:568
]]>
			</error>
			<error message="ERROR: res://scripts/tests/ui_integration_test.gd:0" type="ABORT">
<![CDATA[
Godot Runtime Error !
Error: 'Invalid call. Nonexistent function 'set_atoms (via call)' in base 'MeshInstance3D'.'
	at res://scripts/construction/atom_placement_manager.gd:568
]]>
			</error>
			<error message="ERROR: res://scripts/tests/ui_integration_test.gd:0" type="ABORT">
<![CDATA[
Godot Runtime Error !
Error: 'Invalid call. Nonexistent function 'set_atoms (via call)' in base 'MeshInstance3D'.'
	at res://scripts/construction/atom_placement_manager.gd:568
]]>
			</error>
			<error message="ERROR: res://scripts/tests/ui_integration_test.gd:0" type="ABORT">
<![CDATA[
Godot Runtime Error !
Error: 'Invalid call. Nonexistent function 'set_atoms (via call)' in base 'MeshInstance3D'.'
	at res://scripts/construction/atom_placement_manager.gd:568
]]>
			</error>
			<error message="ERROR: res://scripts/tests/ui_integration_test.gd:0" type="ABORT">
<![CDATA[
Godot Runtime Error !
Error: 'Invalid call. Nonexistent function 'set_atoms (via call)' in base 'MeshInstance3D'.'
	at res://scripts/construction/atom_placement_manager.gd:568
]]>
			</error>
			<error message="ERROR: res://scripts/tests/ui_integration_test.gd:0" type="ABORT">
<![CDATA[
Godot Runtime Error !
Error: 'Invalid call. Nonexistent function 'set_atoms (via call)' in base 'MeshInstance3D'.'
	at res://scripts/construction/atom_placement_manager.gd:568
]]>
			</error>
			<error message="ERROR: res://scripts/tests/ui_integration_test.gd:0" type="ABORT">
<![CDATA[
Godot Runtime Error !
Error: 'Invalid call. Nonexistent function 'set_atoms (via call)' in base 'MeshInstance3D'.'
	at res://scripts/construction/atom_placement_manager.gd:568
]]>
			</error>
			<error message="ERROR: res://scripts/tests/ui_integration_test.gd:0" type="ABORT">
<![CDATA[
Godot Runtime Error !
Error: 'Invalid call. Nonexistent function 'set_atoms (via call)' in base 'MeshInstance3D'.'
	at res://scripts/construction/atom_placement_manager.gd:568
]]>
			</error>
			<error message="ERROR: res://scripts/tests/ui_integration_test.gd:0" type="ABORT">
<![CDATA[
Godot Runtime Error !
Error: 'Invalid call. Nonexistent function 'set_atoms (via call)' in base 'MeshInstance3D'.'
	at res://scripts/construction/atom_placement_manager.gd:568
]]>
			</error>
			<error message="ERROR: res://scripts/tests/ui_integration_test.gd:0" type="ABORT">
<![CDATA[
Godot Runtime Error !
Error: 'Invalid call. Nonexistent function 'set_atoms (via call)' in base 'MeshInstance3D'.'
	at res://scripts/construction/atom_placement_manager.gd:568
]]>
			</error>
			<error message="ERROR: res://scripts/tests/ui_integration_test.gd:0" type="ABORT">
<![CDATA[
Godot Runtime Error !
Error: 'Invalid call. Nonexistent function 'set_atoms (via call)' in base 'MeshInstance3D'.'
	at res://scripts/construction/atom_placement_manager.gd:568
]]>
			</error>
			<error message="ERROR: res://scripts/tests/ui_integration_test.gd:0" type="ABORT">
<![CDATA[
Godot Runtime Error !
Error: 'Invalid call. Nonexistent function 'set_atoms (via call)' in base 'MeshInstance3D'.'
	at res://scripts/construction/atom_placement_manager.gd:568
]]>
			</error>
			<error message="ERROR: res://scripts/tests/ui_integration_test.gd:0" type="ABORT">
<![CDATA[
Godot Runtime Error !
Error: 'Invalid call. Nonexistent function 'set_atoms (via call)' in base 'MeshInstance3D'.'
	at res://scripts/construction/atom_placement_manager.gd:568
]]>
			</error>
			<error message="ERROR: res://scripts/tests/ui_integration_test.gd:0" type="ABORT">
<![CDATA[
Godot Runtime Error !
Error: 'Invalid call. Nonexistent function 'set_atoms (via call)' in base 'MeshInstance3D'.'
	at res://scripts/construction/atom_placement_manager.gd:568
]]>
			</error>
			<error message="ERROR: res://scripts/tests/ui_integration_test.gd:0" type="ABORT">
<![CDATA[
Godot Runtime Error !
Error: 'Invalid call. Nonexistent function 'set_atoms (via call)' in base 'MeshInstance3D'.'
	at res://scripts/construction/atom_placement_manager.gd:568
]]>
			</error>
			<error message="ERROR: res://scripts/tests/ui_integration_test.gd:0" type="ABORT">
<![CDATA[
Godot Runtime Error !
Error: 'Invalid call. Nonexistent function 'set_atoms (via call)' in base 'MeshInstance3D'.'
	at res://scripts/construction/atom_placement_manager.gd:568
]]>
			</error>
			<error message="ERROR: res://scripts/tests/ui_integration_test.gd:0" type="ABORT">
<![CDATA[
Godot Runtime Error !
Error: 'Invalid call. Nonexistent function 'set_atoms (via call)' in base 'MeshInstance3D'.'
	at res://scripts/construction/atom_placement_manager.gd:568
]]>
			</error>
			<error message="ERROR: res://scripts/tests/ui_integration_test.gd:0" type="ABORT">
<![CDATA[
Godot Runtime Error !
Error: 'Invalid call. Nonexistent function 'set_atoms (via call)' in base 'MeshInstance3D'.'
	at res://scripts/construction/atom_placement_manager.gd:568
]]>
			</error>
			<error message="ERROR: res://scripts/tests/ui_integration_test.gd:0" type="ABORT">
<![CDATA[
Godot Runtime Error !
Error: 'Invalid call. Nonexistent function 'set_atoms (via call)' in base 'MeshInstance3D'.'
	at res://scripts/construction/atom_placement_manager.gd:568
]]>
			</error>
			<error message="ERROR: res://scripts/tests/ui_integration_test.gd:0" type="ABORT">
<![CDATA[
Godot Runtime Error !
Error: 'Invalid call. Nonexistent function 'set_atoms (via call)' in base 'MeshInstance3D'.'
	at res://scripts/construction/atom_placement_manager.gd:568
]]>
			</error>
			<error message="ERROR: res://scripts/tests/ui_integration_test.gd:0" type="ABORT">
<![CDATA[
Godot Runtime Error !
Error: 'Invalid call. Nonexistent function 'set_atoms (via call)' in base 'MeshInstance3D'.'
	at res://scripts/construction/atom_placement_manager.gd:568
]]>
			</error>
			<error message="ERROR: res://scripts/tests/ui_integration_test.gd:0" type="ABORT">
<![CDATA[
Godot Runtime Error !
Error: 'Invalid call. Nonexistent function 'set_atoms (via call)' in base 'MeshInstance3D'.'
	at res://scripts/construction/atom_placement_manager.gd:568
]]>
			</error>
			<error message="ERROR: res://scripts/tests/ui_integration_test.gd:0" type="ABORT">
<![CDATA[
Godot Runtime Error !
Error: 'Invalid call. Nonexistent function 'set_atoms (via call)' in base 'MeshInstance3D'.'
	at res://scripts/construction/atom_placement_manager.gd:568
]]>
			</error>
			<error message="ERROR: res://scripts/tests/ui_integration_test.gd:0" type="ABORT">
<![CDATA[
Godot Runtime Error !
Error: 'Invalid call. Nonexistent function 'set_atoms (via call)' in base 'MeshInstance3D'.'
	at res://scripts/construction/atom_placement_manager.gd:568
]]>
			</error>
			<error message="ERROR: res://scripts/tests/ui_integration_test.gd:0" type="ABORT">
<![CDATA[
Godot Runtime Error !
Error: 'Invalid call. Nonexistent function 'set_atoms (via call)' in base 'MeshInstance3D'.'
	at res://scripts/construction/atom_placement_manager.gd:568
]]>
			</error>
			<error message="ERROR: res://scripts/tests/ui_integration_test.gd:0" type="ABORT">
<![CDATA[
Godot Runtime Error !
Error: 'Invalid call. Nonexistent function 'set_atoms (via call)' in base 'MeshInstance3D'.'
	at res://scripts/construction/atom_placement_manager.gd:568
]]>
			</error>
			<error message="ERROR: res://scripts/tests/ui_integration_test.gd:0" type="ABORT">
<![CDATA[
Godot Runtime Error !
Error: 'Invalid call. Nonexistent function 'set_atoms (via call)' in base 'MeshInstance3D'.'
	at res://scripts/construction/atom_placement_manager.gd:568
]]>
			</error>
			<error message="ERROR: res://scripts/tests/ui_integration_test.gd:0" type="ABORT">
<![CDATA[
Godot Runtime Error !
Error: 'Invalid call. Nonexistent function 'set_atoms (via call)' in base 'MeshInstance3D'.'
	at res://scripts/construction/atom_placement_manager.gd:568
]]>
			</error>
			<error message="ERROR: res://scripts/tests/ui_integration_test.gd:0" type="ABORT">
<![CDATA[
Godot Runtime Error !
Error: 'Invalid call. Nonexistent function 'set_atoms (via call)' in base 'MeshInstance3D'.'
	at res://scripts/construction/atom_placement_manager.gd:568
]]>
			</error>
			<error message="ERROR: res://scripts/tests/ui_integration_test.gd:0" type="ABORT">
<![CDATA[
Godot Runtime Error !
Error: 'Invalid call. Nonexistent function 'set_atoms (via call)' in base 'MeshInstance3D'.'
	at res://scripts/construction/atom_placement_manager.gd:568
]]>
			</error>
			<error message="ERROR: res://scripts/tests/ui_integration_test.gd:0" type="ABORT">
<![CDATA[
Godot Runtime Error !
Error: 'Invalid call. Nonexistent function 'set_atoms (via call)' in base 'MeshInstance3D'.'
	at res://scripts/construction/atom_placement_manager.gd:568
]]>
			</error>
			<error message="ERROR: res://scripts/tests/ui_integration_test.gd:0" type="ABORT">
<![CDATA[
Godot Runtime Error !
Error: 'Invalid call. Nonexistent function 'set_atoms (via call)' in base 'MeshInstance3D'.'
	at res://scripts/construction/atom_placement_manager.gd:568
]]>
			</error>
			<error message="ERROR: res://scripts/tests/ui_integration_test.gd:0" type="ABORT">
<![CDATA[
Godot Runtime Error !
Error: 'Invalid call. Nonexistent function 'set_atoms (via call)' in base 'MeshInstance3D'.'
	at res://scripts/construction/atom_placement_manager.gd:568
]]>
			</error>
			<error message="ERROR: res://scripts/tests/ui_integration_test.gd:0" type="ABORT">
<![CDATA[
Godot Runtime Error !
Error: 'Invalid call. Nonexistent function 'set_atoms (via call)' in base 'MeshInstance3D'.'
	at res://scripts/construction/atom_placement_manager.gd:568
]]>
			</error>
			<error message="ERROR: res://scripts/tests/ui_integration_test.gd:0" type="ABORT">
<![CDATA[
Godot Runtime Error !
Error: 'Invalid call. Nonexistent function 'set_atoms (via call)' in base 'MeshInstance3D'.'
	at res://scripts/construction/atom_placement_manager.gd:568
]]>
			</error>
			<error message="ERROR: res://scripts/tests/ui_integration_test.gd:0" type="ABORT">
<![CDATA[
Godot Runtime Error !
Error: 'Invalid call. Nonexistent function 'set_atoms (via call)' in base 'MeshInstance3D'.'
	at res://scripts/construction/atom_placement_manager.gd:568
]]>
			</error>
			<error message="ERROR: res://scripts/tests/ui_integration_test.gd:0" type="ABORT">
<![CDATA[
Godot Runtime Error !
Error: 'Invalid call. Nonexistent function 'set_atoms (via call)' in base 'MeshInstance3D'.'
	at res://scripts/construction/atom_placement_manager.gd:568
]]>
			</error>
			<error message="ERROR: res://scripts/tests/ui_integration_test.gd:0" type="ABORT">
<![CDATA[
Godot Runtime Error !
Error: 'Invalid call. Nonexistent function 'set_atoms (via call)' in base 'MeshInstance3D'.'
	at res://scripts/construction/atom_placement_manager.gd:568
]]>
			</error>
			<error message="ERROR: res://scripts/tests/ui_integration_test.gd:0" type="ABORT">
<![CDATA[
Godot Runtime Error !
Error: 'Invalid call. Nonexistent function 'set_atoms (via call)' in base 'MeshInstance3D'.'
	at res://scripts/construction/atom_placement_manager.gd:568
]]>
			</error>
			<error message="ERROR: res://scripts/tests/ui_integration_test.gd:0" type="ABORT">
<![CDATA[
Godot Runtime Error !
Error: 'Invalid call. Nonexistent function 'set_atoms (via call)' in base 'MeshInstance3D'.'
	at res://scripts/construction/atom_placement_manager.gd:568
]]>
			</error>
			<error message="ERROR: res://scripts/tests/ui_integration_test.gd:0" type="ABORT">
<![CDATA[
Godot Runtime Error !
Error: 'Invalid call. Nonexistent function 'set_atoms (via call)' in base 'MeshInstance3D'.'
	at res://scripts/construction/atom_placement_manager.gd:568
]]>
			</error>
			<error message="ERROR: res://scripts/tests/ui_integration_test.gd:0" type="ABORT">
<![CDATA[
Godot Runtime Error !
Error: 'Invalid call. Nonexistent function 'set_atoms (via call)' in base 'MeshInstance3D'.'
	at res://scripts/construction/atom_placement_manager.gd:568
]]>
			</error>
			<error message="ERROR: res://scripts/tests/ui_integration_test.gd:0" type="ABORT">
<![CDATA[
Godot Runtime Error !
Error: 'Invalid call. Nonexistent function 'set_atoms (via call)' in base 'MeshInstance3D'.'
	at res://scripts/construction/atom_placement_manager.gd:568
]]>
			</error>
			<error message="ERROR: res://scripts/tests/ui_integration_test.gd:0" type="ABORT">
<![CDATA[
Godot Runtime Error !
Error: 'Invalid call. Nonexistent function 'set_atoms (via call)' in base 'MeshInstance3D'.'
	at res://scripts/construction/atom_placement_manager.gd:568
]]>
			</error>
			<error message="ERROR: res://scripts/tests/ui_integration_test.gd:0" type="ABORT">
<![CDATA[
Godot Runtime Error !
Error: 'Invalid call. Nonexistent function 'set_atoms (via call)' in base 'MeshInstance3D'.'
	at res://scripts/construction/atom_placement_manager.gd:568
]]>
			</error>
			<error message="ERROR: res://scripts/tests/ui_integration_test.gd:0" type="ABORT">
<![CDATA[
Godot Runtime Error !
Error: 'Invalid call. Nonexistent function 'set_atoms (via call)' in base 'MeshInstance3D'.'
	at res://scripts/construction/atom_placement_manager.gd:568
]]>
			</error>
			<error message="ERROR: res://scripts/tests/ui_integration_test.gd:0" type="ABORT">
<![CDATA[
Godot Runtime Error !
Error: 'Invalid call. Nonexistent function 'set_atoms (via call)' in base 'MeshInstance3D'.'
	at res://scripts/construction/atom_placement_manager.gd:568
]]>
			</error>
			<error message="ERROR: res://scripts/tests/ui_integration_test.gd:0" type="ABORT">
<![CDATA[
Godot Runtime Error !
Error: 'Invalid call. Nonexistent function 'set_atoms (via call)' in base 'MeshInstance3D'.'
	at res://scripts/construction/atom_placement_manager.gd:568
]]>
			</error>
			<error message="ERROR: res://scripts/tests/ui_integration_test.gd:0" type="ABORT">
<![CDATA[
Godot Runtime Error !
Error: 'Invalid call. Nonexistent function 'set_atoms (via call)' in base 'MeshInstance3D'.'
	at res://scripts/construction/atom_placement_manager.gd:568
]]>
			</error>
			<error message="ERROR: res://scripts/tests/ui_integration_test.gd:0" type="ABORT">
<![CDATA[
Godot Runtime Error !
Error: 'Invalid call. Nonexistent function 'set_atoms (via call)' in base 'MeshInstance3D'.'
	at res://scripts/construction/atom_placement_manager.gd:568
]]>
			</error>
			<error message="ERROR: res://scripts/tests/ui_integration_test.gd:0" type="ABORT">
<![CDATA[
Godot Runtime Error !
Error: 'Invalid call. Nonexistent function 'set_atoms (via call)' in base 'MeshInstance3D'.'
	at res://scripts/construction/atom_placement_manager.gd:568
]]>
			</error>
			<error message="ERROR: res://scripts/tests/ui_integration_test.gd:0" type="ABORT">
<![CDATA[
Godot Runtime Error !
Error: 'Invalid call. Nonexistent function 'set_atoms (via call)' in base 'MeshInstance3D'.'
	at res://scripts/construction/atom_placement_manager.gd:568
]]>
			</error>
			<error message="ERROR: res://scripts/tests/ui_integration_test.gd:0" type="ABORT">
<![CDATA[
Godot Runtime Error !
Error: 'Invalid call. Nonexistent function 'set_atoms (via call)' in base 'MeshInstance3D'.'
	at res://scripts/construction/atom_placement_manager.gd:568
]]>
			</error>
			<error message="ERROR: res://scripts/tests/ui_integration_test.gd:0" type="ABORT">
<![CDATA[
Godot Runtime Error !
Error: 'Invalid call. Nonexistent function 'set_atoms (via call)' in base 'MeshInstance3D'.'
	at res://scripts/construction/atom_placement_manager.gd:568
]]>
			</error>
			<error message="ERROR: res://scripts/tests/ui_integration_test.gd:0" type="ABORT">
<![CDATA[
Godot Runtime Error !
Error: 'Invalid call. Nonexistent function 'set_atoms (via call)' in base 'MeshInstance3D'.'
	at res://scripts/construction/atom_placement_manager.gd:568
]]>
			</error>
			<error message="ERROR: res://scripts/tests/ui_integration_test.gd:0" type="ABORT">
<![CDATA[
Godot Runtime Error !
Error: 'Invalid call. Nonexistent function 'set_atoms (via call)' in base 'MeshInstance3D'.'
	at res://scripts/construction/atom_placement_manager.gd:568
]]>
			</error>
			<error message="ERROR: res://scripts/tests/ui_integration_test.gd:0" type="ABORT">
<![CDATA[
Godot Runtime Error !
Error: 'Invalid call. Nonexistent function 'set_atoms (via call)' in base 'MeshInstance3D'.'
	at res://scripts/construction/atom_placement_manager.gd:568
]]>
			</error>
			<error message="ERROR: res://scripts/tests/ui_integration_test.gd:0" type="ABORT">
<![CDATA[
Godot Runtime Error !
Error: 'Invalid call. Nonexistent function 'set_atoms (via call)' in base 'MeshInstance3D'.'
	at res://scripts/construction/atom_placement_manager.gd:568
]]>
			</error>
			<error message="ERROR: res://scripts/tests/ui_integration_test.gd:0" type="ABORT">
<![CDATA[
Godot Runtime Error !
Error: 'Invalid call. Nonexistent function 'set_atoms (via call)' in base 'MeshInstance3D'.'
	at res://scripts/construction/atom_placement_manager.gd:568
]]>
			</error>
			<error message="ERROR: res://scripts/tests/ui_integration_test.gd:0" type="ABORT">
<![CDATA[
Godot Runtime Error !
Error: 'Invalid call. Nonexistent function 'set_atoms (via call)' in base 'MeshInstance3D'.'
	at res://scripts/construction/atom_placement_manager.gd:568
]]>
			</error>
			<error message="ERROR: res://scripts/tests/ui_integration_test.gd:0" type="ABORT">
<![CDATA[
Godot Runtime Error !
Error: 'Invalid call. Nonexistent function 'set_atoms (via call)' in base 'MeshInstance3D'.'
	at res://scripts/construction/atom_placement_manager.gd:568
]]>
			</error>
			<error message="ERROR: res://scripts/tests/ui_integration_test.gd:0" type="ABORT">
<![CDATA[
Godot Runtime Error !
Error: 'Invalid call. Nonexistent function 'set_atoms (via call)' in base 'MeshInstance3D'.'
	at res://scripts/construction/atom_placement_manager.gd:568
]]>
			</error>
			<error message="ERROR: res://scripts/tests/ui_integration_test.gd:0" type="ABORT">
<![CDATA[
Godot Runtime Error !
Error: 'Invalid call. Nonexistent function 'set_atoms (via call)' in base 'MeshInstance3D'.'
	at res://scripts/construction/atom_placement_manager.gd:568
]]>
			</error>
			<error message="ERROR: res://scripts/tests/ui_integration_test.gd:0" type="ABORT">
<![CDATA[
Godot Runtime Error !
Error: 'Invalid call. Nonexistent function 'set_atoms (via call)' in base 'MeshInstance3D'.'
	at res://scripts/construction/atom_placement_manager.gd:568
]]>
			</error>
			<error message="ERROR: res://scripts/tests/ui_integration_test.gd:0" type="ABORT">
<![CDATA[
Godot Runtime Error !
Error: 'Invalid call. Nonexistent function 'set_atoms (via call)' in base 'MeshInstance3D'.'
	at res://scripts/construction/atom_placement_manager.gd:568
]]>
			</error>
			<error message="ERROR: res://scripts/tests/ui_integration_test.gd:0" type="ABORT">
<![CDATA[
Godot Runtime Error !
Error: 'Invalid call. Nonexistent function 'set_atoms (via call)' in base 'MeshInstance3D'.'
	at res://scripts/construction/atom_placement_manager.gd:568
]]>
			</error>
			<error message="ERROR: res://scripts/tests/ui_integration_test.gd:0" type="ABORT">
<![CDATA[
Godot Runtime Error !
Error: 'Invalid call. Nonexistent function 'set_atoms (via call)' in base 'MeshInstance3D'.'
	at res://scripts/construction/atom_placement_manager.gd:568
]]>
			</error>
			<error message="ERROR: res://scripts/tests/ui_integration_test.gd:0" type="ABORT">
<![CDATA[
Godot Runtime Error !
Error: 'Invalid call. Nonexistent function 'set_atoms (via call)' in base 'MeshInstance3D'.'
	at res://scripts/construction/atom_placement_manager.gd:568
]]>
			</error>
			<error message="ERROR: res://scripts/tests/ui_integration_test.gd:0" type="ABORT">
<![CDATA[
Godot Runtime Error !
Error: 'Invalid call. Nonexistent function 'set_atoms (via call)' in base 'MeshInstance3D'.'
	at res://scripts/construction/atom_placement_manager.gd:568
]]>
			</error>
			<error message="ERROR: res://scripts/tests/ui_integration_test.gd:0" type="ABORT">
<![CDATA[
Godot Runtime Error !
Error: 'Invalid call. Nonexistent function 'set_atoms (via call)' in base 'MeshInstance3D'.'
	at res://scripts/construction/atom_placement_manager.gd:568
]]>
			</error>
			<error message="ERROR: res://scripts/tests/ui_integration_test.gd:0" type="ABORT">
<![CDATA[
Godot Runtime Error !
Error: 'Invalid call. Nonexistent function 'set_atoms (via call)' in base 'MeshInstance3D'.'
	at res://scripts/construction/atom_placement_manager.gd:568
]]>
			</error>
			<error message="ERROR: res://scripts/tests/ui_integration_test.gd:0" type="ABORT">
<![CDATA[
Godot Runtime Error !
Error: 'Invalid call. Nonexistent function 'set_atoms (via call)' in base 'MeshInstance3D'.'
	at res://scripts/construction/atom_placement_manager.gd:568
]]>
			</error>
			<error message="ERROR: res://scripts/tests/ui_integration_test.gd:0" type="ABORT">
<![CDATA[
Godot Runtime Error !
Error: 'Invalid call. Nonexistent function 'set_atoms (via call)' in base 'MeshInstance3D'.'
	at res://scripts/construction/atom_placement_manager.gd:568
]]>
			</error>
			<error message="ERROR: res://scripts/tests/ui_integration_test.gd:0" type="ABORT">
<![CDATA[
Godot Runtime Error !
Error: 'Invalid call. Nonexistent function 'set_atoms (via call)' in base 'MeshInstance3D'.'
	at res://scripts/construction/atom_placement_manager.gd:568
]]>
			</error>
			<error message="ERROR: res://scripts/tests/ui_integration_test.gd:0" type="ABORT">
<![CDATA[
Godot Runtime Error !
Error: 'Invalid call. Nonexistent function 'set_atoms (via call)' in base 'MeshInstance3D'.'
	at res://scripts/construction/atom_placement_manager.gd:568
]]>
			</error>
			<error message="ERROR: res://scripts/tests/ui_integration_test.gd:0" type="ABORT">
<![CDATA[
Godot Runtime Error !
Error: 'Invalid call. Nonexistent function 'set_atoms (via call)' in base 'MeshInstance3D'.'
	at res://scripts/construction/atom_placement_manager.gd:568
]]>
			</error>
			<error message="ERROR: res://scripts/tests/ui_integration_test.gd:0" type="ABORT">
<![CDATA[
Godot Runtime Error !
Error: 'Invalid call. Nonexistent function 'set_atoms (via call)' in base 'MeshInstance3D'.'
	at res://scripts/construction/atom_placement_manager.gd:568
]]>
			</error>
			<error message="ERROR: res://scripts/tests/ui_integration_test.gd:0" type="ABORT">
<![CDATA[
Godot Runtime Error !
Error: 'Invalid call. Nonexistent function 'set_atoms (via call)' in base 'MeshInstance3D'.'
	at res://scripts/construction/atom_placement_manager.gd:568
]]>
			</error>
			<error message="ERROR: res://scripts/tests/ui_integration_test.gd:0" type="ABORT">
<![CDATA[
Godot Runtime Error !
Error: 'Invalid call. Nonexistent function 'set_atoms (via call)' in base 'MeshInstance3D'.'
	at res://scripts/construction/atom_placement_manager.gd:568
]]>
			</error>
			<error message="ERROR: res://scripts/tests/ui_integration_test.gd:0" type="ABORT">
<![CDATA[
Godot Runtime Error !
Error: 'Invalid call. Nonexistent function 'set_atoms (via call)' in base 'MeshInstance3D'.'
	at res://scripts/construction/atom_placement_manager.gd:568
]]>
			</error>
			<error message="ERROR: res://scripts/tests/ui_integration_test.gd:0" type="ABORT">
<![CDATA[
Godot Runtime Error !
Error: 'Invalid call. Nonexistent function 'set_atoms (via call)' in base 'MeshInstance3D'.'
	at res://scripts/construction/atom_placement_manager.gd:568
]]>
			</error>
			<error message="ERROR: res://scripts/tests/ui_integration_test.gd:0" type="ABORT">
<![CDATA[
Godot Runtime Error !
Error: 'Invalid call. Nonexistent function 'set_atoms (via call)' in base 'MeshInstance3D'.'
	at res://scripts/construction/atom_placement_manager.gd:568
]]>
			</error>
			<error message="ERROR: res://scripts/tests/ui_integration_test.gd:0" type="ABORT">
<![CDATA[
Godot Runtime Error !
Error: 'Invalid call. Nonexistent function 'set_atoms (via call)' in base 'MeshInstance3D'.'
	at res://scripts/construction/atom_placement_manager.gd:568
]]>
			</error>
			<error message="ERROR: res://scripts/tests/ui_integration_test.gd:0" type="ABORT">
<![CDATA[
Godot Runtime Error !
Error: 'Invalid call. Nonexistent function 'set_atoms (via call)' in base 'MeshInstance3D'.'
	at res://scripts/construction/atom_placement_manager.gd:568
]]>
			</error>
			<error message="ERROR: res://scripts/tests/ui_integration_test.gd:0" type="ABORT">
<![CDATA[
Godot Runtime Error !
Error: 'Invalid call. Nonexistent function 'set_atoms (via call)' in base 'MeshInstance3D'.'
	at res://scripts/construction/atom_placement_manager.gd:568
]]>
			</error>
			<error message="ERROR: res://scripts/tests/ui_integration_test.gd:0" type="ABORT">
<![CDATA[
Godot Runtime Error !
Error: 'Invalid call. Nonexistent function 'set_atoms (via call)' in base 'MeshInstance3D'.'
	at res://scripts/construction/atom_placement_manager.gd:568
]]>
			</error>
			<error message="ERROR: res://scripts/tests/ui_integration_test.gd:0" type="ABORT">
<![CDATA[
Godot Runtime Error !
Error: 'Invalid call. Nonexistent function 'set_atoms (via call)' in base 'MeshInstance3D'.'
	at res://scripts/construction/atom_placement_manager.gd:568
]]>
			</error>
			<error message="ERROR: res://scripts/tests/ui_integration_test.gd:0" type="ABORT">
<![CDATA[
Godot Runtime Error !
Error: 'Invalid call. Nonexistent function 'set_atoms (via call)' in base 'MeshInstance3D'.'
	at res://scripts/construction/atom_placement_manager.gd:568
]]>
			</error>
			<error message="ERROR: res://scripts/tests/ui_integration_test.gd:0" type="ABORT">
<![CDATA[
Godot Runtime Error !
Error: 'Invalid call. Nonexistent function 'set_atoms (via call)' in base 'MeshInstance3D'.'
	at res://scripts/construction/atom_placement_manager.gd:568
]]>
			</error>
			<error message="ERROR: res://scripts/tests/ui_integration_test.gd:0" type="ABORT">
<![CDATA[
Godot Runtime Error !
Error: 'Invalid call. Nonexistent function 'set_atoms (via call)' in base 'MeshInstance3D'.'
	at res://scripts/construction/atom_placement_manager.gd:568
]]>
			</error>
			<error message="ERROR: res://scripts/tests/ui_integration_test.gd:0" type="ABORT">
<![CDATA[
Godot Runtime Error !
Error: 'Invalid call. Nonexistent function 'set_atoms (via call)' in base 'MeshInstance3D'.'
	at res://scripts/construction/atom_placement_manager.gd:568
]]>
			</error>
			<error message="ERROR: res://scripts/tests/ui_integration_test.gd:0" type="ABORT">
<![CDATA[
Godot Runtime Error !
Error: 'Invalid call. Nonexistent function 'set_atoms (via call)' in base 'MeshInstance3D'.'
	at res://scripts/construction/atom_placement_manager.gd:568
]]>
			</error>
			<error message="ERROR: res://scripts/tests/ui_integration_test.gd:0" type="ABORT">
<![CDATA[
Godot Runtime Error !
Error: 'Invalid call. Nonexistent function 'set_atoms (via call)' in base 'MeshInstance3D'.'
	at res://scripts/construction/atom_placement_manager.gd:568
]]>
			</error>
			<error message="ERROR: res://scripts/tests/ui_integration_test.gd:0" type="ABORT">
<![CDATA[
Godot Runtime Error !
Error: 'Invalid call. Nonexistent function 'set_atoms (via call)' in base 'MeshInstance3D'.'
	at res://scripts/construction/atom_placement_manager.gd:568
]]>
			</error>
			<error message="ERROR: res://scripts/tests/ui_integration_test.gd:0" type="ABORT">
<![CDATA[
Godot Runtime Error !
Error: 'Invalid call. Nonexistent function 'set_atoms (via call)' in base 'MeshInstance3D'.'
	at res://scripts/construction/atom_placement_manager.gd:568
]]>
			</error>
			<error message="ERROR: res://scripts/tests/ui_integration_test.gd:0" type="ABORT">
<![CDATA[
Godot Runtime Error !
Error: 'Invalid call. Nonexistent function 'set_atoms (via call)' in base 'MeshInstance3D'.'
	at res://scripts/construction/atom_placement_manager.gd:568
]]>
			</error>
			<error message="ERROR: res://scripts/tests/ui_integration_test.gd:0" type="ABORT">
<![CDATA[
Godot Runtime Error !
Error: 'Invalid call. Nonexistent function 'set_atoms (via call)' in base 'MeshInstance3D'.'
	at res://scripts/construction/atom_placement_manager.gd:568
]]>
			</error>
			<error message="ERROR: res://scripts/tests/ui_integration_test.gd:0" type="ABORT">
<![CDATA[
Godot Runtime Error !
Error: 'Invalid call. Nonexistent function 'set_atoms (via call)' in base 'MeshInstance3D'.'
	at res://scripts/construction/atom_placement_manager.gd:568
]]>
			</error>
			<error message="ERROR: res://scripts/tests/ui_integration_test.gd:0" type="ABORT">
<![CDATA[
Godot Runtime Error !
Error: 'Invalid call. Nonexistent function 'set_atoms (via call)' in base 'MeshInstance3D'.'
	at res://scripts/construction/atom_placement_manager.gd:568
]]>
			</error>
			<error message="ERROR: res://scripts/tests/ui_integration_test.gd:0" type="ABORT">
<![CDATA[
Godot Runtime Error !
Error: 'Invalid call. Nonexistent function 'set_atoms (via call)' in base 'MeshInstance3D'.'
	at res://scripts/construction/atom_placement_manager.gd:568
]]>
			</error>
			<error message="ERROR: res://scripts/tests/ui_integration_test.gd:0" type="ABORT">
<![CDATA[
Godot Runtime Error !
Error: 'Invalid call. Nonexistent function 'set_atoms (via call)' in base 'MeshInstance3D'.'
	at res://scripts/construction/atom_placement_manager.gd:568
]]>
			</error>
			<error message="ERROR: res://scripts/tests/ui_integration_test.gd:0" type="ABORT">
<![CDATA[
Godot Runtime Error !
Error: 'Invalid call. Nonexistent function 'set_atoms (via call)' in base 'MeshInstance3D'.'
	at res://scripts/construction/atom_placement_manager.gd:568
]]>
			</error>
			<error message="ERROR: res://scripts/tests/ui_integration_test.gd:0" type="ABORT">
<![CDATA[
Godot Runtime Error !
Error: 'Invalid call. Nonexistent function 'set_atoms (via call)' in base 'MeshInstance3D'.'
	at res://scripts/construction/atom_placement_manager.gd:568
]]>
			</error>
			<error message="ERROR: res://scripts/tests/ui_integration_test.gd:0" type="ABORT">
<![CDATA[
Godot Runtime Error !
Error: 'Invalid call. Nonexistent function 'set_atoms (via call)' in base 'MeshInstance3D'.'
	at res://scripts/construction/atom_placement_manager.gd:568
]]>
			</error>
			<error message="ERROR: res://scripts/tests/ui_integration_test.gd:0" type="ABORT">
<![CDATA[
Godot Runtime Error !
Error: 'Invalid call. Nonexistent function 'set_atoms (via call)' in base 'MeshInstance3D'.'
	at res://scripts/construction/atom_placement_manager.gd:568
]]>
			</error>
			<error message="ERROR: res://scripts/tests/ui_integration_test.gd:0" type="ABORT">
<![CDATA[
Godot Runtime Error !
Error: 'Invalid call. Nonexistent function 'set_atoms (via call)' in base 'MeshInstance3D'.'
	at res://scripts/construction/atom_placement_manager.gd:568
]]>
			</error>
			<error message="ERROR: res://scripts/tests/ui_integration_test.gd:0" type="ABORT">
<![CDATA[
Godot Runtime Error !
Error: 'Invalid call. Nonexistent function 'set_atoms (via call)' in base 'MeshInstance3D'.'
	at res://scripts/construction/atom_placement_manager.gd:568
]]>
			</error>
			<error message="ERROR: res://scripts/tests/ui_integration_test.gd:0" type="ABORT">
<![CDATA[
Godot Runtime Error !
Error: 'Invalid call. Nonexistent function 'set_atoms (via call)' in base 'MeshInstance3D'.'
	at res://scripts/construction/atom_placement_manager.gd:568
]]>
			</error>
			<error message="ERROR: res://scripts/tests/ui_integration_test.gd:0" type="ABORT">
<![CDATA[
Godot Runtime Error !
Error: 'Invalid call. Nonexistent function 'set_atoms (via call)' in base 'MeshInstance3D'.'
	at res://scripts/construction/atom_placement_manager.gd:568
]]>
			</error>
			<error message="ERROR: res://scripts/tests/ui_integration_test.gd:0" type="ABORT">
<![CDATA[
Godot Runtime Error !
Error: 'Invalid call. Nonexistent function 'set_atoms (via call)' in base 'MeshInstance3D'.'
	at res://scripts/construction/atom_placement_manager.gd:568
]]>
			</error>
			<error message="ERROR: res://scripts/tests/ui_integration_test.gd:0" type="ABORT">
<![CDATA[
Godot Runtime Error !
Error: 'Invalid call. Nonexistent function 'set_atoms (via call)' in base 'MeshInstance3D'.'
	at res://scripts/construction/atom_placement_manager.gd:568
]]>
			</error>
			<error message="ERROR: res://scripts/tests/ui_integration_test.gd:0" type="ABORT">
<![CDATA[
Godot Runtime Error !
Error: 'Invalid call. Nonexistent function 'set_atoms (via call)' in base 'MeshInstance3D'.'
	at res://scripts/construction/atom_placement_manager.gd:568
]]>
			</error>
			<error message="ERROR: res://scripts/tests/ui_integration_test.gd:0" type="ABORT">
<![CDATA[
Godot Runtime Error !
Error: 'Invalid call. Nonexistent function 'set_atoms (via call)' in base 'MeshInstance3D'.'
	at res://scripts/construction/atom_placement_manager.gd:568
]]>
			</error>
			<error message="ERROR: res://scripts/tests/ui_integration_test.gd:0" type="ABORT">
<![CDATA[
Godot Runtime Error !
Error: 'Invalid call. Nonexistent function 'set_atoms (via call)' in base 'MeshInstance3D'.'
	at res://scripts/construction/atom_placement_manager.gd:568
]]>
			</error>
			<error message="ERROR: res://scripts/tests/ui_integration_test.gd:0" type="ABORT">
<![CDATA[
Godot Runtime Error !
Error: 'Invalid call. Nonexistent function 'set_atoms (via call)' in base 'MeshInstance3D'.'
	at res://scripts/construction/atom_placement_manager.gd:568
]]>
			</error>
			<error message="ERROR: res://scripts/tests/ui_integration_test.gd:0" type="ABORT">
<![CDATA[
Godot Runtime Error !
Error: 'Invalid call. Nonexistent function 'set_atoms (via call)' in base 'MeshInstance3D'.'
	at res://scripts/construction/atom_placement_manager.gd:568
]]>
			</error>
			<error message="ERROR: res://scripts/tests/ui_integration_test.gd:0" type="ABORT">
<![CDATA[
Godot Runtime Error !
Error: 'Invalid call. Nonexistent function 'set_atoms (via call)' in base 'MeshInstance3D'.'
	at res://scripts/construction/atom_placement_manager.gd:568
]]>
			</error>
			<error message="ERROR: res://scripts/tests/ui_integration_test.gd:0" type="ABORT">
<![CDATA[
Godot Runtime Error !
Error: 'Invalid call. Nonexistent function 'set_atoms (via call)' in base 'MeshInstance3D'.'
	at res://scripts/construction/atom_placement_manager.gd:568
]]>
			</error>
			<error message="ERROR: res://scripts/tests/ui_integration_test.gd:0" type="ABORT">
<![CDATA[
Godot Runtime Error !
Error: 'Invalid call. Nonexistent function 'set_atoms (via call)' in base 'MeshInstance3D'.'
	at res://scripts/construction/atom_placement_manager.gd:568
]]>
			</error>
			<error message="ERROR: res://scripts/tests/ui_integration_test.gd:0" type="ABORT">
<![CDATA[
Godot Runtime Error !
Error: 'Invalid call. Nonexistent function 'set_atoms (via call)' in base 'MeshInstance3D'.'
	at res://scripts/construction/atom_placement_manager.gd:568
]]>
			</error>
			<error message="ERROR: res://scripts/tests/ui_integration_test.gd:0" type="ABORT">
<![CDATA[
Godot Runtime Error !
Error: 'Invalid call. Nonexistent function 'set_atoms (via call)' in base 'MeshInstance3D'.'
	at res://scripts/construction/atom_placement_manager.gd:568
]]>
			</error>
			<error message="ERROR: res://scripts/tests/ui_integration_test.gd:0" type="ABORT">
<![CDATA[
Godot Runtime Error !
Error: 'Invalid call. Nonexistent function 'set_atoms (via call)' in base 'MeshInstance3D'.'
	at res://scripts/construction/atom_placement_manager.gd:568
]]>
			</error>
			<error message="ERROR: res://scripts/tests/ui_integration_test.gd:0" type="ABORT">
<![CDATA[
Godot Runtime Error !
Error: 'Invalid call. Nonexistent function 'set_atoms (via call)' in base 'MeshInstance3D'.'
	at res://scripts/construction/atom_placement_manager.gd:568
]]>
			</error>
			<error message="ERROR: res://scripts/tests/ui_integration_test.gd:0" type="ABORT">
<![CDATA[
Godot Runtime Error !
Error: 'Invalid call. Nonexistent function 'set_atoms (via call)' in base 'MeshInstance3D'.'
	at res://scripts/construction/atom_placement_manager.gd:568
]]>
			</error>
			<error message="ERROR: res://scripts/tests/ui_integration_test.gd:0" type="ABORT">
<![CDATA[
Godot Runtime Error !
Error: 'Invalid call. Nonexistent function 'set_atoms (via call)' in base 'MeshInstance3D'.'
	at res://scripts/construction/atom_placement_manager.gd:568
]]>
			</error>
			<error message="ERROR: res://scripts/tests/ui_integration_test.gd:0" type="ABORT">
<![CDATA[
Godot Runtime Error !
Error: 'Invalid call. Nonexistent function 'set_atoms (via call)' in base 'MeshInstance3D'.'
	at res://scripts/construction/atom_placement_manager.gd:568
]]>
			</error>
			<error message="ERROR: res://scripts/tests/ui_integration_test.gd:0" type="ABORT">
<![CDATA[
Godot Runtime Error !
Error: 'Invalid call. Nonexistent function 'set_atoms (via call)' in base 'MeshInstance3D'.'
	at res://scripts/construction/atom_placement_manager.gd:568
]]>
			</error>
			<error message="ERROR: res://scripts/tests/ui_integration_test.gd:0" type="ABORT">
<![CDATA[
Godot Runtime Error !
Error: 'Invalid call. Nonexistent function 'set_atoms (via call)' in base 'MeshInstance3D'.'
	at res://scripts/construction/atom_placement_manager.gd:568
]]>
			</error>
			<error message="ERROR: res://scripts/tests/ui_integration_test.gd:0" type="ABORT">
<![CDATA[
Godot Runtime Error !
Error: 'Invalid call. Nonexistent function 'set_atoms (via call)' in base 'MeshInstance3D'.'
	at res://scripts/construction/atom_placement_manager.gd:568
]]>
			</error>
			<error message="ERROR: res://scripts/tests/ui_integration_test.gd:0" type="ABORT">
<![CDATA[
Godot Runtime Error !
Error: 'Invalid call. Nonexistent function 'set_atoms (via call)' in base 'MeshInstance3D'.'
	at res://scripts/construction/atom_placement_manager.gd:568
]]>
			</error>
			<error message="ERROR: res://scripts/tests/ui_integration_test.gd:0" type="ABORT">
<![CDATA[
Godot Runtime Error !
Error: 'Invalid call. Nonexistent function 'set_atoms (via call)' in base 'MeshInstance3D'.'
	at res://scripts/construction/atom_placement_manager.gd:568
]]>
			</error>
			<error message="ERROR: res://scripts/tests/ui_integration_test.gd:0" type="ABORT">
<![CDATA[
Godot Runtime Error !
Error: 'Invalid call. Nonexistent function 'set_atoms (via call)' in base 'MeshInstance3D'.'
	at res://scripts/construction/atom_placement_manager.gd:568
]]>
			</error>
			<error message="ERROR: res://scripts/tests/ui_integration_test.gd:0" type="ABORT">
<![CDATA[
Godot Runtime Error !
Error: 'Invalid call. Nonexistent function 'set_atoms (via call)' in base 'MeshInstance3D'.'
	at res://scripts/construction/atom_placement_manager.gd:568
]]>
			</error>
			<error message="ERROR: res://scripts/tests/ui_integration_test.gd:0" type="ABORT">
<![CDATA[
Godot Runtime Error !
Error: 'Invalid call. Nonexistent function 'set_atoms (via call)' in base 'MeshInstance3D'.'
	at res://scripts/construction/atom_placement_manager.gd:568
]]>
			</error>
			<error message="ERROR: res://scripts/tests/ui_integration_test.gd:0" type="ABORT">
<![CDATA[
Godot Runtime Error !
Error: 'Invalid call. Nonexistent function 'set_atoms (via call)' in base 'MeshInstance3D'.'
	at res://scripts/construction/atom_placement_manager.gd:568
]]>
			</error>
			<error message="ERROR: res://scripts/tests/ui_integration_test.gd:0" type="ABORT">
<![CDATA[
Godot Runtime Error !
Error: 'Invalid call. Nonexistent function 'set_atoms (via call)' in base 'MeshInstance3D'.'
	at res://scripts/construction/atom_placement_manager.gd:568
]]>
			</error>
			<error message="ERROR: res://scripts/tests/ui_integration_test.gd:0" type="ABORT">
<![CDATA[
Godot Runtime Error !
Error: 'Invalid call. Nonexistent function 'set_atoms (via call)' in base 'MeshInstance3D'.'
	at res://scripts/construction/atom_placement_manager.gd:568
]]>
			</error>
			<error message="ERROR: res://scripts/tests/ui_integration_test.gd:0" type="ABORT">
<![CDATA[
Godot Runtime Error !
Error: 'Invalid call. Nonexistent function 'set_atoms (via call)' in base 'MeshInstance3D'.'
	at res://scripts/construction/atom_placement_manager.gd:568
]]>
			</error>
			<error message="ERROR: res://scripts/tests/ui_integration_test.gd:0" type="ABORT">
<![CDATA[
Godot Runtime Error !
Error: 'Invalid call. Nonexistent function 'set_atoms (via call)' in base 'MeshInstance3D'.'
	at res://scripts/construction/atom_placement_manager.gd:568
]]>
			</error>
			<error message="ERROR: res://scripts/tests/ui_integration_test.gd:0" type="ABORT">
<![CDATA[
Godot Runtime Error !
Error: 'Invalid call. Nonexistent function 'set_atoms (via call)' in base 'MeshInstance3D'.'
	at res://scripts/construction/atom_placement_manager.gd:568
]]>
			</error>
			<error message="ERROR: res://scripts/tests/ui_integration_test.gd:0" type="ABORT">
<![CDATA[
Godot Runtime Error !
Error: 'Invalid call. Nonexistent function 'set_atoms (via call)' in base 'MeshInstance3D'.'
	at res://scripts/construction/atom_placement_manager.gd:568
]]>
			</error>
			<error message="ERROR: res://scripts/tests/ui_integration_test.gd:0" type="ABORT">
<![CDATA[
Godot Runtime Error !
Error: 'Invalid call. Nonexistent function 'set_atoms (via call)' in base 'MeshInstance3D'.'
	at res://scripts/construction/atom_placement_manager.gd:568
]]>
			</error>
			<error message="ERROR: res://scripts/tests/ui_integration_test.gd:0" type="ABORT">
<![CDATA[
Godot Runtime Error !
Error: 'Invalid call. Nonexistent function 'set_atoms (via call)' in base 'MeshInstance3D'.'
	at res://scripts/construction/atom_placement_manager.gd:568
]]>
			</error>
			<error message="ERROR: res://scripts/tests/ui_integration_test.gd:0" type="ABORT">
<![CDATA[
Godot Runtime Error !
Error: 'Invalid call. Nonexistent function 'set_atoms (via call)' in base 'MeshInstance3D'.'
	at res://scripts/construction/atom_placement_manager.gd:568
]]>
			</error>
			<error message="ERROR: res://scripts/tests/ui_integration_test.gd:0" type="ABORT">
<![CDATA[
Godot Runtime Error !
Error: 'Invalid call. Nonexistent function 'set_atoms (via call)' in base 'MeshInstance3D'.'
	at res://scripts/construction/atom_placement_manager.gd:568
]]>
			</error>
			<error message="ERROR: res://scripts/tests/ui_integration_test.gd:0" type="ABORT">
<![CDATA[
Godot Runtime Error !
Error: 'Invalid call. Nonexistent function 'set_atoms (via call)' in base 'MeshInstance3D'.'
	at res://scripts/construction/atom_placement_manager.gd:568
]]>
			</error>
			<error message="ERROR: res://scripts/tests/ui_integration_test.gd:0" type="ABORT">
<![CDATA[
Godot Runtime Error !
Error: 'Invalid call. Nonexistent function 'set_atoms (via call)' in base 'MeshInstance3D'.'
	at res://scripts/construction/atom_placement_manager.gd:568
]]>
			</error>
			<error message="ERROR: res://scripts/tests/ui_integration_test.gd:0" type="ABORT">
<![CDATA[
Godot Runtime Error !
Error: 'Invalid call. Nonexistent function 'set_atoms (via call)' in base 'MeshInstance3D'.'
	at res://scripts/construction/atom_placement_manager.gd:568
]]>
			</error>
			<error message="ERROR: res://scripts/tests/ui_integration_test.gd:0" type="ABORT">
<![CDATA[
Godot Runtime Error !
Error: 'Invalid call. Nonexistent function 'set_atoms (via call)' in base 'MeshInstance3D'.'
	at res://scripts/construction/atom_placement_manager.gd:568
]]>
			</error>
			<error message="ERROR: res://scripts/tests/ui_integration_test.gd:0" type="ABORT">
<![CDATA[
Godot Runtime Error !
Error: 'Invalid call. Nonexistent function 'set_atoms (via call)' in base 'MeshInstance3D'.'
	at res://scripts/construction/atom_placement_manager.gd:568
]]>
			</error>
			<error message="ERROR: res://scripts/tests/ui_integration_test.gd:0" type="ABORT">
<![CDATA[
Godot Runtime Error !
Error: 'Invalid call. Nonexistent function 'set_atoms (via call)' in base 'MeshInstance3D'.'
	at res://scripts/construction/atom_placement_manager.gd:568
]]>
			</error>
			<error message="ERROR: res://scripts/tests/ui_integration_test.gd:0" type="ABORT">
<![CDATA[
Godot Runtime Error !
Error: 'Invalid call. Nonexistent function 'set_atoms (via call)' in base 'MeshInstance3D'.'
	at res://scripts/construction/atom_placement_manager.gd:568
]]>
			</error>
			<error message="ERROR: res://scripts/tests/ui_integration_test.gd:0" type="ABORT">
<![CDATA[
Godot Runtime Error !
Error: 'Invalid call. Nonexistent function 'set_atoms (via call)' in base 'MeshInstance3D'.'
	at res://scripts/construction/atom_placement_manager.gd:568
]]>
			</error>
			<error message="ERROR: res://scripts/tests/ui_integration_test.gd:0" type="ABORT">
<![CDATA[
Godot Runtime Error !
Error: 'Invalid call. Nonexistent function 'set_atoms (via call)' in base 'MeshInstance3D'.'
	at res://scripts/construction/atom_placement_manager.gd:568
]]>
			</error>
			<error message="ERROR: res://scripts/tests/ui_integration_test.gd:0" type="ABORT">
<![CDATA[
Godot Runtime Error !
Error: 'Invalid call. Nonexistent function 'set_atoms (via call)' in base 'MeshInstance3D'.'
	at res://scripts/construction/atom_placement_manager.gd:568
]]>
			</error>
			<error message="ERROR: res://scripts/tests/ui_integration_test.gd:0" type="ABORT">
<![CDATA[
Godot Runtime Error !
Error: 'Invalid call. Nonexistent function 'set_atoms (via call)' in base 'MeshInstance3D'.'
	at res://scripts/construction/atom_placement_manager.gd:568
]]>
			</error>
			<error message="ERROR: res://scripts/tests/ui_integration_test.gd:0" type="ABORT">
<![CDATA[
Godot Runtime Error !
Error: 'Invalid call. Nonexistent function 'set_atoms (via call)' in base 'MeshInstance3D'.'
	at res://scripts/construction/atom_placement_manager.gd:568
]]>
			</error>
			<error message="ERROR: res://scripts/tests/ui_integration_test.gd:0" type="ABORT">
<![CDATA[
Godot Runtime Error !
Error: 'Invalid call. Nonexistent function 'set_atoms (via call)' in base 'MeshInstance3D'.'
	at res://scripts/construction/atom_placement_manager.gd:568
]]>
			</error>
			<error message="ERROR: res://scripts/tests/ui_integration_test.gd:0" type="ABORT">
<![CDATA[
Godot Runtime Error !
Error: 'Invalid call. Nonexistent function 'set_atoms (via call)' in base 'MeshInstance3D'.'
	at res://scripts/construction/atom_placement_manager.gd:568
]]>
			</error>
			<error message="ERROR: res://scripts/tests/ui_integration_test.gd:0" type="ABORT">
<![CDATA[
Godot Runtime Error !
Error: 'Invalid call. Nonexistent function 'set_atoms (via call)' in base 'MeshInstance3D'.'
	at res://scripts/construction/atom_placement_manager.gd:568
]]>
			</error>
			<error message="ERROR: res://scripts/tests/ui_integration_test.gd:0" type="ABORT">
<![CDATA[
Godot Runtime Error !
Error: 'Invalid call. Nonexistent function 'set_atoms (via call)' in base 'MeshInstance3D'.'
	at res://scripts/construction/atom_placement_manager.gd:568
]]>
			</error>
			<error message="ERROR: res://scripts/tests/ui_integration_test.gd:0" type="ABORT">
<![CDATA[
Godot Runtime Error !
Error: 'Invalid call. Nonexistent function 'set_atoms (via call)' in base 'MeshInstance3D'.'
	at res://scripts/construction/atom_placement_manager.gd:568
]]>
			</error>
			<error message="ERROR: res://scripts/tests/ui_integration_test.gd:0" type="ABORT">
<![CDATA[
Godot Runtime Error !
Error: 'Invalid call. Nonexistent function 'set_atoms (via call)' in base 'MeshInstance3D'.'
	at res://scripts/construction/atom_placement_manager.gd:568
]]>
			</error>
			<error message="ERROR: res://scripts/tests/ui_integration_test.gd:0" type="ABORT">
<![CDATA[
Godot Runtime Error !
Error: 'Invalid call. Nonexistent function 'set_atoms (via call)' in base 'MeshInstance3D'.'
	at res://scripts/construction/atom_placement_manager.gd:568
]]>
			</error>
			<error message="ERROR: res://scripts/tests/ui_integration_test.gd:0" type="ABORT">
<![CDATA[
Godot Runtime Error !
Error: 'Invalid call. Nonexistent function 'set_atoms (via call)' in base 'MeshInstance3D'.'
	at res://scripts/construction/atom_placement_manager.gd:568
]]>
			</error>
			<error message="ERROR: res://scripts/tests/ui_integration_test.gd:0" type="ABORT">
<![CDATA[
Godot Runtime Error !
Error: 'Invalid call. Nonexistent function 'set_atoms (via call)' in base 'MeshInstance3D'.'
	at res://scripts/construction/atom_placement_manager.gd:568
]]>
			</error>
			<error message="ERROR: res://scripts/tests/ui_integration_test.gd:0" type="ABORT">
<![CDATA[
Godot Runtime Error !
Error: 'Invalid call. Nonexistent function 'set_atoms (via call)' in base 'MeshInstance3D'.'
	at res://scripts/construction/atom_placement_manager.gd:568
]]>
			</error>
			<error message="ERROR: res://scripts/tests/ui_integration_test.gd:0" type="ABORT">
<![CDATA[
Godot Runtime Error !
Error: 'Invalid call. Nonexistent function 'set_atoms (via call)' in base 'MeshInstance3D'.'
	at res://scripts/construction/atom_placement_manager.gd:568
]]>
			</error>
			<error message="ERROR: res://scripts/tests/ui_integration_test.gd:0" type="ABORT">
<![CDATA[
Godot Runtime Error !
Error: 'Invalid call. Nonexistent function 'set_atoms (via call)' in base 'MeshInstance3D'.'
	at res://scripts/construction/atom_placement_manager.gd:568
]]>
			</error>
			<error message="ERROR: res://scripts/tests/ui_integration_test.gd:0" type="ABORT">
<![CDATA[
Godot Runtime Error !
Error: 'Invalid call. Nonexistent function 'set_atoms (via call)' in base 'MeshInstance3D'.'
	at res://scripts/construction/atom_placement_manager.gd:568
]]>
			</error>
			<error message="ERROR: res://scripts/tests/ui_integration_test.gd:0" type="ABORT">
<![CDATA[
Godot Runtime Error !
Error: 'Invalid call. Nonexistent function 'set_atoms (via call)' in base 'MeshInstance3D'.'
	at res://scripts/construction/atom_placement_manager.gd:568
]]>
			</error>
			<error message="ERROR: res://scripts/tests/ui_integration_test.gd:0" type="ABORT">
<![CDATA[
Godot Runtime Error !
Error: 'Invalid call. Nonexistent function 'set_atoms (via call)' in base 'MeshInstance3D'.'
	at res://scripts/construction/atom_placement_manager.gd:568
]]>
			</error>
			<error message="ERROR: res://scripts/tests/ui_integration_test.gd:0" type="ABORT">
<![CDATA[
Godot Runtime Error !
Error: 'Invalid call. Nonexistent function 'set_atoms (via call)' in base 'MeshInstance3D'.'
	at res://scripts/construction/atom_placement_manager.gd:568
]]>
			</error>
			<error message="ERROR: res://scripts/tests/ui_integration_test.gd:0" type="ABORT">
<![CDATA[
Godot Runtime Error !
Error: 'Invalid call. Nonexistent function 'set_atoms (via call)' in base 'MeshInstance3D'.'
	at res://scripts/construction/atom_placement_manager.gd:568
]]>
			</error>
			<error message="ERROR: res://scripts/tests/ui_integration_test.gd:0" type="ABORT">
<![CDATA[
Godot Runtime Error !
Error: 'Invalid call. Nonexistent function 'set_atoms (via call)' in base 'MeshInstance3D'.'
	at res://scripts/construction/atom_placement_manager.gd:568
]]>
			</error>
			<error message="ERROR: res://scripts/tests/ui_integration_test.gd:0" type="ABORT">
<![CDATA[
Godot Runtime Error !
Error: 'Invalid call. Nonexistent function 'set_atoms (via call)' in base 'MeshInstance3D'.'
	at res://scripts/construction/atom_placement_manager.gd:568
]]>
			</error>
			<error message="ERROR: res://scripts/tests/ui_integration_test.gd:0" type="ABORT">
<![CDATA[
Godot Runtime Error !
Error: 'Invalid call. Nonexistent function 'set_atoms (via call)' in base 'MeshInstance3D'.'
	at res://scripts/construction/atom_placement_manager.gd:568
]]>
			</error>
			<error message="ERROR: res://scripts/tests/ui_integration_test.gd:0" type="ABORT">
<![CDATA[
Godot Runtime Error !
Error: 'Invalid call. Nonexistent function 'set_atoms (via call)' in base 'MeshInstance3D'.'
	at res://scripts/construction/atom_placement_manager.gd:568
]]>
			</error>
			<error message="ERROR: res://scripts/tests/ui_integration_test.gd:0" type="ABORT">
<![CDATA[
Godot Runtime Error !
Error: 'Invalid call. Nonexistent function 'set_atoms (via call)' in base 'MeshInstance3D'.'
	at res://scripts/construction/atom_placement_manager.gd:568
]]>
			</error>
			<error message="ERROR: res://scripts/tests/ui_integration_test.gd:0" type="ABORT">
<![CDATA[
Godot Runtime Error !
Error: 'Invalid call. Nonexistent function 'set_atoms (via call)' in base 'MeshInstance3D'.'
	at res://scripts/construction/atom_placement_manager.gd:568
]]>
			</error>
			<error message="ERROR: res://scripts/tests/ui_integration_test.gd:0" type="ABORT">
<![CDATA[
Godot Runtime Error !
Error: 'Invalid call. Nonexistent function 'set_atoms (via call)' in base 'MeshInstance3D'.'
	at res://scripts/construction/atom_placement_manager.gd:568
]]>
			</error>
			<error message="ERROR: res://scripts/tests/ui_integration_test.gd:0" type="ABORT">
<![CDATA[
Godot Runtime Error !
Error: 'Invalid call. Nonexistent function 'set_atoms (via call)' in base 'MeshInstance3D'.'
	at res://scripts/construction/atom_placement_manager.gd:568
]]>
			</error>
			<error message="ERROR: res://scripts/tests/ui_integration_test.gd:0" type="ABORT">
<![CDATA[
Godot Runtime Error !
Error: 'Invalid call. Nonexistent function 'set_atoms (via call)' in base 'MeshInstance3D'.'
	at res://scripts/construction/atom_placement_manager.gd:568
]]>
			</error>
			<error message="ERROR: res://scripts/tests/ui_integration_test.gd:0" type="ABORT">
<![CDATA[
Godot Runtime Error !
Error: 'Invalid call. Nonexistent function 'set_atoms (via call)' in base 'MeshInstance3D'.'
	at res://scripts/construction/atom_placement_manager.gd:568
]]>
			</error>
			<error message="ERROR: res://scripts/tests/ui_integration_test.gd:0" type="ABORT">
<![CDATA[
Godot Runtime Error !
Error: 'Invalid call. Nonexistent function 'set_atoms (via call)' in base 'MeshInstance3D'.'
	at res://scripts/construction/atom_placement_manager.gd:568
]]>
			</error>
			<error message="ERROR: res://scripts/tests/ui_integration_test.gd:0" type="ABORT">
<![CDATA[
Godot Runtime Error !
Error: 'Invalid call. Nonexistent function 'set_atoms (via call)' in base 'MeshInstance3D'.'
	at res://scripts/construction/atom_placement_manager.gd:568
]]>
			</error>
			<error message="ERROR: res://scripts/tests/ui_integration_test.gd:0" type="ABORT">
<![CDATA[
Godot Runtime Error !
Error: 'Invalid call. Nonexistent function 'set_atoms (via call)' in base 'MeshInstance3D'.'
	at res://scripts/construction/atom_placement_manager.gd:568
]]>
			</error>
			<error message="ERROR: res://scripts/tests/ui_integration_test.gd:0" type="ABORT">
<![CDATA[
Godot Runtime Error !
Error: 'Invalid call. Nonexistent function 'set_atoms (via call)' in base 'MeshInstance3D'.'
	at res://scripts/construction/atom_placement_manager.gd:568
]]>
			</error>
			<error message="ERROR: res://scripts/tests/ui_integration_test.gd:0" type="ABORT">
<![CDATA[
Godot Runtime Error !
Error: 'Invalid call. Nonexistent function 'set_atoms (via call)' in base 'MeshInstance3D'.'
	at res://scripts/construction/atom_placement_manager.gd:568
]]>
			</error>
			<error message="ERROR: res://scripts/tests/ui_integration_test.gd:0" type="ABORT">
<![CDATA[
Godot Runtime Error !
Error: 'Invalid call. Nonexistent function 'set_atoms (via call)' in base 'MeshInstance3D'.'
	at res://scripts/construction/atom_placement_manager.gd:568
]]>
			</error>
			<error message="ERROR: res://scripts/tests/ui_integration_test.gd:0" type="ABORT">
<![CDATA[
Godot Runtime Error !
Error: 'Invalid call. Nonexistent function 'set_atoms (via call)' in base 'MeshInstance3D'.'
	at res://scripts/construction/atom_placement_manager.gd:568
]]>
			</error>
			<error message="ERROR: res://scripts/tests/ui_integration_test.gd:0" type="ABORT">
<![CDATA[
Godot Runtime Error !
Error: 'Invalid call. Nonexistent function 'set_atoms (via call)' in base 'MeshInstance3D'.'
	at res://scripts/construction/atom_placement_manager.gd:568
]]>
			</error>
			<error message="ERROR: res://scripts/tests/ui_integration_test.gd:0" type="ABORT">
<![CDATA[
Godot Runtime Error !
[...]
<![CDATA[
Godot Runtime Error !
Error: 'Invalid call. Nonexistent function 'set_atoms (via call)' in base 'MeshInstance3D'.'
	at res://scripts/construction/atom_placement_manager.gd:568
]]>
			</error>
			<error message="ERROR: res://scripts/tests/ui_integration_test.gd:0" type="ABORT">
<![CDATA[
Godot Runtime Error !
Error: 'Invalid call. Nonexistent function 'set_atoms (via call)' in base 'MeshInstance3D'.'
	at res://scripts/construction/atom_placement_manager.gd:568
]]>
			</error>
			<error message="ERROR: res://scripts/tests/ui_integration_test.gd:0" type="ABORT">
<![CDATA[
Godot Runtime Error !
Error: 'Invalid call. Nonexistent function 'set_atoms (via call)' in base 'MeshInstance3D'.'
	at res://scripts/construction/atom_placement_manager.gd:568
]]>
			</error>
			<error message="ERROR: res://scripts/tests/ui_integration_test.gd:0" type="ABORT">
<![CDATA[
Godot Runtime Error !
Error: 'Invalid call. Nonexistent function 'set_atoms (via call)' in base 'MeshInstance3D'.'
	at res://scripts/construction/atom_placement_manager.gd:568
]]>
			</error>
			<error message="ERROR: res://scripts/tests/ui_integration_test.gd:0" type="ABORT">
<![CDATA[
Godot Runtime Error !
Error: 'Invalid call. Nonexistent function 'set_atoms (via call)' in base 'MeshInstance3D'.'
	at res://scripts/construction/atom_placement_manager.gd:568
]]>
			</error>
			<error message="ERROR: res://scripts/tests/ui_integration_test.gd:0" type="ABORT">
<![CDATA[
Godot Runtime Error !
Error: 'Invalid call. Nonexistent function 'set_atoms (via call)' in base 'MeshInstance3D'.'
	at res://scripts/construction/atom_placement_manager.gd:568
]]>
			</error>
			<error message="ERROR: res://scripts/tests/ui_integration_test.gd:0" type="ABORT">
<![CDATA[
Godot Runtime Error !
Error: 'Invalid call. Nonexistent function 'set_atoms (via call)' in base 'MeshInstance3D'.'
	at res://scripts/construction/atom_placement_manager.gd:568
]]>
			</error>
			<error message="ERROR: res://scripts/tests/ui_integration_test.gd:0" type="ABORT">
<![CDATA[
Godot Runtime Error !
Error: 'Invalid call. Nonexistent function 'set_atoms (via call)' in base 'MeshInstance3D'.'
	at res://scripts/construction/atom_placement_manager.gd:568
]]>
			</error>
			<error message="ERROR: res://scripts/tests/ui_integration_test.gd:0" type="ABORT">
<![CDATA[
Godot Runtime Error !
Error: 'Invalid call. Nonexistent function 'set_atoms (via call)' in base 'MeshInstance3D'.'
	at res://scripts/construction/atom_placement_manager.gd:568
]]>
			</error>
			<error message="ERROR: res://scripts/tests/ui_integration_test.gd:0" type="ABORT">
<![CDATA[
Godot Runtime Error !
Error: 'Invalid call. Nonexistent function 'set_atoms (via call)' in base 'MeshInstance3D'.'
	at res://scripts/construction/atom_placement_manager.gd:568
]]>
			</error>
			<error message="ERROR: res://scripts/tests/ui_integration_test.gd:0" type="ABORT">
<![CDATA[
Godot Runtime Error !
Error: 'Invalid call. Nonexistent function 'set_atoms (via call)' in base 'MeshInstance3D'.'
	at res://scripts/construction/atom_placement_manager.gd:568
]]>
			</error>
			<error message="ERROR: res://scripts/tests/ui_integration_test.gd:0" type="ABORT">
<![CDATA[
Godot Runtime Error !
Error: 'Invalid call. Nonexistent function 'set_atoms (via call)' in base 'MeshInstance3D'.'
	at res://scripts/construction/atom_placement_manager.gd:568
]]>
			</error>
			<error message="ERROR: res://scripts/tests/ui_integration_test.gd:0" type="ABORT">
<![CDATA[
Godot Runtime Error !
Error: 'Invalid call. Nonexistent function 'set_atoms (via call)' in base 'MeshInstance3D'.'
	at res://scripts/construction/atom_placement_manager.gd:568
]]>
			</error>
			<error message="ERROR: res://scripts/tests/ui_integration_test.gd:0" type="ABORT">
<![CDATA[
Godot Runtime Error !
Error: 'Invalid call. Nonexistent function 'set_atoms (via call)' in base 'MeshInstance3D'.'
	at res://scripts/construction/atom_placement_manager.gd:568
]]>
			</error>
			<error message="ERROR: res://scripts/tests/ui_integration_test.gd:0" type="ABORT">
<![CDATA[
Godot Runtime Error !
Error: 'Invalid call. Nonexistent function 'set_atoms (via call)' in base 'MeshInstance3D'.'
	at res://scripts/construction/atom_placement_manager.gd:568
]]>
			</error>
			<error message="ERROR: res://scripts/tests/ui_integration_test.gd:0" type="ABORT">
<![CDATA[
Godot Runtime Error !
Error: 'Invalid call. Nonexistent function 'set_atoms (via call)' in base 'MeshInstance3D'.'
	at res://scripts/construction/atom_placement_manager.gd:568
]]>
			</error>
			<error message="ERROR: res://scripts/tests/ui_integration_test.gd:0" type="ABORT">
<![CDATA[
Godot Runtime Error !
Error: 'Invalid call. Nonexistent function 'set_atoms (via call)' in base 'MeshInstance3D'.'
	at res://scripts/construction/atom_placement_manager.gd:568
]]>
			</error>
			<error message="ERROR: res://scripts/tests/ui_integration_test.gd:0" type="ABORT">
<![CDATA[
Godot Runtime Error !
Error: 'Invalid call. Nonexistent function 'set_atoms (via call)' in base 'MeshInstance3D'.'
	at res://scripts/construction/atom_placement_manager.gd:568
]]>
			</error>
			<error message="ERROR: res://scripts/tests/ui_integration_test.gd:0" type="ABORT">
<![CDATA[
Godot Runtime Error !
Error: 'Invalid call. Nonexistent function 'set_atoms (via call)' in base 'MeshInstance3D'.'
	at res://scripts/construction/atom_placement_manager.gd:568
]]>
			</error>
			<error message="ERROR: res://scripts/tests/ui_integration_test.gd:0" type="ABORT">
<![CDATA[
Godot Runtime Error !
Error: 'Invalid call. Nonexistent function 'set_atoms (via call)' in base 'MeshInstance3D'.'
	at res://scripts/construction/atom_placement_manager.gd:568
]]>
			</error>
			<error message="ERROR: res://scripts/tests/ui_integration_test.gd:0" type="ABORT">
<![CDATA[
Godot Runtime Error !
Error: 'Invalid call. Nonexistent function 'set_atoms (via call)' in base 'MeshInstance3D'.'
	at res://scripts/construction/atom_placement_manager.gd:568
]]>
			</error>
			<error message="ERROR: res://scripts/tests/ui_integration_test.gd:0" type="ABORT">
<![CDATA[
Godot Runtime Error !
Error: 'Invalid call. Nonexistent function 'set_atoms (via call)' in base 'MeshInstance3D'.'
	at res://scripts/construction/atom_placement_manager.gd:568
]]>
			</error>
			<error message="ERROR: res://scripts/tests/ui_integration_test.gd:0" type="ABORT">
<![CDATA[
Godot Runtime Error !
Error: 'Invalid call. Nonexistent function 'set_atoms (via call)' in base 'MeshInstance3D'.'
	at res://scripts/construction/atom_placement_manager.gd:568
]]>
			</error>
			<error message="ERROR: res://scripts/tests/ui_integration_test.gd:0" type="ABORT">
<![CDATA[
Godot Runtime Error !
Error: 'Invalid call. Nonexistent function 'set_atoms (via call)' in base 'MeshInstance3D'.'
	at res://scripts/construction/atom_placement_manager.gd:568
]]>
			</error>
			<error message="ERROR: res://scripts/tests/ui_integration_test.gd:0" type="ABORT">
<![CDATA[
Godot Runtime Error !
Error: 'Invalid call. Nonexistent function 'set_atoms (via call)' in base 'MeshInstance3D'.'
	at res://scripts/construction/atom_placement_manager.gd:568
]]>
			</error>
			<error message="ERROR: res://scripts/tests/ui_integration_test.gd:0" type="ABORT">
<![CDATA[
Godot Runtime Error !
Error: 'Invalid call. Nonexistent function 'set_atoms (via call)' in base 'MeshInstance3D'.'
	at res://scripts/construction/atom_placement_manager.gd:568
]]>
			</error>
			<error message="ERROR: res://scripts/tests/ui_integration_test.gd:0" type="ABORT">
<![CDATA[
Godot Runtime Error !
Error: 'Invalid call. Nonexistent function 'set_atoms (via call)' in base 'MeshInstance3D'.'
	at res://scripts/construction/atom_placement_manager.gd:568
]]>
			</error>
			<error message="ERROR: res://scripts/tests/ui_integration_test.gd:0" type="ABORT">
<![CDATA[
Godot Runtime Error !
Error: 'Invalid call. Nonexistent function 'set_atoms (via call)' in base 'MeshInstance3D'.'
	at res://scripts/construction/atom_placement_manager.gd:568
]]>
			</error>
			<error message="ERROR: res://scripts/tests/ui_integration_test.gd:0" type="ABORT">
<![CDATA[
Godot Runtime Error !
Error: 'Invalid call. Nonexistent function 'set_atoms (via call)' in base 'MeshInstance3D'.'
	at res://scripts/construction/atom_placement_manager.gd:568
]]>
			</error>
			<error message="ERROR: res://scripts/tests/ui_integration_test.gd:0" type="ABORT">
<![CDATA[
Godot Runtime Error !
Error: 'Invalid call. Nonexistent function 'set_atoms (via call)' in base 'MeshInstance3D'.'
	at res://scripts/construction/atom_placement_manager.gd:568
]]>
			</error>
			<error message="ERROR: res://scripts/tests/ui_integration_test.gd:0" type="ABORT">
<![CDATA[
Godot Runtime Error !
Error: 'Invalid call. Nonexistent function 'set_atoms (via call)' in base 'MeshInstance3D'.'
	at res://scripts/construction/atom_placement_manager.gd:568
]]>
			</error>
			<error message="ERROR: res://scripts/tests/ui_integration_test.gd:0" type="ABORT">
<![CDATA[
Godot Runtime Error !
Error: 'Invalid call. Nonexistent function 'set_atoms (via call)' in base 'MeshInstance3D'.'
	at res://scripts/construction/atom_placement_manager.gd:568
]]>
			</error>
			<error message="ERROR: res://scripts/tests/ui_integration_test.gd:0" type="ABORT">
<![CDATA[
Godot Runtime Error !
Error: 'Invalid call. Nonexistent function 'set_atoms (via call)' in base 'MeshInstance3D'.'
	at res://scripts/construction/atom_placement_manager.gd:568
]]>
			</error>
			<error message="ERROR: res://scripts/tests/ui_integration_test.gd:0" type="ABORT">
<![CDATA[
Godot Runtime Error !
Error: 'Invalid call. Nonexistent function 'set_atoms (via call)' in base 'MeshInstance3D'.'
	at res://scripts/construction/atom_placement_manager.gd:568
]]>
			</error>
			<error message="ERROR: res://scripts/tests/ui_integration_test.gd:0" type="ABORT">
<![CDATA[
Godot Runtime Error !
Error: 'Invalid call. Nonexistent function 'set_atoms (via call)' in base 'MeshInstance3D'.'
	at res://scripts/construction/atom_placement_manager.gd:568
]]>
			</error>
			<error message="ERROR: res://scripts/tests/ui_integration_test.gd:0" type="ABORT">
<![CDATA[
Godot Runtime Error !
Error: 'Invalid call. Nonexistent function 'set_atoms (via call)' in base 'MeshInstance3D'.'
	at res://scripts/construction/atom_placement_manager.gd:568
]]>
			</error>
			<error message="ERROR: res://scripts/tests/ui_integration_test.gd:0" type="ABORT">
<![CDATA[
Godot Runtime Error !
Error: 'Invalid call. Nonexistent function 'set_atoms (via call)' in base 'MeshInstance3D'.'
	at res://scripts/construction/atom_placement_manager.gd:568
]]>
			</error>
			<error message="ERROR: res://scripts/tests/ui_integration_test.gd:0" type="ABORT">
<![CDATA[
Godot Runtime Error !
Error: 'Invalid call. Nonexistent function 'set_atoms (via call)' in base 'MeshInstance3D'.'
	at res://scripts/construction/atom_placement_manager.gd:568
]]>
			</error>
		</testcase>
		<testcase name="test_verification_panel_interaction" classname="ui_integration_test" time="7.879">
		</testcase>
		<testcase name="test_conservation_state_change_audio_chain" classname="ui_integration_test" time="1.524">
		</testcase>
		<testcase name="test_substitute_atom_via_ui" classname="ui_integration_test" time="1.613">
		</testcase>
		<testcase name="test_next_level_button_signal" classname="ui_integration_test" time="1.993">
		</testcase>
		<testcase name="test_rapid_level_switching" classname="ui_integration_test" time="3.851">
		</testcase>
		<testcase name="test_disintegration_chain" classname="ui_integration_test" time="1.353">
		</testcase>
		<testcase name="test_camera_focus_on" classname="ui_integration_test" time="1.171">
		</testcase>
		<testcase name="test_camera_distance_api" classname="ui_integration_test" time="1.058">
		</testcase>
		<testcase name="test_camera_cycle_scale_direct" classname="ui_integration_test" time="1.221">
		</testcase>
		<testcase name="test_camera_apply_level_scale" classname="ui_integration_test" time="1.353">
		</testcase>
		<testcase name="test_camera_orbit_api" classname="ui_integration_test" time="1.343">
		</testcase>
		<testcase name="test_fog_create_semi_decidable" classname="ui_integration_test" time="0.566">
		</testcase>
		<testcase name="test_fog_create_undecidable" classname="ui_integration_test" time="0.347">
		</testcase>
		<testcase name="test_fog_create_independent" classname="ui_integration_test" time="0.328">
		</testcase>
		<testcase name="test_fog_created_signal" classname="ui_integration_test" time="0.365">
		</testcase>
		<testcase name="test_conservation_perturbation_changes_matrix" classname="ui_integration_test" time="0.329">
		</testcase>
		<testcase name="test_conservation_tune_api" classname="ui_integration_test" time="0.345">
		</testcase>
		<testcase name="test_conservation_tune_out_of_range" classname="ui_integration_test" time="0.364">
		</testcase>
		<testcase name="test_conservation_set_get_entry" classname="ui_integration_test" time="0.375">
		</testcase>
		<testcase name="test_conservation_deviation_summary" classname="ui_integration_test" time="0.353">
		</testcase>
		<testcase name="test_conservation_reset_to_safe_state" classname="ui_integration_test" time="0.388">
		</testcase>
		<testcase name="test_conservation_state_color" classname="ui_integration_test" time="0.348">
		</testcase>
		<testcase name="test_tool_panel_buttons_exist" classname="ui_integration_test" time="1.580">
		</testcase>
		<testcase name="test_tool_panel_extra_buttons_created" classname="ui_integration_test" time="2.344">
		</testcase>
		<testcase name="test_tool_panel_active_tool_highlight" classname="ui_integration_test" time="2.243">
		</testcase>
		<testcase name="test_tool_panel_on_tool_changed" classname="ui_integration_test" time="1.337">
		</testcase>
		<testcase name="test_tool_panel_contextual_tools" classname="ui_integration_test" time="1.354">
		</testcase>
		<testcase name="test_proof_panel_methods_exist" classname="ui_integration_test" time="0.917">
		</testcase>
		<testcase name="test_proof_panel_rebuild_after_add" classname="ui_integration_test" time="0.930">
		</testcase>
		<testcase name="test_objective_panel_methods_exist" classname="ui_integration_test" time="0.951">
		</testcase>
		<testcase name="test_objective_panel_collapse_toggle" classname="ui_integration_test" time="1.220">
		</testcase>
		<testcase name="test_objective_panel_test_signal" classname="ui_integration_test" time="1.380">
		</testcase>
		<testcase name="test_conservation_hud_methods_exist" classname="ui_integration_test" time="0.962">
		</testcase>
		<testcase name="test_conservation_hud_flash_row" classname="ui_integration_test" time="0.927">
		</testcase>
		<testcase name="test_canvas_set_tool_rejects_invalid_index" classname="ui_integration_test" time="0.964">
		</testcase>
		<testcase name="test_canvas_get_current_element_info" classname="ui_integration_test" time="0.952">
		</testcase>
		<testcase name="test_canvas_clear_structure" classname="ui_integration_test" time="1.149">
		</testcase>
		<testcase name="test_canvas_set_space_group" classname="ui_integration_test" time="1.845">
		</testcase>
		<testcase name="test_canvas_tune_matrix_row" classname="ui_integration_test" time="0.982">
		</testcase>
		<testcase name="test_canvas_detonate_atom" classname="ui_integration_test" time="1.420">
		</testcase>
		<testcase name="test_canvas_codex_interfaces" classname="ui_integration_test" time="0.930">
		</testcase>
		<testcase name="test_canvas_get_effect_manager" classname="ui_integration_test" time="0.933">
		</testcase>
		<testcase name="test_canvas_signal_connections" classname="ui_integration_test" time="0.932">
		</testcase>
		<testcase name="test_atom_mgr_substitute_to" classname="ui_integration_test" time="1.416">
		</testcase>
		<testcase name="test_atom_mgr_restore_atom" classname="ui_integration_test" time="1.386">
		</testcase>
		<testcase name="test_atom_mgr_select_atom" classname="ui_integration_test" time="0.971">
		</testcase>
		<testcase name="test_atom_mgr_set_level_elements" classname="ui_integration_test" time="0.911">
		</testcase>
		<testcase name="test_level_manager_register_atom" classname="ui_integration_test" time="0.920">
		</testcase>
		<testcase name="test_level_manager_register_bond" classname="ui_integration_test" time="0.936">
		</testcase>
		<testcase name="test_level_manager_register_assembly" classname="ui_integration_test" time="0.934">
		</testcase>
		<testcase name="test_level_manager_register_path_node" classname="ui_integration_test" time="0.969">
		</testcase>
		<testcase name="test_level_manager_register_ca_step" classname="ui_integration_test" time="0.925">
		</testcase>
		<testcase name="test_level_manager_register_ca_seed_save" classname="ui_integration_test" time="0.925">
		</testcase>
		<testcase name="test_level_manager_forbidden_tools_api" classname="ui_integration_test" time="0.911">
		</testcase>
		<testcase name="test_level_manager_constraint_status" classname="ui_integration_test" time="0.903">
		</testcase>
		<testcase name="test_level_manager_goal_progress" classname="ui_integration_test" time="0.895">
		</testcase>
		<testcase name="test_level_manager_metrics_api" classname="ui_integration_test" time="0.899">
		</testcase>
		<testcase name="test_level_manager_test_structure" classname="ui_integration_test" time="1.139">
		</testcase>
		<testcase name="test_level_manager_available_tools" classname="ui_integration_test" time="1.341">
		</testcase>
		<testcase name="test_level_manager_domain_info" classname="ui_integration_test" time="1.216">
		</testcase>
		<testcase name="test_level_manager_scale_info" classname="ui_integration_test" time="1.223">
		</testcase>
		<testcase name="test_game_toggle_fog_overlay" classname="ui_integration_test" time="1.662">
		</testcase>
		<testcase name="test_game_level_complete_popup_structure" classname="ui_integration_test" time="2.012">
		</testcase>
		<testcase name="test_game_level_failed_popup_structure" classname="ui_integration_test" time="1.169">
		</testcase>
		<testcase name="test_game_on_level_completed_updates_popup" classname="ui_integration_test" time="1.965">
		</testcase>
		<testcase name="test_game_on_level_failed_sets_reason" classname="ui_integration_test" time="1.504">
		</testcase>
		<testcase name="test_game_on_level_loaded_music_switch" classname="ui_integration_test" time="1.644">
		</testcase>
		<testcase name="test_game_hint_bar_exists" classname="ui_integration_test" time="0.927">
		</testcase>
		<testcase name="test_game_chapter_transition_exists" classname="ui_integration_test" time="0.909">
		</testcase>
		<testcase name="test_level_manager_mark_verification_done" classname="ui_integration_test" time="0.973">
		</testcase>
		<testcase name="test_level_manager_verify_goals" classname="ui_integration_test" time="0.965">
		</testcase>
		<testcase name="test_level_manager_check_goals" classname="ui_integration_test" time="1.151">
		</testcase>
		<testcase name="test_ca_seed_save_list" classname="ui_integration_test" time="1.895">
		</testcase>
		<testcase name="test_ca_seed_load" classname="ui_integration_test" time="1.851">
		</testcase>
		<testcase name="test_ca_seed_export_import" classname="ui_integration_test" time="1.674">
		</testcase>
		<testcase name="test_sandbox_manager_exists" classname="ui_integration_test" time="1.356">
		</testcase>
		<testcase name="test_undo_redo_manager_exists" classname="ui_integration_test" time="1.307">
		</testcase>
		<testcase name="test_undo_redo_clear" classname="ui_integration_test" time="1.898">
		</testcase>
		<testcase name="test_verification_animator_exists" classname="ui_integration_test" time="1.216">
		</testcase>
		<testcase name="test_verification_animator_initial_state" classname="ui_integration_test" time="1.196">
		</testcase>
		<testcase name="test_end_to_end_place_delete_undo_redo" classname="ui_integration_test" time="2.066">
		</testcase>
	</testsuite>
</testsuites>
